#
# There is insufficient memory for the Java Runtime Environment to continue.
# Native memory allocation (mmap) failed to map 132120576 bytes for G1 virtual space
# Possible reasons:
#   The system is out of physical RAM or swap space
#   The process is running with CompressedOops enabled, and the Java Heap may be blocking the growth of the native heap
# Possible solutions:
#   Reduce memory load on the system
#   Increase physical memory or swap space
#   Check if swap backing store is full
#   Decrease Java heap size (-Xmx/-Xms)
#   Decrease number of Java threads
#   Decrease Java thread stack sizes (-Xss)
#   Set larger code cache with -XX:ReservedCodeCacheSize=
#   JVM is running with Unscaled Compressed Oops mode in which the Java heap is
#     placed in the first 4GB address space. The Java Heap base address is the
#     maximum limit for the native heap growth. Please use -XX:HeapBaseMinAddress
#     to set the Java Heap base and to place the Java Heap above 4GB virtual address.
# This output file may be truncated or incomplete.
#
#  Out of Memory Error (os_windows.cpp:3530), pid=9468, tid=15780
#
# JRE version:  (18.0.2.1+1) (build )
# Java VM: OpenJDK 64-Bit Server VM (18.0.2.1+1, mixed mode, emulated-client, sharing, tiered, compressed oops, compressed class ptrs, g1 gc, windows-amd64)
# No core dump will be written. Minidumps are not enabled by default on client versions of Windows
#

---------------  S U M M A R Y ------------

Command Line: -XX:TieredStopAtLevel=1 -Dspring.output.ansi.enabled=always -Dcom.sun.management.jmxremote -Dspring.jmx.enabled=true -Dspring.liveBeansView.mbeanDomain -Dspring.application.admin.enabled=true -Dmanagement.endpoints.jmx.exposure.include=* -javaagent:C:\Program Files\JetBrains\IntelliJ IDEA 2022.3.3\lib\idea_rt.jar=63910:C:\Program Files\JetBrains\IntelliJ IDEA 2022.3.3\bin -Dfile.encoding=UTF-8 -Dsun.stdout.encoding=UTF-8 -Dsun.stderr.encoding=UTF-8 com.blog.BlogapiApplication

Host: Intel(R) Core(TM) i5-1035G1 CPU @ 1.00GHz, 8 cores, 7G,  Windows 10 , 64 bit Build 19041 (10.0.19041.3636)
Time: Tue Feb 20 15:59:53 2024  Windows 10 , 64 bit Build 19041 (10.0.19041.3636) elapsed time: 0.064783 seconds (0d 0h 0m 0s)

---------------  T H R E A D  ---------------

Current thread (0x000001ae724b38e0):  JavaThread "Unknown thread" [_thread_in_vm, id=15780, stack(0x000000502cb00000,0x000000502cc00000)]

Stack: [0x000000502cb00000,0x000000502cc00000]
Native frames: (J=compiled Java code, j=interpreted, Vv=VM code, C=native code)
V  [jvm.dll+0x69d85a]
V  [jvm.dll+0x84c43d]
V  [jvm.dll+0x84dd4e]
V  [jvm.dll+0x84e403]
V  [jvm.dll+0x25f65f]
V  [jvm.dll+0x69a6c9]
V  [jvm.dll+0x68f1fa]
V  [jvm.dll+0x32546b]
V  [jvm.dll+0x32ce76]
V  [jvm.dll+0x3818ce]
V  [jvm.dll+0x381aff]
V  [jvm.dll+0x2fd10a]
V  [jvm.dll+0x2fe16d]
V  [jvm.dll+0x81b090]
V  [jvm.dll+0x38ec61]
V  [jvm.dll+0x7f9d63]
V  [jvm.dll+0x4109cf]
V  [jvm.dll+0x412481]
C  [jli.dll+0x5267]
C  [ucrtbase.dll+0x21bb2]
C  [KERNEL32.DLL+0x17344]
C  [ntdll.dll+0x526b1]


---------------  P R O C E S S  ---------------

Threads class SMR info:
_java_thread_list=0x00007ff905f3ee10, length=0, elements={
}

Java Threads: ( => current thread )

Other Threads:
  0x000001ae7250ff00 WorkerThread "GC Thread#0" [stack: 0x000000502cc00000,0x000000502cd00000] [id=13360]
  0x000001ae72520680 ConcurrentGCThread "G1 Main Marker" [stack: 0x000000502cd00000,0x000000502ce00000] [id=31328]
  0x000001ae72521720 WorkerThread "G1 Conc#0" [stack: 0x000000502ce00000,0x000000502cf00000] [id=26984]

[error occurred during error reporting (printing all threads), id 0xc0000005, EXCEPTION_ACCESS_VIOLATION (0xc0000005) at pc=0x00007ff9056fd737]

VM state: not at safepoint (not fully initialized)

VM Mutex/Monitor currently owned by a thread:  ([mutex/lock_event])
[0x000001ae724af730] Heap_lock - owner thread: 0x000001ae724b38e0

Heap address: 0x0000000083600000, size: 1994 MB, Compressed Oops mode: 32-bit

CDS archive(s) mapped at: [0x0000000000000000-0x0000000000000000-0x0000000000000000), size 0, SharedBaseAddress: 0x0000000800000000, ArchiveRelocationMode: 0.
Narrow klass base: 0x0000000000000000, Narrow klass shift: 0, Narrow klass range: 0x0

GC Precious Log:
 CardTable entry size: 512
 Card Set container configuration: InlinePtr #cards 5 size 8 Array Of Cards #cards 12 size 40 Howl #buckets 4 coarsen threshold 1843 Howl Bitmap #cards 512 size 80 coarsen threshold 460 Card regions per heap region 1 cards per card region 2048

Heap:
 garbage-first heap   total 0K, used 0K [0x0000000083600000, 0x0000000100000000)
  region size 1024K, 0 young (0K), 0 survivors (0K)

[error occurred during error reporting (printing heap information), id 0xc0000005, EXCEPTION_ACCESS_VIOLATION (0xc0000005) at pc=0x00007ff905ae5c69]

GC Heap History (0 events):
No events

Deoptimization events (0 events):
No events

Classes loaded (0 events):
No events

Classes unloaded (0 events):
No events

Classes redefined (0 events):
No events

Internal exceptions (0 events):
No events

VM Operations (0 events):
No events

Events (1 events):
Event: 0.044 Loaded shared library C:\Users\com\.jdks\temurin-18.0.2.1\bin\java.dll


Dynamic libraries:
0x00007ff625a20000 - 0x00007ff625a2e000 	C:\Users\com\.jdks\temurin-18.0.2.1\bin\java.exe
0x00007ff960350000 - 0x00007ff960548000 	C:\WINDOWS\SYSTEM32\ntdll.dll
0x00007ff960250000 - 0x00007ff96030d000 	C:\WINDOWS\System32\KERNEL32.DLL
0x00007ff95da80000 - 0x00007ff95dd76000 	C:\WINDOWS\System32\KERNELBASE.dll
0x00007ff95df10000 - 0x00007ff95e010000 	C:\WINDOWS\System32\ucrtbase.dll
0x00007ff9529c0000 - 0x00007ff9529d9000 	C:\Users\com\.jdks\temurin-18.0.2.1\bin\VCRUNTIME140.dll
0x00007ff953aa0000 - 0x00007ff953ab7000 	C:\Users\com\.jdks\temurin-18.0.2.1\bin\jli.dll
0x00007ff95f8a0000 - 0x00007ff95fa3e000 	C:\WINDOWS\System32\USER32.dll
0x00007ff95da20000 - 0x00007ff95da42000 	C:\WINDOWS\System32\win32u.dll
0x00007ff95e700000 - 0x00007ff95e72c000 	C:\WINDOWS\System32\GDI32.dll
0x00007ff95e170000 - 0x00007ff95e28a000 	C:\WINDOWS\System32\gdi32full.dll
0x00007ff95e300000 - 0x00007ff95e39d000 	C:\WINDOWS\System32\msvcp_win.dll
0x00007ff93cc10000 - 0x00007ff93ceaa000 	C:\WINDOWS\WinSxS\amd64_microsoft.windows.common-controls_6595b64144ccf1df_6.0.19041.3636_none_60b6a03d71f818d5\COMCTL32.dll
0x00007ff95f4f0000 - 0x00007ff95f58e000 	C:\WINDOWS\System32\msvcrt.dll
0x00007ff95e5a0000 - 0x00007ff95e5d0000 	C:\WINDOWS\System32\IMM32.DLL
0x00007ff954430000 - 0x00007ff95443c000 	C:\Users\com\.jdks\temurin-18.0.2.1\bin\vcruntime140_1.dll
0x00007ff943d40000 - 0x00007ff943dd1000 	C:\Users\com\.jdks\temurin-18.0.2.1\bin\msvcp140.dll
0x00007ff9053f0000 - 0x00007ff90607a000 	C:\Users\com\.jdks\temurin-18.0.2.1\bin\server\jvm.dll
0x00007ff960190000 - 0x00007ff960243000 	C:\WINDOWS\System32\ADVAPI32.dll
0x00007ff95efe0000 - 0x00007ff95f07f000 	C:\WINDOWS\System32\sechost.dll
0x00007ff95e5d0000 - 0x00007ff95e6f6000 	C:\WINDOWS\System32\RPCRT4.dll
0x00007ff95da50000 - 0x00007ff95da77000 	C:\WINDOWS\System32\bcrypt.dll
0x00007ff95e910000 - 0x00007ff95e918000 	C:\WINDOWS\System32\PSAPI.DLL
0x00007ff93fe40000 - 0x00007ff93fe67000 	C:\WINDOWS\SYSTEM32\WINMM.dll
0x00007ff952c70000 - 0x00007ff952c7a000 	C:\WINDOWS\SYSTEM32\VERSION.dll
0x00007ff9381c0000 - 0x00007ff9381c9000 	C:\WINDOWS\SYSTEM32\WSOCK32.dll
0x00007ff95e930000 - 0x00007ff95e99b000 	C:\WINDOWS\System32\WS2_32.dll
0x00007ff95c220000 - 0x00007ff95c232000 	C:\WINDOWS\SYSTEM32\kernel.appcore.dll
0x00007ff9543c0000 - 0x00007ff9543ca000 	C:\Users\com\.jdks\temurin-18.0.2.1\bin\jimage.dll
0x00007ff958740000 - 0x00007ff958924000 	C:\WINDOWS\SYSTEM32\DBGHELP.DLL
0x00007ff9386a0000 - 0x00007ff9386d4000 	C:\WINDOWS\SYSTEM32\dbgcore.DLL
0x00007ff95de30000 - 0x00007ff95deb2000 	C:\WINDOWS\System32\bcryptPrimitives.dll
0x00007ff954d90000 - 0x00007ff954d9e000 	C:\Users\com\.jdks\temurin-18.0.2.1\bin\instrument.dll
0x00007ff944290000 - 0x00007ff9442b5000 	C:\Users\com\.jdks\temurin-18.0.2.1\bin\java.dll

dbghelp: loaded successfully - version: 4.0.5 - missing functions: none
symbol engine: initialized successfully - sym options: 0x614 - pdb path: .;C:\Users\com\.jdks\temurin-18.0.2.1\bin;C:\WINDOWS\SYSTEM32;C:\WINDOWS\WinSxS\amd64_microsoft.windows.common-controls_6595b64144ccf1df_6.0.19041.3636_none_60b6a03d71f818d5;C:\Users\com\.jdks\temurin-18.0.2.1\bin\server

VM Arguments:
jvm_args: -XX:TieredStopAtLevel=1 -Dspring.output.ansi.enabled=always -Dcom.sun.management.jmxremote -Dspring.jmx.enabled=true -Dspring.liveBeansView.mbeanDomain -Dspring.application.admin.enabled=true -Dmanagement.endpoints.jmx.exposure.include=* -javaagent:C:\Program Files\JetBrains\IntelliJ IDEA 2022.3.3\lib\idea_rt.jar=63910:C:\Program Files\JetBrains\IntelliJ IDEA 2022.3.3\bin -Dfile.encoding=UTF-8 -Dsun.stdout.encoding=UTF-8 -Dsun.stderr.encoding=UTF-8 
java_command: com.blog.BlogapiApplication
java_class_path (initial): C:\dev\blogapi\build\classes\java\main;C:\dev\blogapi\build\resources\main;C:\Users\com\.gradle\caches\modules-2\files-2.1\org.projectlombok\lombok\1.18.30\f195ee86e6c896ea47a1d39defbe20eb59cd149d\lombok-1.18.30.jar;C:\Users\com\.gradle\caches\modules-2\files-2.1\org.springframework.boot\spring-boot-starter-data-jpa\3.1.8\d157dc734feb12cb2c8525d1ef67ee7cd95795aa\spring-boot-starter-data-jpa-3.1.8.jar;C:\Users\com\.gradle\caches\modules-2\files-2.1\org.springframework.boot\spring-boot-starter-web\3.1.8\f72ce8b84b6d5ea6d3cd51d629764a9597d27139\spring-boot-starter-web-3.1.8.jar;C:\Users\com\.gradle\caches\modules-2\files-2.1\org.springframework.boot\spring-boot-starter-thymeleaf\3.1.8\c24940eddc48476acb6ffa9802d59c547a82d700\spring-boot-starter-thymeleaf-3.1.8.jar;C:\Users\com\.gradle\caches\modules-2\files-2.1\org.springframework.boot\spring-boot-starter-security\3.1.8\41ba4a1845abbb915b7fa3ac6e8bf6b140670dd\spring-boot-starter-security-3.1.8.jar;C:\Users\com\.gradle\caches\modules-2\files-2.1\org.thymeleaf.extras\thymeleaf-extras-springsecurity6\3.1.2.RELEASE\574c188eb147191e2f162419e9fc780fcf3256d7\thymeleaf-extras-springsecurity6-3.1.2.RELEASE.jar;C:\Users\com\.gradle\caches\modules-2\files-2.1\io.jsonwebtoken\jjwt\0.9.1\54d2abfc3e63a28824d35bf600d6a5d627da681a\jjwt-0.9.1.jar;C:\Users\com\.gradle\caches\modules-2\files-2.1\javax.xml.bind\jaxb-api\2.3.1\8531ad5ac454cc2deb9d4d32c40c4d7451939b5d\jaxb-api-2.3.1.jar;C:\Users\com\.gradle\caches\modules-2\files-2.1\org.springframework.boot\spring-boot-starter-aop\3.1.8\64b165c608e42f99caf5cd298aeb7fdfea57a958\spring-boot-starter-aop-3.1.8.jar;C:\Users\com\.gradle\caches\modules-2\files-2.1\org.springframework.boot\spring-boot-starter-jdbc\3.1.8\206d7227773ac5d6cc841f9ddefd5c35af907e3b\spring-boot-starter-jdbc-3.1.8.jar;C:\Users\com\.gradle\caches\modules-2\files-2.1\org.hibernate.orm\hibernate-core\6.2.20.Final\3d7cd85a7402632222f84a7c804028178bc2a346\hibernate-core-6.2.20.Final.jar;C:\Users\com\.gradle\caches\modules-2\files-2.1\org.springframework.data\spring-data-jpa\3.1.8\ba81dddada13a33acc8c153c1e3c23a9f9ba2684\spring-data-jpa-3.1.8.jar;C:\Users\com\.gradle\caches\modules-2\files-2.1\org.springframework\spring-aspects\6.0.16\74eacdfb38b90d334b7fa56016c048c60314dd2c\spring-aspects-6.0.16.jar;C:\Users\com\.gradle\caches\modules-2\files-2.1\org.springframework.boot\spring-boot-starter-json\3.1.8\2803ff01bc49652a7bf197a3c971988153502368\spring-boot-starter-json-3.1.8.jar;C:\Users\com\.gradle\caches\modules-2\files-2.1\org.springframework.boot\spring-boot-starter\3.1.8\7f2837e46b9d9938da97c878b8de73c685ffb264\spring-boot-starter-3.1.8.jar;C:\Users\com\.gradle\caches\modules-2\files-2.1\org.springframework.boot\spring-boot-starter-tomcat\3.1.8\f4cd8c2361fbff1bfeb4959a8a18f025c392ec52\spring-boot-starter-tomcat-3.1.8.jar;C:\Users\com\.gradle\caches\modules-2\files-2.1\org.springframework\spring-webmvc\6.0.16\ba963c2a99b05b9b3521165f053fb5175ea85fb\spring-webmvc-6.0.16.jar;C:\Users\com\.gradle\caches\modules-2\files-2.1\org.springframework\spring-web\6.0.16\354ff97cc64bebaaca04a56cd0db6472ab662038\spring-web-6.0.16.jar;C:\Users\com\.gradle\caches\modules-2\files-2.1\org.thymeleaf\thymeleaf-spring6\3.1.2.RELEASE\6030c7b4e260c41336f378e53da6e8531263f24b\thymeleaf-spring6-3.1.2.RELEASE.jar;C:\Users\com\.gradle\caches\modules-2\files-2.1\org.springframework.security\spring-security-web\6.1.6\f1c7c69784db9217f3e2e8fd0461f8611036e65\spring-security-web-6.1.6.jar;C:\Users\com\.gradle\caches\modules-2\files-2.1\org.springframework.security\spring-security-config\6.1.6\c26e284a890586ba7948406fea2ae7acab3a53a4\spring-security-config-6.1.6.jar;C:\Users\com\.gradle\caches\modules-2\files-2.1\org.springframework\spring-aop\6.0.16\8f46fb83c96bda33e1da55137b0b398068e35106\spring-aop-6.0.16.jar;C:\Users\com\.gradle\caches\modules-2\files-2.1\org.slf4j\slf4j-api\2.0.11\ad96c3f8cf895e696dd35c2bc8e8ebe710be9e6d\slf4j-api-2.0.11.jar;C:\Users\com\.gradle\caches\modules-2\files-2.1\com.fasterxml.jackson.core\jackson-databind\2.15.3\a734bc2c47a9453c4efa772461a3aeb273c010d9\jackson-databind-2.15.3.jar;C:\Users\com\.gradle\caches\modules-2\files-2.1\javax.activation\javax.activation-api\1.2.0\85262acf3ca9816f9537ca47d5adeabaead7cb16\javax.activation-api-1.2.0.jar;C:\Users\com\.gradle\caches\modules-2\files-2.1\org.aspectj\aspectjweaver\1.9.21\beaabaea95c7f3330f415c72ee0ffe79b51d172f\aspectjweaver-1.9.21.jar;C:\Users\com\.gradle\caches\modules-2\files-2.1\com.zaxxer\HikariCP\5.0.1\a74c7f0a37046846e88d54f7cb6ea6d565c65f9c\HikariCP-5.0.1.jar;C:\Users\com\.gradle\caches\modules-2\files-2.1\org.springframework\spring-jdbc\6.0.16\b687d71452fde03c82676c80211cfb3e176e2c01\spring-jdbc-6.0.16.jar;C:\Users\com\.gradle\caches\modules-2\files-2.1\jakarta.persistence\jakarta.persistence-api\3.1.0\66901fa1c373c6aff65c13791cc11da72060a8d6\jakarta.persistence-api-3.1.0.jar;C:\Users\com\.gradle\caches\modules-2\files-2.1\jakarta.transaction\jakarta.transaction-api\2.0.1\51a520e3fae406abb84e2e1148e6746ce3f80a1a\jakarta.transaction-api-2.0.1.jar;C:\Users\com\.gradle\caches\modules-2\files-2.1\org.springframework\spring-context\6.0.16\ae99ba3734bfb334a97b77306fe7e0d19e8f1745\spring-context-6.0.16.jar;C:\Users\com\.gradle\caches\modules-2\files-2.1\org.springframework.data\spring-data-commons\3.1.8\554cba4631b591fa9cfb9038f451207c799673b4\spring-data-commons-3.1.8.jar;C:\Users\com\.gradle\caches\modules-2\files-2.1\org.springframework\spring-orm\6.0.16\bb4ab7507319aa332f6c2a3f669661dabca735fd\spring-orm-6.0.16.jar;C:\Users\com\.gradle\caches\modules-2\files-2.1\org.springframework\spring-tx\6.0.16\bada49074f7ce56250dca06ed993ff420f4266c6\spring-tx-6.0.16.jar;C:\Users\com\.gradle\caches\modules-2\files-2.1\org.springframework\spring-beans\6.0.16\106e6c33591c20eccd3bd765092357d95b96bf71\spring-beans-6.0.16.jar;C:\Users\com\.gradle\caches\modules-2\files-2.1\org.springframework\spring-core\6.0.16\706d738de5febf643cdb845ede37aa9c5e38de72\spring-core-6.0.16.jar;C:\Users\com\.gradle\caches\modules-2\files-2.1\org.antlr\antlr4-runtime\4.10.1\10839f875928f59c622d675091d51a43ea0dc5f7\antlr4-runtime-4.10.1.jar;C:\Users\com\.gradle\caches\modules-2\files-2.1\jakarta.annotation\jakarta.annotation-api\2.1.1\48b9bda22b091b1f48b13af03fe36db3be6e1ae3\jakarta.annotation-api-2.1.1.jar;C:\Users\com\.gradle\caches\modules-2\files-2.1\com.fasterxml.jackson.datatype\jackson-datatype-jsr310\2.15.3\4a20a0e104931bfa72f24ef358c2eb63f1ef2aaf\jackson-datatype-jsr310-2.15.3.jar;C:\Users\com\.gradle\caches\modules-2\files-2.1\com.fasterxml.jackson.module\jackson-module-parameter-names\2.15.3\8d251b90c5358677e7d8161e0c2488e6f84f49da\jackson-module-parameter-names-2.15.3.jar;C:\Users\com\.gradle\caches\modules-2\files-2.1\com.fasterxml.jackson.datatype\jackson-datatype-jdk8\2.15.3\80158cb020c7bd4e4ba94d8d752a65729dc943b2\jackson-datatype-jdk8-2.15.3.jar;C:\Users\com\.gradle\caches\modules-2\files-2.1\org.springframework.boot\spring-boot-autoconfigure\3.1.8\71f2d7b7eda2657320ed14f1282da08ef971b81b\spring-boot-autoconfigure-3.1.8.jar;C:\Users\com\.gradle\caches\modules-2\files-2.1\org.springframework.boot\spring-boot\3.1.8\7a4a127cabca554a024dc821e30530e9c3f64790\spring-boot-3.1.8.jar;C:\Users\com\.gradle\caches\modules-2\files-2.1\org.springframework.boot\spring-boot-starter-logging\3.1.8\e2a7c5e2d39cca35bb9d2eb06e1688bec2536140\spring-boot-starter-logging-3.1.8.jar;C:\Users\com\.gradle\caches\modules-2\files-2.1\org.yaml\snakeyaml\1.33\2cd0a87ff7df953f810c344bdf2fe3340b954c69\snakeyaml-1.33.jar;C:\Users\com\.gradle\caches\modules-2\files-2.1\org.apache.tomcat.embed\tomcat-embed-websocket\10.1.18\83a3bc6898f2ceed2357ba231a5e83dc2016d454\tomcat-embed-websocket-10.1.18.jar;C:\Users\com\.gradle\caches\modules-2\files-2.1\org.apache.tomcat.embed\tomcat-embed-core\10.1.18\bff6c34649d1dd7b509e819794d73ba795947dcf\tomcat-embed-core-10.1.18.jar;C:\Users\com\.gradle\caches\modules-2\files-2.1\org.apache.tomcat.embed\tomcat-embed-el\10.1.18\b2c4dc05abd363c63b245523bb071727aa2f1046\tomcat-embed-el-10.1.18.jar;C:\Users\com\.gradle\caches\modules-2\files-2.1\org.springframework\spring-expression\6.0.16\2094b80746ca6284cb81b2c264a33894696d47ca\spring-expression-6.0.16.jar;C:\Users\com\.gradle\caches\modules-2\files-2.1\io.micrometer\micrometer-observation\1.11.8\2ace2bc8733d4fac6526f865b117ce9c4939a5f3\micrometer-observation-1.11.8.jar;C:\Users\com\.gradle\caches\modules-2\files-2.1\org.thymeleaf\thymeleaf\3.1.2.RELEASE\273997509a4c7aef86cee0521750140c587d9be2\thymeleaf-3.1.2.RELEASE.jar;C:\Users\com\.gradle\caches\modules-2\files-2.1\org.springframework.security\spring-security-core\6.1.6\ee2a387212dbad6ed28d9b3f65e211d8ac29b974\spring-security-core-6.1.6.jar;C:\Users\com\.gradle\caches\modules-2\files-2.1\com.fasterxml.jackson.core\jackson-annotations\2.15.3\79baf4e605eb3bbb60b1c475d44a7aecceea1d60\jackson-annotations-2.15.3.jar;C:\Users\com\.gradle\caches\modules-2\files-2.1\com.fasterxml.jackson.core\jackson-core\2.15.3\60d600567c1862840397bf9ff5a92398edc5797b\jackson-core-2.15.3.jar;C:\Users\com\.gradle\caches\modules-2\files-2.1\org.springframework\spring-jcl\6.0.16\64f1ad40c47f961e6a1ffec905d9f4f1e36c82bc\spring-jcl-6.0.16.jar;C:\Users\com\.gradle\caches\modules-2\files-2.1\ch.qos.logback\logback-classic\1.4.14\d98bc162275134cdf1518774da4a2a17ef6fb94d\logback-classic-1.4.14.jar;C:\Users\com\.gradle\caches\modules-2\files-2.1\org.apache.logging.log4j\log4j-to-slf4j\2.20.0\d37f81f8978e2672bc32c82712ab4b3f66624adc\log4j-to-slf4j-2.20.0.jar;C:\Users\com\.gradle\caches\modules-2\files-2.1\org.slf4j\jul-to-slf4j\2.0.11\279356f8e873b1a26badd8bbb3284b5c3b22c770\jul-to-slf4j-2.0.11.jar;C:\Users\com\.gradle\caches\modules-2\files-2.1\io.micrometer\micrometer-commons\1.11.8\cbaaa6cbd03ec3252316ad9530c083b46360b0f2\micrometer-commons-1.11.8.jar;C:\Users\com\.gradle\caches\modules-2\files-2.1\org.attoparser\attoparser\2.0.7.RELEASE\e5d0e988d9124139d645bb5872b24dfa23e283cc\attoparser-2.0.7.RELEASE.jar;C:\Users\com\.gradle\caches\modules-2\files-2.1\org.unbescape\unbescape\1.1.6.RELEASE\7b90360afb2b860e09e8347112800d12c12b2a13\unbescape-1.1.6.RELEASE.jar;C:\Users\com\.gradle\caches\modules-2\files-2.1\org.springframework.security\spring-security-crypto\6.1.6\c5f8de1111925d156a0edd362fd52741feb1d198\spring-security-crypto-6.1.6.jar;C:\Users\com\.gradle\caches\modules-2\files-2.1\ch.qos.logback\logback-core\1.4.14\4d3c2248219ac0effeb380ed4c5280a80bf395e8\logback-core-1.4.14.jar;C:\Users\com\.gradle\caches\modules-2\files-2.1\org.apache.logging.log4j\log4j-api\2.20.0\1fe6082e660daf07c689a89c94dc0f49c26b44bb\log4j-api-2.20.0.jar;C:\Users\com\.gradle\caches\modules-2\files-2.1\org.springframework.boot\spring-boot-devtools\3.1.8\498100d6d1134d9bd61eef94161fd7580601d5a7\spring-boot-devtools-3.1.8.jar;C:\Users\com\.gradle\caches\modules-2\files-2.1\com.mysql\mysql-connector-j\8.0.33\9e64d997873abc4318620264703d3fdb6b02dd5a\mysql-connector-j-8.0.33.jar;C:\Users\com\.gradle\caches\modules-2\files-2.1\org.jboss.logging\jboss-logging\3.5.3.Final\c88fc1d8a96d4c3491f55d4317458ccad53ca663\jboss-logging-3.5.3.Final.jar;C:\Users\com\.gradle\caches\modules-2\files-2.1\org.hibernate.common\hibernate-commons-annotations\6.0.6.Final\77a5f94b56d49508e0ee334751db5b78e5ccd50c\hibernate-commons-annotations-6.0.6.Final.jar;C:\Users\com\.gradle\caches\modules-2\files-2.1\io.smallrye\jandex\3.0.5\c548a4871b552292dbdd65409d3fda145c8925c1\jandex-3.0.5.jar;C:\Users\com\.gradle\caches\modules-2\files-2.1\com.fasterxml\classmate\1.5.1\3fe0bed568c62df5e89f4f174c101eab25345b6c\classmate-1.5.1.jar;C:\Users\com\.gradle\caches\modules-2\files-2.1\net.bytebuddy\byte-buddy\1.14.11\725602eb7c8c56b51b9c21f273f9df5c909d9e7d\byte-buddy-1.14.11.jar;C:\Users\com\.gradle\caches\modules-2\files-2.1\org.glassfish.jaxb\jaxb-runtime\4.0.4\7180c50ef8bd127bb1dd645458b906cffcf6c2b5\jaxb-runtime-4.0.4.jar;C:\Users\com\.gradle\caches\modules-2\files-2.1\jakarta.xml.bind\jakarta.xml.bind-api\4.0.1\ca2330866cbc624c7e5ce982e121db1125d23e15\jakarta.xml.bind-api-4.0.1.jar;C:\Users\com\.gradle\caches\modules-2\files-2.1\jakarta.inject\jakarta.inject-api\2.0.1\4c28afe1991a941d7702fe1362c365f0a8641d1e\jakarta.inject-api-2.0.1.jar;C:\Users\com\.gradle\caches\modules-2\files-2.1\org.glassfish.jaxb\jaxb-core\4.0.4\2d5aadd02af86f1e9d8c6f7e8501673f915d4e25\jaxb-core-4.0.4.jar;C:\Users\com\.gradle\caches\modules-2\files-2.1\jakarta.activation\jakarta.activation-api\2.1.2\640c0d5aff45dbff1e1a1bc09673ff3a02b1ba12\jakarta.activation-api-2.1.2.jar;C:\Users\com\.gradle\caches\modules-2\files-2.1\org.eclipse.angus\angus-activation\2.0.1\eaafaf4eb71b400e4136fc3a286f50e34a68ecb7\angus-activation-2.0.1.jar;C:\Users\com\.gradle\caches\modules-2\files-2.1\org.glassfish.jaxb\txw2\4.0.4\cfd2bcf08782673ac370694fdf2cf76dbaa607ef\txw2-4.0.4.jar;C:\Users\com\.gradle\caches\modules-2\files-2.1\com.sun.istack\istack-commons-runtime\4.1.2\18ec117c85f3ba0ac65409136afa8e42bc74e739\istack-commons-runtime-4.1.2.jar
Launcher Type: SUN_STANDARD

[Global flags]
     intx CICompilerCount                          = 4                                         {product} {ergonomic}
     uint ConcGCThreads                            = 2                                         {product} {ergonomic}
     uint G1ConcRefinementThreads                  = 8                                         {product} {ergonomic}
   size_t G1HeapRegionSize                         = 1048576                                   {product} {ergonomic}
    uintx GCDrainStackTargetSize                   = 64                                        {product} {ergonomic}
   size_t InitialHeapSize                          = 132120576                                 {product} {ergonomic}
     bool ManagementServer                         = true                                      {product} {command line}
   size_t MarkStackSize                            = 4194304                                   {product} {ergonomic}
   size_t MaxHeapSize                              = 2090860544                                {product} {ergonomic}
   size_t MinHeapDeltaBytes                        = 1048576                                   {product} {ergonomic}
   size_t MinHeapSize                              = 8388608                                   {product} {ergonomic}
    uintx NonProfiledCodeHeapSize                  = 0                                      {pd product} {ergonomic}
     bool ProfileInterpreter                       = false                                  {pd product} {command line}
    uintx ProfiledCodeHeapSize                     = 0                                      {pd product} {ergonomic}
   size_t SoftMaxHeapSize                          = 2090860544                             {manageable} {ergonomic}
     intx TieredStopAtLevel                        = 1                                         {product} {command line}
     bool UseCompressedClassPointers               = true                           {product lp64_product} {ergonomic}
     bool UseCompressedOops                        = true                           {product lp64_product} {ergonomic}
     bool UseG1GC                                  = true                                      {product} {ergonomic}
     bool UseLargePagesIndividualAllocation        = false                                  {pd product} {ergonomic}

Logging:
Log output configuration:
 #0: stdout all=warning uptime,level,tags foldmultilines=false
 #1: stderr all=off uptime,level,tags foldmultilines=false

Environment Variables:
JAVA_HOME=C:\dev\jdk-11.0.17
CLASSPATH=.;C:\dev\jdk-11.0.17\lib\tools.jar;
PATH=C:\app\com\product\11.2.0\dbhome_1\bin;C:\Program Files\Common Files\Oracle\Java\javapath;C:\app\com\product\18.0.0\dbhomeXE\bin;C:\Program Files (x86)\Common Files\Oracle\Java\javapath;C:\WINDOWS\system32;C:\WINDOWS;C:\WINDOWS\System32\Wbem;C:\WINDOWS\System32\WindowsPowerShell\v1.0\;C:\WINDOWS\System32\OpenSSH\;C:\dev\jdk-11.0.17\bin\;C:\Users\com\AppData\Roaming\Python\Python39\Scripts;C:\php;C:\Program Files\PuTTY\;C:\dev\apache-tomcat-9.0.71;C:\dev\apache-maven-3.9.0\bin;C:\dev\jdk-11.0.17\bin;C:\dev\jdk-11.0.17;C:\Program Files\Docker\Docker\resources\bin;C:\Users\com\AppData\Roaming\nvm;C:\Program Files\nodejs;C:\Program Files\Git\cmd;C:\Program Files\nodejs\;C:\Program Files (x86)\ePapyrus\Papyrus-PlugIn-web;C:\Program Files (x86)\ePapyrus\Papyrus-PlugIn-web\Addins;C:\Users\com\AppData\Local\Programs\Python\Python311\Scripts\;C:\Users\com\AppData\Local\Programs\Python\Python311\;C:\Users\com\AppData\Local\Programs\Python\Launcher\;C:\Users\com\AppData\Local\Programs\Python\Python38\Scripts\;C:\Users\com\AppData\Local\Programs\Python\Python38\;C:\Program Files\MySQL\MySQL Shell 8.0\bin\;C:\Users\com\AppData\Local\Programs\Python\Python310\Scripts\;C:\Users\com\AppData\Local\Programs\Python\Python310\;C:\Users\com\AppData\Local\Microsoft\WindowsApps;C:\Program Files\JetBrains\PyCharm Community Edition 2021.3\bin;C:\Users\com\AppData\Local\Programs\Microsoft VS Code\bin;C:\Program Files\Java\jdk-19\bin;C:\Program Files\JetBrains\IntelliJ IDEA Community Edition 2022.3.1\bin;C:\Program Files\JetBrains\IntelliJ IDEA 2022.3.3\bin;C:\Users\com\AppData\Local\atom\bin;C:\Users\com\AppData\Roaming\npm;C:\ProgramData\Anaconda3\Library\bin
USERNAME=com
OS=Windows_NT
PROCESSOR_IDENTIFIER=Intel64 Family 6 Model 126 Stepping 5, GenuineIntel



---------------  S Y S T E M  ---------------

OS:
 Windows 10 , 64 bit Build 19041 (10.0.19041.3636)
OS uptime: 1 days 9:55 hours
Hyper-V role detected

CPU: total 8 (initial active 8) (4 cores per cpu, 2 threads per core) family 6 model 126 stepping 5 microcode 0x56, cx8, cmov, fxsr, ht, mmx, 3dnowpref, sse, sse2, sse3, ssse3, sse4.1, sse4.2, popcnt, lzcnt, tsc, tscinvbit, avx, avx2, aes, erms, clmul, bmi1, bmi2, adx, avx512f, avx512dq, avx512cd, avx512bw, avx512vl, sha, fma, vzeroupper, avx512_vpopcntdq, avx512_vpclmulqdq, avx512_vaes, avx512_vnni, clflush, clflushopt, avx512_vbmi2, avx512_vbmi, hv

Memory: 4k page, system-wide physical 7973M (333M free)
TotalPageFile size 28083M (AvailPageFile size 89M)
current process WorkingSet (physical memory assigned to process): 11M, peak: 11M
current process commit charge ("private bytes"): 55M, peak: 181M

vm_info: OpenJDK 64-Bit Server VM (18.0.2.1+1) for windows-amd64 JRE (18.0.2.1+1), built on Aug 25 2022 17:20:57 by "" with MS VC++ 16.7 (VS2019)

END.
