#
# There is insufficient memory for the Java Runtime Environment to continue.
# Native memory allocation (malloc) failed to allocate 1309296 bytes for Chunk::new
# Possible reasons:
#   The system is out of physical RAM or swap space
#   The process is running with CompressedOops enabled, and the Java Heap may be blocking the growth of the native heap
# Possible solutions:
#   Reduce memory load on the system
#   Increase physical memory or swap space
#   Check if swap backing store is full
#   Decrease Java heap size (-Xmx/-Xms)
#   Decrease number of Java threads
#   Decrease Java thread stack sizes (-Xss)
#   Set larger code cache with -XX:ReservedCodeCacheSize=
#   JVM is running with Unscaled Compressed Oops mode in which the Java heap is
#     placed in the first 4GB address space. The Java Heap base address is the
#     maximum limit for the native heap growth. Please use -XX:HeapBaseMinAddress
#     to set the Java Heap base and to place the Java Heap above 4GB virtual address.
# This output file may be truncated or incomplete.
#
#  Out of Memory Error (./open/src/hotspot/share/memory/arena.cpp:197), pid=1664, tid=25540
#
# JRE version: Java(TM) SE Runtime Environment 18.9 (11.0.17+10) (build 11.0.17+10-LTS-269)
# Java VM: Java HotSpot(TM) 64-Bit Server VM 18.9 (11.0.17+10-LTS-269, mixed mode, tiered, compressed oops, g1 gc, windows-amd64)
# No core dump will be written. Minidumps are not enabled by default on client versions of Windows
#

---------------  S U M M A R Y ------------

Command Line: --add-opens=java.base/java.util=ALL-UNNAMED --add-opens=java.base/java.lang=ALL-UNNAMED --add-opens=java.base/java.lang.invoke=ALL-UNNAMED --add-opens=java.prefs/java.util.prefs=ALL-UNNAMED --add-opens=java.base/java.nio.charset=ALL-UNNAMED --add-opens=java.base/java.net=ALL-UNNAMED --add-opens=java.base/java.util.concurrent.atomic=ALL-UNNAMED -XX:MaxMetaspaceSize=384m -XX:+HeapDumpOnOutOfMemoryError -Xms256m -Xmx512m -Dfile.encoding=UTF-8 -Duser.country=KR -Duser.language=ko -Duser.variant -javaagent:C:\Users\com\.gradle\wrapper\dists\gradle-8.2.1-bin\5hap6b9n41hkg4jeh2au2pllh\gradle-8.2.1\lib\agents\gradle-instrumentation-agent-8.2.1.jar org.gradle.launcher.daemon.bootstrap.GradleDaemon 8.2.1

Host: Intel(R) Core(TM) i5-1035G1 CPU @ 1.00GHz, 8 cores, 7G,  Windows 10 , 64 bit Build 19041 (10.0.19041.3155)
Time: Mon Jul 31 00:36:58 2023  Windows 10 , 64 bit Build 19041 (10.0.19041.3155) elapsed time: 23.162973 seconds (0d 0h 0m 23s)

---------------  T H R E A D  ---------------

Current thread (0x00000133d95a1000):  JavaThread "C2 CompilerThread0" daemon [_thread_in_native, id=25540, stack(0x00000026eb700000,0x00000026eb800000)]


Current CompileTask:
C2:  23163 6075       4       groovy.lang.MetaClassImpl$1MOPIter::methodNameAction (325 bytes)

Stack: [0x00000026eb700000,0x00000026eb800000]
Native frames: (J=compiled Java code, j=interpreted, Vv=VM code, C=native code)
V  [jvm.dll+0x62b5da]
V  [jvm.dll+0x7653df]
V  [jvm.dll+0x766a89]
V  [jvm.dll+0x767113]
V  [jvm.dll+0x23dd28]
V  [jvm.dll+0xb2a1c]
V  [jvm.dll+0xb2fdc]
V  [jvm.dll+0x341597]
V  [jvm.dll+0x18ce51]
V  [jvm.dll+0x1f8815]
V  [jvm.dll+0x1f78fd]
V  [jvm.dll+0x177c91]
V  [jvm.dll+0x207296]
V  [jvm.dll+0x20542b]
V  [jvm.dll+0x72b2c0]
V  [jvm.dll+0x723e64]
V  [jvm.dll+0x62a485]
C  [ucrtbase.dll+0x21bb2]
C  [KERNEL32.DLL+0x17614]
C  [ntdll.dll+0x526b1]


---------------  P R O C E S S  ---------------

Threads class SMR info:
_java_thread_list=0x00000133e0810530, length=40, elements={
0x00000133bc5fa800, 0x00000133d8c77800, 0x00000133d8ca3000, 0x00000133d959a800,
0x00000133d959d800, 0x00000133d959e800, 0x00000133d95a1000, 0x00000133d95ac800,
0x00000133d95b1000, 0x00000133d9723000, 0x00000133db669800, 0x00000133db7f7800,
0x00000133db8fd000, 0x00000133dab21000, 0x00000133db6c1800, 0x00000133db823800,
0x00000133db8ea000, 0x00000133db876800, 0x00000133db8e7800, 0x00000133db87d000,
0x00000133db87e000, 0x00000133db87f000, 0x00000133db880800, 0x00000133db87f800,
0x00000133db881000, 0x00000133db87b800, 0x00000133db882000, 0x00000133db87c800,
0x00000133d9c9b800, 0x00000133d9c99000, 0x00000133d9c9a800, 0x00000133d9c9c000,
0x00000133d9c96800, 0x00000133d9c97800, 0x00000133d9c9d000, 0x00000133d9c9e000,
0x00000133d9c98000, 0x00000133d9c9e800, 0x00000133d9c99800, 0x00000133d9ca3800
}

Java Threads: ( => current thread )
  0x00000133bc5fa800 JavaThread "main" [_thread_blocked, id=9032, stack(0x00000026eab00000,0x00000026eac00000)]
  0x00000133d8c77800 JavaThread "Reference Handler" daemon [_thread_blocked, id=17612, stack(0x00000026eb200000,0x00000026eb300000)]
  0x00000133d8ca3000 JavaThread "Finalizer" daemon [_thread_blocked, id=26664, stack(0x00000026eb300000,0x00000026eb400000)]
  0x00000133d959a800 JavaThread "Signal Dispatcher" daemon [_thread_blocked, id=25132, stack(0x00000026eb400000,0x00000026eb500000)]
  0x00000133d959d800 JavaThread "Attach Listener" daemon [_thread_blocked, id=19684, stack(0x00000026eb500000,0x00000026eb600000)]
  0x00000133d959e800 JavaThread "Service Thread" daemon [_thread_blocked, id=27132, stack(0x00000026eb600000,0x00000026eb700000)]
=>0x00000133d95a1000 JavaThread "C2 CompilerThread0" daemon [_thread_in_native, id=25540, stack(0x00000026eb700000,0x00000026eb800000)]
  0x00000133d95ac800 JavaThread "C1 CompilerThread0" daemon [_thread_blocked, id=3524, stack(0x00000026eb800000,0x00000026eb900000)]
  0x00000133d95b1000 JavaThread "Sweeper thread" daemon [_thread_blocked, id=22976, stack(0x00000026eb900000,0x00000026eba00000)]
  0x00000133d9723000 JavaThread "Common-Cleaner" daemon [_thread_blocked, id=11924, stack(0x00000026eba00000,0x00000026ebb00000)]
  0x00000133db669800 JavaThread "Daemon health stats" [_thread_blocked, id=25308, stack(0x00000026ec100000,0x00000026ec200000)]
  0x00000133db7f7800 JavaThread "Incoming local TCP Connector on port 64438" [_thread_in_native, id=24620, stack(0x00000026ec200000,0x00000026ec300000)]
  0x00000133db8fd000 JavaThread "Daemon periodic checks" [_thread_blocked, id=21704, stack(0x00000026ec300000,0x00000026ec400000)]
  0x00000133dab21000 JavaThread "Daemon" [_thread_blocked, id=24012, stack(0x00000026ec400000,0x00000026ec500000)]
  0x00000133db6c1800 JavaThread "Handler for socket connection from /127.0.0.1:64438 to /127.0.0.1:64439" [_thread_in_native, id=10672, stack(0x00000026ec500000,0x00000026ec600000)]
  0x00000133db823800 JavaThread "Cancel handler" [_thread_blocked, id=21816, stack(0x00000026ec600000,0x00000026ec700000)]
  0x00000133db8ea000 JavaThread "Daemon worker" [_thread_in_native, id=13468, stack(0x00000026ec700000,0x00000026ec800000)]
  0x00000133db876800 JavaThread "Asynchronous log dispatcher for DefaultDaemonConnection: socket connection from /127.0.0.1:64438 to /127.0.0.1:64439" [_thread_blocked, id=5496, stack(0x00000026ec800000,0x00000026ec900000)]
  0x00000133db8e7800 JavaThread "Stdin handler" [_thread_blocked, id=20228, stack(0x00000026ec900000,0x00000026eca00000)]
  0x00000133db87d000 JavaThread "Daemon client event forwarder" [_thread_blocked, id=27576, stack(0x00000026eca00000,0x00000026ecb00000)]
  0x00000133db87e000 JavaThread "Cache worker for journal cache (C:\Users\com\.gradle\caches\journal-1)" [_thread_blocked, id=26788, stack(0x00000026ece00000,0x00000026ecf00000)]
  0x00000133db87f000 JavaThread "File lock request listener" [_thread_in_native, id=11760, stack(0x00000026ecf00000,0x00000026ed000000)]
  0x00000133db880800 JavaThread "Cache worker for file hash cache (C:\Users\com\.gradle\caches\8.2.1\fileHashes)" [_thread_blocked, id=25732, stack(0x00000026ed000000,0x00000026ed100000)]
  0x00000133db87f800 JavaThread "File watcher server" daemon [_thread_in_native, id=22840, stack(0x00000026ed100000,0x00000026ed200000)]
  0x00000133db881000 JavaThread "File watcher consumer" daemon [_thread_blocked, id=16192, stack(0x00000026ed200000,0x00000026ed300000)]
  0x00000133db87b800 JavaThread "jar transforms" [_thread_blocked, id=28192, stack(0x00000026ed300000,0x00000026ed400000)]
  0x00000133db882000 JavaThread "jar transforms Thread 2" [_thread_blocked, id=3424, stack(0x00000026ed400000,0x00000026ed500000)]
  0x00000133db87c800 JavaThread "jar transforms Thread 3" [_thread_blocked, id=23924, stack(0x00000026ed500000,0x00000026ed600000)]
  0x00000133d9c9b800 JavaThread "jar transforms Thread 4" [_thread_blocked, id=20588, stack(0x00000026ed600000,0x00000026ed700000)]
  0x00000133d9c99000 JavaThread "jar transforms Thread 5" [_thread_blocked, id=18364, stack(0x00000026ed700000,0x00000026ed800000)]
  0x00000133d9c9a800 JavaThread "jar transforms Thread 6" [_thread_blocked, id=25608, stack(0x00000026ed800000,0x00000026ed900000)]
  0x00000133d9c9c000 JavaThread "jar transforms Thread 7" [_thread_blocked, id=25700, stack(0x00000026ed900000,0x00000026eda00000)]
  0x00000133d9c96800 JavaThread "jar transforms Thread 8" [_thread_blocked, id=27504, stack(0x00000026eda00000,0x00000026edb00000)]
  0x00000133d9c97800 JavaThread "Cache worker for checksums cache (C:\dev\board\.gradle\8.2.1\checksums)" [_thread_blocked, id=9768, stack(0x00000026edb00000,0x00000026edc00000)]
  0x00000133d9c9d000 JavaThread "Cache worker for cache directory md-rule (C:\Users\com\.gradle\caches\8.2.1\md-rule)" [_thread_blocked, id=25136, stack(0x00000026edc00000,0x00000026edd00000)]
  0x00000133d9c9e000 JavaThread "Cache worker for file content cache (C:\Users\com\.gradle\caches\8.2.1\fileContent)" [_thread_blocked, id=3444, stack(0x00000026edd00000,0x00000026ede00000)]
  0x00000133d9c98000 JavaThread "Cache worker for file hash cache (C:\dev\board\.gradle\8.2.1\fileHashes)" [_thread_blocked, id=27752, stack(0x00000026ede00000,0x00000026edf00000)]
  0x00000133d9c9e800 JavaThread "Cache worker for cache directory md-supplier (C:\Users\com\.gradle\caches\8.2.1\md-supplier)" [_thread_blocked, id=25236, stack(0x00000026edf00000,0x00000026ee000000)]
  0x00000133d9c99800 JavaThread "Cache worker for execution history cache (C:\Users\com\.gradle\caches\8.2.1\executionHistory)" [_thread_blocked, id=23960, stack(0x00000026ee000000,0x00000026ee100000)]
  0x00000133d9ca3800 JavaThread "Cache worker for dependencies-accessors (C:\dev\board\.gradle\8.2.1\dependencies-accessors)" [_thread_blocked, id=20692, stack(0x00000026ee100000,0x00000026ee200000)]

Other Threads:
  0x00000133d8c75000 VMThread "VM Thread" [stack: 0x00000026eb100000,0x00000026eb200000] [id=4468]
  0x00000133d994e000 WatcherThread [stack: 0x00000026ebb00000,0x00000026ebc00000] [id=27156]
  0x00000133bc610800 GCTaskThread "GC Thread#0" [stack: 0x00000026eac00000,0x00000026ead00000] [id=28668]
  0x00000133da840800 GCTaskThread "GC Thread#1" [stack: 0x00000026ebc00000,0x00000026ebd00000] [id=28156]
  0x00000133da2d0800 GCTaskThread "GC Thread#2" [stack: 0x00000026ebd00000,0x00000026ebe00000] [id=19740]
  0x00000133da2d1000 GCTaskThread "GC Thread#3" [stack: 0x00000026ebe00000,0x00000026ebf00000] [id=28160]
  0x00000133da5b0800 GCTaskThread "GC Thread#4" [stack: 0x00000026ebf00000,0x00000026ec000000] [id=18476]
  0x00000133da2d2800 GCTaskThread "GC Thread#5" [stack: 0x00000026ec000000,0x00000026ec100000] [id=1288]
  0x00000133db8e8800 GCTaskThread "GC Thread#6" [stack: 0x00000026ecb00000,0x00000026ecc00000] [id=20572]
  0x00000133db875800 GCTaskThread "GC Thread#7" [stack: 0x00000026ecc00000,0x00000026ecd00000] [id=5996]
  0x00000133bc623800 ConcurrentGCThread "G1 Main Marker" [stack: 0x00000026ead00000,0x00000026eae00000] [id=24832]
  0x00000133bc625000 ConcurrentGCThread "G1 Conc#0" [stack: 0x00000026eae00000,0x00000026eaf00000] [id=20352]
  0x00000133db9fb000 ConcurrentGCThread "G1 Conc#1" [stack: 0x00000026ecd00000,0x00000026ece00000] [id=23976]
  0x00000133bc6dd800 ConcurrentGCThread "G1 Refine#0" [stack: 0x00000026eaf00000,0x00000026eb000000] [id=24400]
  0x00000133d8b06800 ConcurrentGCThread "G1 Young RemSet Sampling" [stack: 0x00000026eb000000,0x00000026eb100000] [id=24532]

Threads with active compile tasks:
C2 CompilerThread0    23256 6075       4       groovy.lang.MetaClassImpl$1MOPIter::methodNameAction (325 bytes)

VM state:not at safepoint (normal execution)

VM Mutex/Monitor currently owned by a thread: None

Heap address: 0x00000000e0000000, size: 512 MB, Compressed Oops mode: 32-bit
Narrow klass base: 0x0000000000000000, Narrow klass shift: 3
Compressed class space size: 394264576 Address: 0x0000000100000000

Heap:
 garbage-first heap   total 262144K, used 118255K [0x00000000e0000000, 0x0000000100000000)
  region size 1024K, 50 young (51200K), 8 survivors (8192K)
 Metaspace       used 55624K, capacity 57342K, committed 57596K, reserved 436224K
  class space    used 7158K, capacity 7803K, committed 7808K, reserved 385024K
Heap Regions: E=young(eden), S=young(survivor), O=old, HS=humongous(starts), HC=humongous(continues), CS=collection set, F=free, A=archive, TAMS=top-at-mark-start (previous, next)
|   0|0x00000000e0000000, 0x00000000e0100000, 0x00000000e0100000|100%|HS|  |TAMS 0x00000000e0100000, 0x00000000e0000000| Complete 
|   1|0x00000000e0100000, 0x00000000e0200000, 0x00000000e0200000|100%|HC|  |TAMS 0x00000000e0200000, 0x00000000e0100000| Complete 
|   2|0x00000000e0200000, 0x00000000e0300000, 0x00000000e0300000|100%|HC|  |TAMS 0x00000000e0300000, 0x00000000e0200000| Complete 
|   3|0x00000000e0300000, 0x00000000e0400000, 0x00000000e0400000|100%|HC|  |TAMS 0x00000000e0400000, 0x00000000e0300000| Complete 
|   4|0x00000000e0400000, 0x00000000e0500000, 0x00000000e0500000|100%| O|  |TAMS 0x00000000e0500000, 0x00000000e0400000| Untracked 
|   5|0x00000000e0500000, 0x00000000e0600000, 0x00000000e0600000|100%| O|  |TAMS 0x00000000e0600000, 0x00000000e0500000| Untracked 
|   6|0x00000000e0600000, 0x00000000e0700000, 0x00000000e0700000|100%| O|  |TAMS 0x00000000e0700000, 0x00000000e0600000| Untracked 
|   7|0x00000000e0700000, 0x00000000e0800000, 0x00000000e0800000|100%| O|  |TAMS 0x00000000e0800000, 0x00000000e0700000| Untracked 
|   8|0x00000000e0800000, 0x00000000e0900000, 0x00000000e0900000|100%| O|  |TAMS 0x00000000e0900000, 0x00000000e0800000| Untracked 
|   9|0x00000000e0900000, 0x00000000e0a00000, 0x00000000e0a00000|100%| O|  |TAMS 0x00000000e0a00000, 0x00000000e0900000| Untracked 
|  10|0x00000000e0a00000, 0x00000000e0b00000, 0x00000000e0b00000|100%| O|  |TAMS 0x00000000e0b00000, 0x00000000e0a00000| Untracked 
|  11|0x00000000e0b00000, 0x00000000e0c00000, 0x00000000e0c00000|100%| O|  |TAMS 0x00000000e0c00000, 0x00000000e0b00000| Untracked 
|  12|0x00000000e0c00000, 0x00000000e0d00000, 0x00000000e0d00000|100%| O|  |TAMS 0x00000000e0d00000, 0x00000000e0c00000| Untracked 
|  13|0x00000000e0d00000, 0x00000000e0e00000, 0x00000000e0e00000|100%| O|  |TAMS 0x00000000e0e00000, 0x00000000e0d00000| Untracked 
|  14|0x00000000e0e00000, 0x00000000e0f00000, 0x00000000e0f00000|100%| O|  |TAMS 0x00000000e0f00000, 0x00000000e0e00000| Untracked 
|  15|0x00000000e0f00000, 0x00000000e1000000, 0x00000000e1000000|100%| O|  |TAMS 0x00000000e1000000, 0x00000000e0f00000| Untracked 
|  16|0x00000000e1000000, 0x00000000e1100000, 0x00000000e1100000|100%| O|  |TAMS 0x00000000e1100000, 0x00000000e1000000| Untracked 
|  17|0x00000000e1100000, 0x00000000e1200000, 0x00000000e1200000|100%| O|  |TAMS 0x00000000e1190600, 0x00000000e1100000| Untracked 
|  18|0x00000000e1200000, 0x00000000e1300000, 0x00000000e1300000|100%|HS|  |TAMS 0x00000000e1300000, 0x00000000e1200000| Complete 
|  19|0x00000000e1300000, 0x00000000e1400000, 0x00000000e1400000|100%|HC|  |TAMS 0x00000000e1400000, 0x00000000e1300000| Complete 
|  20|0x00000000e1400000, 0x00000000e1500000, 0x00000000e1500000|100%|HS|  |TAMS 0x00000000e1500000, 0x00000000e1400000| Complete 
|  21|0x00000000e1500000, 0x00000000e1600000, 0x00000000e1600000|100%|HC|  |TAMS 0x00000000e1600000, 0x00000000e1500000| Complete 
|  22|0x00000000e1600000, 0x00000000e1700000, 0x00000000e1700000|100%|HC|  |TAMS 0x00000000e1700000, 0x00000000e1600000| Complete 
|  23|0x00000000e1700000, 0x00000000e1800000, 0x00000000e1800000|100%|HS|  |TAMS 0x00000000e1800000, 0x00000000e1700000| Complete 
|  24|0x00000000e1800000, 0x00000000e1900000, 0x00000000e1900000|100%|HC|  |TAMS 0x00000000e1900000, 0x00000000e1800000| Complete 
|  25|0x00000000e1900000, 0x00000000e1a00000, 0x00000000e1a00000|100%|HC|  |TAMS 0x00000000e1a00000, 0x00000000e1900000| Complete 
|  26|0x00000000e1a00000, 0x00000000e1b00000, 0x00000000e1b00000|100%|HC|  |TAMS 0x00000000e1b00000, 0x00000000e1a00000| Complete 
|  27|0x00000000e1b00000, 0x00000000e1c00000, 0x00000000e1c00000|100%|HC|  |TAMS 0x00000000e1c00000, 0x00000000e1b00000| Complete 
|  28|0x00000000e1c00000, 0x00000000e1d00000, 0x00000000e1d00000|100%|HC|  |TAMS 0x00000000e1d00000, 0x00000000e1c00000| Complete 
|  29|0x00000000e1d00000, 0x00000000e1e00000, 0x00000000e1e00000|100%|HS|  |TAMS 0x00000000e1e00000, 0x00000000e1d00000| Complete 
|  30|0x00000000e1e00000, 0x00000000e1f00000, 0x00000000e1f00000|100%|HS|  |TAMS 0x00000000e1f00000, 0x00000000e1e00000| Complete 
|  31|0x00000000e1f00000, 0x00000000e2000000, 0x00000000e2000000|100%|HC|  |TAMS 0x00000000e2000000, 0x00000000e1f00000| Complete 
|  32|0x00000000e2000000, 0x00000000e2100000, 0x00000000e2100000|100%|HC|  |TAMS 0x00000000e2100000, 0x00000000e2000000| Complete 
|  33|0x00000000e2100000, 0x00000000e2200000, 0x00000000e2200000|100%|HS|  |TAMS 0x00000000e2200000, 0x00000000e2100000| Complete 
|  34|0x00000000e2200000, 0x00000000e2300000, 0x00000000e2300000|100%|HC|  |TAMS 0x00000000e2300000, 0x00000000e2200000| Complete 
|  35|0x00000000e2300000, 0x00000000e2400000, 0x00000000e2400000|100%|HC|  |TAMS 0x00000000e2400000, 0x00000000e2300000| Complete 
|  36|0x00000000e2400000, 0x00000000e2500000, 0x00000000e2500000|100%|HC|  |TAMS 0x00000000e2500000, 0x00000000e2400000| Complete 
|  37|0x00000000e2500000, 0x00000000e2600000, 0x00000000e2600000|100%|HC|  |TAMS 0x00000000e2600000, 0x00000000e2500000| Complete 
|  38|0x00000000e2600000, 0x00000000e2700000, 0x00000000e2700000|100%|HC|  |TAMS 0x00000000e2700000, 0x00000000e2600000| Complete 
|  39|0x00000000e2700000, 0x00000000e2800000, 0x00000000e2800000|100%|HC|  |TAMS 0x00000000e2800000, 0x00000000e2700000| Complete 
|  40|0x00000000e2800000, 0x00000000e2900000, 0x00000000e2900000|100%|HC|  |TAMS 0x00000000e2900000, 0x00000000e2800000| Complete 
|  41|0x00000000e2900000, 0x00000000e2a00000, 0x00000000e2a00000|100%|HC|  |TAMS 0x00000000e2a00000, 0x00000000e2900000| Complete 
|  42|0x00000000e2a00000, 0x00000000e2b00000, 0x00000000e2b00000|100%|HC|  |TAMS 0x00000000e2b00000, 0x00000000e2a00000| Complete 
|  43|0x00000000e2b00000, 0x00000000e2c00000, 0x00000000e2c00000|100%|HC|  |TAMS 0x00000000e2c00000, 0x00000000e2b00000| Complete 
|  44|0x00000000e2c00000, 0x00000000e2d00000, 0x00000000e2d00000|100%|HC|  |TAMS 0x00000000e2d00000, 0x00000000e2c00000| Complete 
|  45|0x00000000e2d00000, 0x00000000e2e00000, 0x00000000e2e00000|100%|HS|  |TAMS 0x00000000e2e00000, 0x00000000e2d00000| Complete 
|  46|0x00000000e2e00000, 0x00000000e2f00000, 0x00000000e2f00000|100%|HC|  |TAMS 0x00000000e2f00000, 0x00000000e2e00000| Complete 
|  47|0x00000000e2f00000, 0x00000000e3000000, 0x00000000e3000000|100%| O|  |TAMS 0x00000000e2f00000, 0x00000000e2f00000| Untracked 
|  48|0x00000000e3000000, 0x00000000e3100000, 0x00000000e3100000|100%| O|  |TAMS 0x00000000e3000000, 0x00000000e3000000| Untracked 
|  49|0x00000000e3100000, 0x00000000e3200000, 0x00000000e3200000|100%| O|  |TAMS 0x00000000e3100000, 0x00000000e3100000| Untracked 
|  50|0x00000000e3200000, 0x00000000e3300000, 0x00000000e3300000|100%| O|  |TAMS 0x00000000e3200000, 0x00000000e3200000| Untracked 
|  51|0x00000000e3300000, 0x00000000e3400000, 0x00000000e3400000|100%| O|  |TAMS 0x00000000e3300000, 0x00000000e3300000| Untracked 
|  52|0x00000000e3400000, 0x00000000e3500000, 0x00000000e3500000|100%| O|  |TAMS 0x00000000e3400000, 0x00000000e3400000| Untracked 
|  53|0x00000000e3500000, 0x00000000e3600000, 0x00000000e3600000|100%| O|  |TAMS 0x00000000e3500000, 0x00000000e3500000| Untracked 
|  54|0x00000000e3600000, 0x00000000e3700000, 0x00000000e3700000|100%| O|  |TAMS 0x00000000e3600000, 0x00000000e3600000| Untracked 
|  55|0x00000000e3700000, 0x00000000e3800000, 0x00000000e3800000|100%| O|  |TAMS 0x00000000e3700000, 0x00000000e3700000| Untracked 
|  56|0x00000000e3800000, 0x00000000e3900000, 0x00000000e3900000|100%| O|  |TAMS 0x00000000e3800000, 0x00000000e3800000| Untracked 
|  57|0x00000000e3900000, 0x00000000e3a00000, 0x00000000e3a00000|100%| O|  |TAMS 0x00000000e3900000, 0x00000000e3900000| Untracked 
|  58|0x00000000e3a00000, 0x00000000e3b00000, 0x00000000e3b00000|100%| O|  |TAMS 0x00000000e3a00000, 0x00000000e3a00000| Untracked 
|  59|0x00000000e3b00000, 0x00000000e3c00000, 0x00000000e3c00000|100%| O|  |TAMS 0x00000000e3b00000, 0x00000000e3b00000| Untracked 
|  60|0x00000000e3c00000, 0x00000000e3d00000, 0x00000000e3d00000|100%| O|  |TAMS 0x00000000e3c00000, 0x00000000e3c00000| Untracked 
|  61|0x00000000e3d00000, 0x00000000e3e00000, 0x00000000e3e00000|100%| O|  |TAMS 0x00000000e3d00000, 0x00000000e3d00000| Untracked 
|  62|0x00000000e3e00000, 0x00000000e3f00000, 0x00000000e3f00000|100%| O|  |TAMS 0x00000000e3e00000, 0x00000000e3e00000| Untracked 
|  63|0x00000000e3f00000, 0x00000000e4000000, 0x00000000e4000000|100%| O|  |TAMS 0x00000000e3f00000, 0x00000000e3f00000| Untracked 
|  64|0x00000000e4000000, 0x00000000e4055800, 0x00000000e4100000| 33%| O|  |TAMS 0x00000000e4000000, 0x00000000e4000000| Untracked 
|  65|0x00000000e4100000, 0x00000000e4200000, 0x00000000e4200000|100%|HS|  |TAMS 0x00000000e4100000, 0x00000000e4100000| Complete 
|  66|0x00000000e4200000, 0x00000000e4300000, 0x00000000e4300000|100%|HC|  |TAMS 0x00000000e4200000, 0x00000000e4200000| Complete 
|  67|0x00000000e4300000, 0x00000000e4400000, 0x00000000e4400000|100%|HC|  |TAMS 0x00000000e4300000, 0x00000000e4300000| Complete 
|  68|0x00000000e4400000, 0x00000000e4400000, 0x00000000e4500000|  0%| F|  |TAMS 0x00000000e4400000, 0x00000000e4400000| Untracked 
|  69|0x00000000e4500000, 0x00000000e4500000, 0x00000000e4600000|  0%| F|  |TAMS 0x00000000e4500000, 0x00000000e4500000| Untracked 
|  70|0x00000000e4600000, 0x00000000e4600000, 0x00000000e4700000|  0%| F|  |TAMS 0x00000000e4600000, 0x00000000e4600000| Untracked 
|  71|0x00000000e4700000, 0x00000000e4700000, 0x00000000e4800000|  0%| F|  |TAMS 0x00000000e4700000, 0x00000000e4700000| Untracked 
|  72|0x00000000e4800000, 0x00000000e4800000, 0x00000000e4900000|  0%| F|  |TAMS 0x00000000e4800000, 0x00000000e4800000| Untracked 
|  73|0x00000000e4900000, 0x00000000e4900000, 0x00000000e4a00000|  0%| F|  |TAMS 0x00000000e4900000, 0x00000000e4900000| Untracked 
|  74|0x00000000e4a00000, 0x00000000e4a00000, 0x00000000e4b00000|  0%| F|  |TAMS 0x00000000e4a00000, 0x00000000e4a00000| Untracked 
|  75|0x00000000e4b00000, 0x00000000e4b00000, 0x00000000e4c00000|  0%| F|  |TAMS 0x00000000e4b00000, 0x00000000e4b00000| Untracked 
|  76|0x00000000e4c00000, 0x00000000e4c00000, 0x00000000e4d00000|  0%| F|  |TAMS 0x00000000e4c00000, 0x00000000e4c00000| Untracked 
|  77|0x00000000e4d00000, 0x00000000e4d00000, 0x00000000e4e00000|  0%| F|  |TAMS 0x00000000e4d00000, 0x00000000e4d00000| Untracked 
|  78|0x00000000e4e00000, 0x00000000e4e00000, 0x00000000e4f00000|  0%| F|  |TAMS 0x00000000e4e00000, 0x00000000e4e00000| Untracked 
|  79|0x00000000e4f00000, 0x00000000e4f00000, 0x00000000e5000000|  0%| F|  |TAMS 0x00000000e4f00000, 0x00000000e4f00000| Untracked 
|  80|0x00000000e5000000, 0x00000000e5000000, 0x00000000e5100000|  0%| F|  |TAMS 0x00000000e5000000, 0x00000000e5000000| Untracked 
|  81|0x00000000e5100000, 0x00000000e5100000, 0x00000000e5200000|  0%| F|  |TAMS 0x00000000e5100000, 0x00000000e5100000| Untracked 
|  82|0x00000000e5200000, 0x00000000e5200000, 0x00000000e5300000|  0%| F|  |TAMS 0x00000000e5200000, 0x00000000e5200000| Untracked 
|  83|0x00000000e5300000, 0x00000000e5300000, 0x00000000e5400000|  0%| F|  |TAMS 0x00000000e5300000, 0x00000000e5300000| Untracked 
|  84|0x00000000e5400000, 0x00000000e5400000, 0x00000000e5500000|  0%| F|  |TAMS 0x00000000e5400000, 0x00000000e5400000| Untracked 
|  85|0x00000000e5500000, 0x00000000e5500000, 0x00000000e5600000|  0%| F|  |TAMS 0x00000000e5500000, 0x00000000e5500000| Untracked 
|  86|0x00000000e5600000, 0x00000000e5600000, 0x00000000e5700000|  0%| F|  |TAMS 0x00000000e5600000, 0x00000000e5600000| Untracked 
|  87|0x00000000e5700000, 0x00000000e5700000, 0x00000000e5800000|  0%| F|  |TAMS 0x00000000e5700000, 0x00000000e5700000| Untracked 
|  88|0x00000000e5800000, 0x00000000e5800000, 0x00000000e5900000|  0%| F|  |TAMS 0x00000000e5800000, 0x00000000e5800000| Untracked 
|  89|0x00000000e5900000, 0x00000000e5900000, 0x00000000e5a00000|  0%| F|  |TAMS 0x00000000e5900000, 0x00000000e5900000| Untracked 
|  90|0x00000000e5a00000, 0x00000000e5a00000, 0x00000000e5b00000|  0%| F|  |TAMS 0x00000000e5a00000, 0x00000000e5a00000| Untracked 
|  91|0x00000000e5b00000, 0x00000000e5b00000, 0x00000000e5c00000|  0%| F|  |TAMS 0x00000000e5b00000, 0x00000000e5b00000| Untracked 
|  92|0x00000000e5c00000, 0x00000000e5c00000, 0x00000000e5d00000|  0%| F|  |TAMS 0x00000000e5c00000, 0x00000000e5c00000| Untracked 
|  93|0x00000000e5d00000, 0x00000000e5d00000, 0x00000000e5e00000|  0%| F|  |TAMS 0x00000000e5d00000, 0x00000000e5d00000| Untracked 
|  94|0x00000000e5e00000, 0x00000000e5e00000, 0x00000000e5f00000|  0%| F|  |TAMS 0x00000000e5e00000, 0x00000000e5e00000| Untracked 
|  95|0x00000000e5f00000, 0x00000000e5f00000, 0x00000000e6000000|  0%| F|  |TAMS 0x00000000e5f00000, 0x00000000e5f00000| Untracked 
|  96|0x00000000e6000000, 0x00000000e6000000, 0x00000000e6100000|  0%| F|  |TAMS 0x00000000e6000000, 0x00000000e6000000| Untracked 
|  97|0x00000000e6100000, 0x00000000e6100000, 0x00000000e6200000|  0%| F|  |TAMS 0x00000000e6100000, 0x00000000e6100000| Untracked 
|  98|0x00000000e6200000, 0x00000000e6200000, 0x00000000e6300000|  0%| F|  |TAMS 0x00000000e6200000, 0x00000000e6200000| Untracked 
|  99|0x00000000e6300000, 0x00000000e6300000, 0x00000000e6400000|  0%| F|  |TAMS 0x00000000e6300000, 0x00000000e6300000| Untracked 
| 100|0x00000000e6400000, 0x00000000e6400000, 0x00000000e6500000|  0%| F|  |TAMS 0x00000000e6400000, 0x00000000e6400000| Untracked 
| 101|0x00000000e6500000, 0x00000000e6500000, 0x00000000e6600000|  0%| F|  |TAMS 0x00000000e6500000, 0x00000000e6500000| Untracked 
| 102|0x00000000e6600000, 0x00000000e6600000, 0x00000000e6700000|  0%| F|  |TAMS 0x00000000e6600000, 0x00000000e6600000| Untracked 
| 103|0x00000000e6700000, 0x00000000e6700000, 0x00000000e6800000|  0%| F|  |TAMS 0x00000000e6700000, 0x00000000e6700000| Untracked 
| 104|0x00000000e6800000, 0x00000000e6800000, 0x00000000e6900000|  0%| F|  |TAMS 0x00000000e6800000, 0x00000000e6800000| Untracked 
| 105|0x00000000e6900000, 0x00000000e6900000, 0x00000000e6a00000|  0%| F|  |TAMS 0x00000000e6900000, 0x00000000e6900000| Untracked 
| 106|0x00000000e6a00000, 0x00000000e6a00000, 0x00000000e6b00000|  0%| F|  |TAMS 0x00000000e6a00000, 0x00000000e6a00000| Untracked 
| 107|0x00000000e6b00000, 0x00000000e6b00000, 0x00000000e6c00000|  0%| F|  |TAMS 0x00000000e6b00000, 0x00000000e6b00000| Untracked 
| 108|0x00000000e6c00000, 0x00000000e6c00000, 0x00000000e6d00000|  0%| F|  |TAMS 0x00000000e6c00000, 0x00000000e6c00000| Untracked 
| 109|0x00000000e6d00000, 0x00000000e6d00000, 0x00000000e6e00000|  0%| F|  |TAMS 0x00000000e6d00000, 0x00000000e6d00000| Untracked 
| 110|0x00000000e6e00000, 0x00000000e6e26770, 0x00000000e6f00000| 15%| S|CS|TAMS 0x00000000e6e00000, 0x00000000e6e00000| Complete 
| 111|0x00000000e6f00000, 0x00000000e7000000, 0x00000000e7000000|100%| S|CS|TAMS 0x00000000e6f00000, 0x00000000e6f00000| Complete 
| 112|0x00000000e7000000, 0x00000000e7100000, 0x00000000e7100000|100%| S|CS|TAMS 0x00000000e7000000, 0x00000000e7000000| Complete 
| 113|0x00000000e7100000, 0x00000000e7200000, 0x00000000e7200000|100%| S|CS|TAMS 0x00000000e7100000, 0x00000000e7100000| Complete 
| 114|0x00000000e7200000, 0x00000000e7300000, 0x00000000e7300000|100%| S|CS|TAMS 0x00000000e7200000, 0x00000000e7200000| Complete 
| 115|0x00000000e7300000, 0x00000000e7300000, 0x00000000e7400000|  0%| F|  |TAMS 0x00000000e7300000, 0x00000000e7300000| Untracked 
| 116|0x00000000e7400000, 0x00000000e7400000, 0x00000000e7500000|  0%| F|  |TAMS 0x00000000e7400000, 0x00000000e7400000| Untracked 
| 117|0x00000000e7500000, 0x00000000e7500000, 0x00000000e7600000|  0%| F|  |TAMS 0x00000000e7500000, 0x00000000e7500000| Untracked 
| 118|0x00000000e7600000, 0x00000000e7600000, 0x00000000e7700000|  0%| F|  |TAMS 0x00000000e7600000, 0x00000000e7600000| Untracked 
| 119|0x00000000e7700000, 0x00000000e7700000, 0x00000000e7800000|  0%| F|  |TAMS 0x00000000e7700000, 0x00000000e7700000| Untracked 
| 120|0x00000000e7800000, 0x00000000e7800000, 0x00000000e7900000|  0%| F|  |TAMS 0x00000000e7800000, 0x00000000e7800000| Untracked 
| 121|0x00000000e7900000, 0x00000000e7900000, 0x00000000e7a00000|  0%| F|  |TAMS 0x00000000e7900000, 0x00000000e7900000| Untracked 
| 122|0x00000000e7a00000, 0x00000000e7a00000, 0x00000000e7b00000|  0%| F|  |TAMS 0x00000000e7a00000, 0x00000000e7a00000| Untracked 
| 123|0x00000000e7b00000, 0x00000000e7c00000, 0x00000000e7c00000|100%| S|CS|TAMS 0x00000000e7b00000, 0x00000000e7b00000| Complete 
| 124|0x00000000e7c00000, 0x00000000e7d00000, 0x00000000e7d00000|100%| S|CS|TAMS 0x00000000e7c00000, 0x00000000e7c00000| Complete 
| 125|0x00000000e7d00000, 0x00000000e7e00000, 0x00000000e7e00000|100%| S|CS|TAMS 0x00000000e7d00000, 0x00000000e7d00000| Complete 
| 126|0x00000000e7e00000, 0x00000000e7e00000, 0x00000000e7f00000|  0%| F|  |TAMS 0x00000000e7e00000, 0x00000000e7e00000| Untracked 
| 127|0x00000000e7f00000, 0x00000000e7f00000, 0x00000000e8000000|  0%| F|  |TAMS 0x00000000e7f00000, 0x00000000e7f00000| Untracked 
| 128|0x00000000e8000000, 0x00000000e8000000, 0x00000000e8100000|  0%| F|  |TAMS 0x00000000e8000000, 0x00000000e8000000| Untracked 
| 129|0x00000000e8100000, 0x00000000e8100000, 0x00000000e8200000|  0%| F|  |TAMS 0x00000000e8100000, 0x00000000e8100000| Untracked 
| 130|0x00000000e8200000, 0x00000000e8200000, 0x00000000e8300000|  0%| F|  |TAMS 0x00000000e8200000, 0x00000000e8200000| Untracked 
| 131|0x00000000e8300000, 0x00000000e8300000, 0x00000000e8400000|  0%| F|  |TAMS 0x00000000e8300000, 0x00000000e8300000| Untracked 
| 132|0x00000000e8400000, 0x00000000e8400000, 0x00000000e8500000|  0%| F|  |TAMS 0x00000000e8400000, 0x00000000e8400000| Untracked 
| 133|0x00000000e8500000, 0x00000000e8500000, 0x00000000e8600000|  0%| F|  |TAMS 0x00000000e8500000, 0x00000000e8500000| Untracked 
| 134|0x00000000e8600000, 0x00000000e8600000, 0x00000000e8700000|  0%| F|  |TAMS 0x00000000e8600000, 0x00000000e8600000| Untracked 
| 135|0x00000000e8700000, 0x00000000e8700000, 0x00000000e8800000|  0%| F|  |TAMS 0x00000000e8700000, 0x00000000e8700000| Untracked 
| 136|0x00000000e8800000, 0x00000000e8800000, 0x00000000e8900000|  0%| F|  |TAMS 0x00000000e8800000, 0x00000000e8800000| Untracked 
| 137|0x00000000e8900000, 0x00000000e8900000, 0x00000000e8a00000|  0%| F|  |TAMS 0x00000000e8900000, 0x00000000e8900000| Untracked 
| 138|0x00000000e8a00000, 0x00000000e8a00000, 0x00000000e8b00000|  0%| F|  |TAMS 0x00000000e8a00000, 0x00000000e8a00000| Untracked 
| 139|0x00000000e8b00000, 0x00000000e8b00000, 0x00000000e8c00000|  0%| F|  |TAMS 0x00000000e8b00000, 0x00000000e8b00000| Untracked 
| 140|0x00000000e8c00000, 0x00000000e8c00000, 0x00000000e8d00000|  0%| F|  |TAMS 0x00000000e8c00000, 0x00000000e8c00000| Untracked 
| 141|0x00000000e8d00000, 0x00000000e8d00000, 0x00000000e8e00000|  0%| F|  |TAMS 0x00000000e8d00000, 0x00000000e8d00000| Untracked 
| 142|0x00000000e8e00000, 0x00000000e8e00000, 0x00000000e8f00000|  0%| F|  |TAMS 0x00000000e8e00000, 0x00000000e8e00000| Untracked 
| 143|0x00000000e8f00000, 0x00000000e8f00000, 0x00000000e9000000|  0%| F|  |TAMS 0x00000000e8f00000, 0x00000000e8f00000| Untracked 
| 144|0x00000000e9000000, 0x00000000e9000000, 0x00000000e9100000|  0%| F|  |TAMS 0x00000000e9000000, 0x00000000e9000000| Untracked 
| 145|0x00000000e9100000, 0x00000000e9100000, 0x00000000e9200000|  0%| F|  |TAMS 0x00000000e9100000, 0x00000000e9100000| Untracked 
| 146|0x00000000e9200000, 0x00000000e9200000, 0x00000000e9300000|  0%| F|  |TAMS 0x00000000e9200000, 0x00000000e9200000| Untracked 
| 147|0x00000000e9300000, 0x00000000e9300000, 0x00000000e9400000|  0%| F|  |TAMS 0x00000000e9300000, 0x00000000e9300000| Untracked 
| 148|0x00000000e9400000, 0x00000000e9400000, 0x00000000e9500000|  0%| F|  |TAMS 0x00000000e9400000, 0x00000000e9400000| Untracked 
| 149|0x00000000e9500000, 0x00000000e9500000, 0x00000000e9600000|  0%| F|  |TAMS 0x00000000e9500000, 0x00000000e9500000| Untracked 
| 150|0x00000000e9600000, 0x00000000e9600000, 0x00000000e9700000|  0%| F|  |TAMS 0x00000000e9600000, 0x00000000e9600000| Untracked 
| 151|0x00000000e9700000, 0x00000000e9700000, 0x00000000e9800000|  0%| F|  |TAMS 0x00000000e9700000, 0x00000000e9700000| Untracked 
| 152|0x00000000e9800000, 0x00000000e9800000, 0x00000000e9900000|  0%| F|  |TAMS 0x00000000e9800000, 0x00000000e9800000| Untracked 
| 153|0x00000000e9900000, 0x00000000e9900000, 0x00000000e9a00000|  0%| F|  |TAMS 0x00000000e9900000, 0x00000000e9900000| Untracked 
| 154|0x00000000e9a00000, 0x00000000e9a00000, 0x00000000e9b00000|  0%| F|  |TAMS 0x00000000e9a00000, 0x00000000e9a00000| Untracked 
| 155|0x00000000e9b00000, 0x00000000e9b00000, 0x00000000e9c00000|  0%| F|  |TAMS 0x00000000e9b00000, 0x00000000e9b00000| Untracked 
| 156|0x00000000e9c00000, 0x00000000e9c00000, 0x00000000e9d00000|  0%| F|  |TAMS 0x00000000e9c00000, 0x00000000e9c00000| Untracked 
| 157|0x00000000e9d00000, 0x00000000e9d00000, 0x00000000e9e00000|  0%| F|  |TAMS 0x00000000e9d00000, 0x00000000e9d00000| Untracked 
| 158|0x00000000e9e00000, 0x00000000e9e00000, 0x00000000e9f00000|  0%| F|  |TAMS 0x00000000e9e00000, 0x00000000e9e00000| Untracked 
| 159|0x00000000e9f00000, 0x00000000e9f00000, 0x00000000ea000000|  0%| F|  |TAMS 0x00000000e9f00000, 0x00000000e9f00000| Untracked 
| 160|0x00000000ea000000, 0x00000000ea000000, 0x00000000ea100000|  0%| F|  |TAMS 0x00000000ea000000, 0x00000000ea000000| Untracked 
| 161|0x00000000ea100000, 0x00000000ea100000, 0x00000000ea200000|  0%| F|  |TAMS 0x00000000ea100000, 0x00000000ea100000| Untracked 
| 162|0x00000000ea200000, 0x00000000ea200000, 0x00000000ea300000|  0%| F|  |TAMS 0x00000000ea200000, 0x00000000ea200000| Untracked 
| 163|0x00000000ea300000, 0x00000000ea300000, 0x00000000ea400000|  0%| F|  |TAMS 0x00000000ea300000, 0x00000000ea300000| Untracked 
| 164|0x00000000ea400000, 0x00000000ea400000, 0x00000000ea500000|  0%| F|  |TAMS 0x00000000ea400000, 0x00000000ea400000| Untracked 
| 165|0x00000000ea500000, 0x00000000ea500000, 0x00000000ea600000|  0%| F|  |TAMS 0x00000000ea500000, 0x00000000ea500000| Untracked 
| 166|0x00000000ea600000, 0x00000000ea600000, 0x00000000ea700000|  0%| F|  |TAMS 0x00000000ea600000, 0x00000000ea600000| Untracked 
| 167|0x00000000ea700000, 0x00000000ea700000, 0x00000000ea800000|  0%| F|  |TAMS 0x00000000ea700000, 0x00000000ea700000| Untracked 
| 168|0x00000000ea800000, 0x00000000ea800000, 0x00000000ea900000|  0%| F|  |TAMS 0x00000000ea800000, 0x00000000ea800000| Untracked 
| 169|0x00000000ea900000, 0x00000000ea900000, 0x00000000eaa00000|  0%| F|  |TAMS 0x00000000ea900000, 0x00000000ea900000| Untracked 
| 170|0x00000000eaa00000, 0x00000000eaa00000, 0x00000000eab00000|  0%| F|  |TAMS 0x00000000eaa00000, 0x00000000eaa00000| Untracked 
| 171|0x00000000eab00000, 0x00000000eab00000, 0x00000000eac00000|  0%| F|  |TAMS 0x00000000eab00000, 0x00000000eab00000| Untracked 
| 172|0x00000000eac00000, 0x00000000eac00000, 0x00000000ead00000|  0%| F|  |TAMS 0x00000000eac00000, 0x00000000eac00000| Untracked 
| 173|0x00000000ead00000, 0x00000000ead00000, 0x00000000eae00000|  0%| F|  |TAMS 0x00000000ead00000, 0x00000000ead00000| Untracked 
| 174|0x00000000eae00000, 0x00000000eae00000, 0x00000000eaf00000|  0%| F|  |TAMS 0x00000000eae00000, 0x00000000eae00000| Untracked 
| 175|0x00000000eaf00000, 0x00000000eaf00000, 0x00000000eb000000|  0%| F|  |TAMS 0x00000000eaf00000, 0x00000000eaf00000| Untracked 
| 176|0x00000000eb000000, 0x00000000eb000000, 0x00000000eb100000|  0%| F|  |TAMS 0x00000000eb000000, 0x00000000eb000000| Untracked 
| 177|0x00000000eb100000, 0x00000000eb100000, 0x00000000eb200000|  0%| F|  |TAMS 0x00000000eb100000, 0x00000000eb100000| Untracked 
| 178|0x00000000eb200000, 0x00000000eb200000, 0x00000000eb300000|  0%| F|  |TAMS 0x00000000eb200000, 0x00000000eb200000| Untracked 
| 179|0x00000000eb300000, 0x00000000eb300000, 0x00000000eb400000|  0%| F|  |TAMS 0x00000000eb300000, 0x00000000eb300000| Untracked 
| 180|0x00000000eb400000, 0x00000000eb400000, 0x00000000eb500000|  0%| F|  |TAMS 0x00000000eb400000, 0x00000000eb400000| Untracked 
| 181|0x00000000eb500000, 0x00000000eb500000, 0x00000000eb600000|  0%| F|  |TAMS 0x00000000eb500000, 0x00000000eb500000| Untracked 
| 182|0x00000000eb600000, 0x00000000eb600000, 0x00000000eb700000|  0%| F|  |TAMS 0x00000000eb600000, 0x00000000eb600000| Untracked 
| 183|0x00000000eb700000, 0x00000000eb700000, 0x00000000eb800000|  0%| F|  |TAMS 0x00000000eb700000, 0x00000000eb700000| Untracked 
| 184|0x00000000eb800000, 0x00000000eb800000, 0x00000000eb900000|  0%| F|  |TAMS 0x00000000eb800000, 0x00000000eb800000| Untracked 
| 185|0x00000000eb900000, 0x00000000eb900000, 0x00000000eba00000|  0%| F|  |TAMS 0x00000000eb900000, 0x00000000eb900000| Untracked 
| 186|0x00000000eba00000, 0x00000000eba00000, 0x00000000ebb00000|  0%| F|  |TAMS 0x00000000eba00000, 0x00000000eba00000| Untracked 
| 187|0x00000000ebb00000, 0x00000000ebb00000, 0x00000000ebc00000|  0%| F|  |TAMS 0x00000000ebb00000, 0x00000000ebb00000| Untracked 
| 188|0x00000000ebc00000, 0x00000000ebc00000, 0x00000000ebd00000|  0%| F|  |TAMS 0x00000000ebc00000, 0x00000000ebc00000| Untracked 
| 189|0x00000000ebd00000, 0x00000000ebd00000, 0x00000000ebe00000|  0%| F|  |TAMS 0x00000000ebd00000, 0x00000000ebd00000| Untracked 
| 190|0x00000000ebe00000, 0x00000000ebe00000, 0x00000000ebf00000|  0%| F|  |TAMS 0x00000000ebe00000, 0x00000000ebe00000| Untracked 
| 191|0x00000000ebf00000, 0x00000000ebf00000, 0x00000000ec000000|  0%| F|  |TAMS 0x00000000ebf00000, 0x00000000ebf00000| Untracked 
| 192|0x00000000ec000000, 0x00000000ec000000, 0x00000000ec100000|  0%| F|  |TAMS 0x00000000ec000000, 0x00000000ec000000| Untracked 
| 193|0x00000000ec100000, 0x00000000ec100000, 0x00000000ec200000|  0%| F|  |TAMS 0x00000000ec100000, 0x00000000ec100000| Untracked 
| 194|0x00000000ec200000, 0x00000000ec200000, 0x00000000ec300000|  0%| F|  |TAMS 0x00000000ec200000, 0x00000000ec200000| Untracked 
| 195|0x00000000ec300000, 0x00000000ec300000, 0x00000000ec400000|  0%| F|  |TAMS 0x00000000ec300000, 0x00000000ec300000| Untracked 
| 196|0x00000000ec400000, 0x00000000ec400000, 0x00000000ec500000|  0%| F|  |TAMS 0x00000000ec400000, 0x00000000ec400000| Untracked 
| 197|0x00000000ec500000, 0x00000000ec500000, 0x00000000ec600000|  0%| F|  |TAMS 0x00000000ec500000, 0x00000000ec500000| Untracked 
| 198|0x00000000ec600000, 0x00000000ec600000, 0x00000000ec700000|  0%| F|  |TAMS 0x00000000ec600000, 0x00000000ec600000| Untracked 
| 199|0x00000000ec700000, 0x00000000ec700000, 0x00000000ec800000|  0%| F|  |TAMS 0x00000000ec700000, 0x00000000ec700000| Untracked 
| 200|0x00000000ec800000, 0x00000000ec800000, 0x00000000ec900000|  0%| F|  |TAMS 0x00000000ec800000, 0x00000000ec800000| Untracked 
| 201|0x00000000ec900000, 0x00000000ec900000, 0x00000000eca00000|  0%| F|  |TAMS 0x00000000ec900000, 0x00000000ec900000| Untracked 
| 202|0x00000000eca00000, 0x00000000eca00000, 0x00000000ecb00000|  0%| F|  |TAMS 0x00000000eca00000, 0x00000000eca00000| Untracked 
| 203|0x00000000ecb00000, 0x00000000ecb00000, 0x00000000ecc00000|  0%| F|  |TAMS 0x00000000ecb00000, 0x00000000ecb00000| Untracked 
| 204|0x00000000ecc00000, 0x00000000ecc00000, 0x00000000ecd00000|  0%| F|  |TAMS 0x00000000ecc00000, 0x00000000ecc00000| Untracked 
| 205|0x00000000ecd00000, 0x00000000ecd00000, 0x00000000ece00000|  0%| F|  |TAMS 0x00000000ecd00000, 0x00000000ecd00000| Untracked 
| 206|0x00000000ece00000, 0x00000000ece00000, 0x00000000ecf00000|  0%| F|  |TAMS 0x00000000ece00000, 0x00000000ece00000| Untracked 
| 207|0x00000000ecf00000, 0x00000000ecf00000, 0x00000000ed000000|  0%| F|  |TAMS 0x00000000ecf00000, 0x00000000ecf00000| Untracked 
| 208|0x00000000ed000000, 0x00000000ed000000, 0x00000000ed100000|  0%| F|  |TAMS 0x00000000ed000000, 0x00000000ed000000| Untracked 
| 209|0x00000000ed100000, 0x00000000ed100000, 0x00000000ed200000|  0%| F|  |TAMS 0x00000000ed100000, 0x00000000ed100000| Untracked 
| 210|0x00000000ed200000, 0x00000000ed200000, 0x00000000ed300000|  0%| F|  |TAMS 0x00000000ed200000, 0x00000000ed200000| Untracked 
| 211|0x00000000ed300000, 0x00000000ed300000, 0x00000000ed400000|  0%| F|  |TAMS 0x00000000ed300000, 0x00000000ed300000| Untracked 
| 212|0x00000000ed400000, 0x00000000ed400000, 0x00000000ed500000|  0%| F|  |TAMS 0x00000000ed400000, 0x00000000ed400000| Untracked 
| 213|0x00000000ed500000, 0x00000000ed500000, 0x00000000ed600000|  0%| F|  |TAMS 0x00000000ed500000, 0x00000000ed500000| Untracked 
| 214|0x00000000ed600000, 0x00000000ed700000, 0x00000000ed700000|100%| E|  |TAMS 0x00000000ed600000, 0x00000000ed600000| Complete 
| 215|0x00000000ed700000, 0x00000000ed800000, 0x00000000ed800000|100%| E|CS|TAMS 0x00000000ed700000, 0x00000000ed700000| Complete 
| 216|0x00000000ed800000, 0x00000000ed900000, 0x00000000ed900000|100%| E|CS|TAMS 0x00000000ed800000, 0x00000000ed800000| Complete 
| 217|0x00000000ed900000, 0x00000000eda00000, 0x00000000eda00000|100%| E|CS|TAMS 0x00000000ed900000, 0x00000000ed900000| Complete 
| 218|0x00000000eda00000, 0x00000000edb00000, 0x00000000edb00000|100%| E|CS|TAMS 0x00000000eda00000, 0x00000000eda00000| Complete 
| 219|0x00000000edb00000, 0x00000000edc00000, 0x00000000edc00000|100%| E|CS|TAMS 0x00000000edb00000, 0x00000000edb00000| Complete 
| 220|0x00000000edc00000, 0x00000000edd00000, 0x00000000edd00000|100%| E|CS|TAMS 0x00000000edc00000, 0x00000000edc00000| Complete 
| 221|0x00000000edd00000, 0x00000000ede00000, 0x00000000ede00000|100%| E|CS|TAMS 0x00000000edd00000, 0x00000000edd00000| Complete 
| 222|0x00000000ede00000, 0x00000000edf00000, 0x00000000edf00000|100%| E|CS|TAMS 0x00000000ede00000, 0x00000000ede00000| Complete 
| 223|0x00000000edf00000, 0x00000000ee000000, 0x00000000ee000000|100%| E|CS|TAMS 0x00000000edf00000, 0x00000000edf00000| Complete 
| 224|0x00000000ee000000, 0x00000000ee100000, 0x00000000ee100000|100%| E|CS|TAMS 0x00000000ee000000, 0x00000000ee000000| Complete 
| 225|0x00000000ee100000, 0x00000000ee200000, 0x00000000ee200000|100%| E|CS|TAMS 0x00000000ee100000, 0x00000000ee100000| Complete 
| 226|0x00000000ee200000, 0x00000000ee300000, 0x00000000ee300000|100%| E|CS|TAMS 0x00000000ee200000, 0x00000000ee200000| Complete 
| 227|0x00000000ee300000, 0x00000000ee400000, 0x00000000ee400000|100%| E|CS|TAMS 0x00000000ee300000, 0x00000000ee300000| Complete 
| 228|0x00000000ee400000, 0x00000000ee500000, 0x00000000ee500000|100%| E|CS|TAMS 0x00000000ee400000, 0x00000000ee400000| Complete 
| 229|0x00000000ee500000, 0x00000000ee600000, 0x00000000ee600000|100%| E|CS|TAMS 0x00000000ee500000, 0x00000000ee500000| Complete 
| 230|0x00000000ee600000, 0x00000000ee700000, 0x00000000ee700000|100%| E|CS|TAMS 0x00000000ee600000, 0x00000000ee600000| Complete 
| 231|0x00000000ee700000, 0x00000000ee800000, 0x00000000ee800000|100%| E|CS|TAMS 0x00000000ee700000, 0x00000000ee700000| Complete 
| 232|0x00000000ee800000, 0x00000000ee900000, 0x00000000ee900000|100%| E|CS|TAMS 0x00000000ee800000, 0x00000000ee800000| Complete 
| 233|0x00000000ee900000, 0x00000000eea00000, 0x00000000eea00000|100%| E|CS|TAMS 0x00000000ee900000, 0x00000000ee900000| Complete 
| 234|0x00000000eea00000, 0x00000000eeb00000, 0x00000000eeb00000|100%| E|CS|TAMS 0x00000000eea00000, 0x00000000eea00000| Complete 
| 235|0x00000000eeb00000, 0x00000000eec00000, 0x00000000eec00000|100%| E|CS|TAMS 0x00000000eeb00000, 0x00000000eeb00000| Complete 
| 236|0x00000000eec00000, 0x00000000eed00000, 0x00000000eed00000|100%| E|CS|TAMS 0x00000000eec00000, 0x00000000eec00000| Complete 
| 237|0x00000000eed00000, 0x00000000eee00000, 0x00000000eee00000|100%| E|CS|TAMS 0x00000000eed00000, 0x00000000eed00000| Complete 
| 238|0x00000000eee00000, 0x00000000eef00000, 0x00000000eef00000|100%| E|CS|TAMS 0x00000000eee00000, 0x00000000eee00000| Complete 
| 239|0x00000000eef00000, 0x00000000ef000000, 0x00000000ef000000|100%| E|CS|TAMS 0x00000000eef00000, 0x00000000eef00000| Complete 
| 240|0x00000000ef000000, 0x00000000ef100000, 0x00000000ef100000|100%| E|CS|TAMS 0x00000000ef000000, 0x00000000ef000000| Complete 
| 241|0x00000000ef100000, 0x00000000ef200000, 0x00000000ef200000|100%| E|CS|TAMS 0x00000000ef100000, 0x00000000ef100000| Complete 
| 242|0x00000000ef200000, 0x00000000ef300000, 0x00000000ef300000|100%| E|CS|TAMS 0x00000000ef200000, 0x00000000ef200000| Complete 
| 243|0x00000000ef300000, 0x00000000ef400000, 0x00000000ef400000|100%| E|CS|TAMS 0x00000000ef300000, 0x00000000ef300000| Complete 
| 244|0x00000000ef400000, 0x00000000ef500000, 0x00000000ef500000|100%| E|CS|TAMS 0x00000000ef400000, 0x00000000ef400000| Complete 
| 245|0x00000000ef500000, 0x00000000ef600000, 0x00000000ef600000|100%| E|CS|TAMS 0x00000000ef500000, 0x00000000ef500000| Complete 
| 246|0x00000000ef600000, 0x00000000ef700000, 0x00000000ef700000|100%| E|CS|TAMS 0x00000000ef600000, 0x00000000ef600000| Complete 
| 247|0x00000000ef700000, 0x00000000ef800000, 0x00000000ef800000|100%| E|CS|TAMS 0x00000000ef700000, 0x00000000ef700000| Complete 
| 248|0x00000000ef800000, 0x00000000ef900000, 0x00000000ef900000|100%| E|CS|TAMS 0x00000000ef800000, 0x00000000ef800000| Complete 
| 249|0x00000000ef900000, 0x00000000efa00000, 0x00000000efa00000|100%| E|CS|TAMS 0x00000000ef900000, 0x00000000ef900000| Complete 
| 250|0x00000000efa00000, 0x00000000efb00000, 0x00000000efb00000|100%| E|CS|TAMS 0x00000000efa00000, 0x00000000efa00000| Complete 
| 251|0x00000000efb00000, 0x00000000efc00000, 0x00000000efc00000|100%| E|CS|TAMS 0x00000000efb00000, 0x00000000efb00000| Complete 
| 252|0x00000000efc00000, 0x00000000efd00000, 0x00000000efd00000|100%| E|CS|TAMS 0x00000000efc00000, 0x00000000efc00000| Complete 
| 253|0x00000000efd00000, 0x00000000efe00000, 0x00000000efe00000|100%| E|CS|TAMS 0x00000000efd00000, 0x00000000efd00000| Complete 
| 254|0x00000000efe00000, 0x00000000eff00000, 0x00000000eff00000|100%| E|CS|TAMS 0x00000000efe00000, 0x00000000efe00000| Complete 
| 255|0x00000000eff00000, 0x00000000f0000000, 0x00000000f0000000|100%| E|CS|TAMS 0x00000000eff00000, 0x00000000eff00000| Complete 

Card table byte_map: [0x00000133d5010000,0x00000133d5110000] _byte_map_base: 0x00000133d4910000

Marking Bits (Prev, Next): (CMBitMap*) 0x00000133bc6209a8, (CMBitMap*) 0x00000133bc6209e0
 Prev Bits: [0x00000133d5210000, 0x00000133d5a10000)
 Next Bits: [0x00000133d5a10000, 0x00000133d6210000)

Polling page: 0x00000133bc4b0000

Metaspace:

Usage:
  Non-class:     48.44 MB capacity,    47.37 MB ( 98%) used,   934.47 KB (  2%) free+waste,   165.38 KB ( <1%) overhead. 
      Class:      7.65 MB capacity,     7.00 MB ( 91%) used,   586.49 KB (  7%) free+waste,    83.00 KB (  1%) overhead. 
       Both:     56.09 MB capacity,    54.37 MB ( 97%) used,     1.49 MB (  3%) free+waste,   248.38 KB ( <1%) overhead. 

Virtual space:
  Non-class space:       50.00 MB reserved,      48.62 MB ( 97%) committed 
      Class space:      376.00 MB reserved,       7.75 MB (  2%) committed 
             Both:      426.00 MB reserved,      56.37 MB ( 13%) committed 

Chunk freelists:
   Non-Class:  6.88 KB
       Class:  512 bytes
        Both:  7.38 KB

CodeHeap 'non-profiled nmethods': size=120000Kb used=3247Kb max_used=3247Kb free=116753Kb
 bounds [0x00000133ccf70000, 0x00000133cd2a0000, 0x00000133d44a0000]
CodeHeap 'profiled nmethods': size=120000Kb used=12375Kb max_used=12375Kb free=107624Kb
 bounds [0x00000133c5a40000, 0x00000133c6660000, 0x00000133ccf70000]
CodeHeap 'non-nmethods': size=5760Kb used=2248Kb max_used=2291Kb free=3511Kb
 bounds [0x00000133c54a0000, 0x00000133c5710000, 0x00000133c5a40000]
 total_blobs=6892 nmethods=6074 adapters=729
 compilation: enabled
              stopped_count=0, restarted_count=0
 full_count=0

Compilation events (10 events):
Event: 23.139 Thread 0x00000133d95ac800 6217       2       org.gradle.internal.instantiation.generator.AbstractClassGenerator$DslMixInPropertyType::claimPropertyImplementation (21 bytes)
Event: 23.139 Thread 0x00000133d95ac800 nmethod 6217 0x00000133c6653990 code [0x00000133c6653b40, 0x00000133c6653ca8]
Event: 23.139 Thread 0x00000133d95ac800 6218       2       org.gradle.internal.instantiation.generator.AbstractClassGenerator$ServicesPropertyHandler::claimPropertyImplementation (40 bytes)
Event: 23.142 Thread 0x00000133d95ac800 nmethod 6218 0x00000133c6653d90 code [0x00000133c6653f80, 0x00000133c6654258]
Event: 23.142 Thread 0x00000133d95ac800 6224       2       org.objectweb.asm.Type::getDescriptor (18 bytes)
Event: 23.143 Thread 0x00000133d95ac800 nmethod 6224 0x00000133c6654490 code [0x00000133c6654660, 0x00000133c6654958]
Event: 23.143 Thread 0x00000133d95ac800 6219       2       org.gradle.internal.instantiation.generator.AbstractClassGenerator$NamePropertyHandler::claimPropertyImplementation (16 bytes)
Event: 23.143 Thread 0x00000133d95ac800 nmethod 6219 0x00000133c6654b10 code [0x00000133c6654cc0, 0x00000133c6654e68]
Event: 23.144 Thread 0x00000133d95ac800 6222       1       com.google.common.collect.LinkedHashMultimap$ValueSet::setSuccessorInValueSet (6 bytes)
Event: 23.144 Thread 0x00000133d95ac800 nmethod 6222 0x00000133cd29b910 code [0x00000133cd29baa0, 0x00000133cd29bb98]

GC Heap History (10 events):
Event: 17.194 GC heap before
{Heap before GC invocations=9 (full 0):
 garbage-first heap   total 262144K, used 186844K [0x00000000e0000000, 0x0000000100000000)
  region size 1024K, 135 young (138240K), 17 survivors (17408K)
 Metaspace       used 50282K, capacity 51634K, committed 51964K, reserved 430080K
  class space    used 6611K, capacity 7190K, committed 7296K, reserved 385024K
}
Event: 17.206 GC heap after
{Heap after GC invocations=10 (full 0):
 garbage-first heap   total 262144K, used 68618K [0x00000000e0000000, 0x0000000100000000)
  region size 1024K, 12 young (12288K), 12 survivors (12288K)
 Metaspace       used 50282K, capacity 51634K, committed 51964K, reserved 430080K
  class space    used 6611K, capacity 7190K, committed 7296K, reserved 385024K
}
Event: 17.806 GC heap before
{Heap before GC invocations=10 (full 0):
 garbage-first heap   total 262144K, used 192522K [0x00000000e0000000, 0x0000000100000000)
  region size 1024K, 133 young (136192K), 12 survivors (12288K)
 Metaspace       used 50499K, capacity 51872K, committed 52220K, reserved 430080K
  class space    used 6623K, capacity 7201K, committed 7296K, reserved 385024K
}
Event: 17.816 GC heap after
{Heap after GC invocations=11 (full 0):
 garbage-first heap   total 262144K, used 68456K [0x00000000e0000000, 0x0000000100000000)
  region size 1024K, 3 young (3072K), 3 survivors (3072K)
 Metaspace       used 50499K, capacity 51872K, committed 52220K, reserved 430080K
  class space    used 6623K, capacity 7201K, committed 7296K, reserved 385024K
}
Event: 19.019 GC heap before
{Heap before GC invocations=11 (full 0):
 garbage-first heap   total 262144K, used 196456K [0x00000000e0000000, 0x0000000100000000)
  region size 1024K, 129 young (132096K), 3 survivors (3072K)
 Metaspace       used 51399K, capacity 52898K, committed 53116K, reserved 432128K
  class space    used 6728K, capacity 7326K, committed 7424K, reserved 385024K
}
Event: 19.023 GC heap after
{Heap after GC invocations=12 (full 0):
 garbage-first heap   total 262144K, used 70783K [0x00000000e0000000, 0x0000000100000000)
  region size 1024K, 5 young (5120K), 5 survivors (5120K)
 Metaspace       used 51399K, capacity 52898K, committed 53116K, reserved 432128K
  class space    used 6728K, capacity 7326K, committed 7424K, reserved 385024K
}
Event: 19.455 GC heap before
{Heap before GC invocations=12 (full 0):
 garbage-first heap   total 262144K, used 201855K [0x00000000e0000000, 0x0000000100000000)
  region size 1024K, 133 young (136192K), 5 survivors (5120K)
 Metaspace       used 51399K, capacity 52898K, committed 53116K, reserved 432128K
  class space    used 6728K, capacity 7326K, committed 7424K, reserved 385024K
}
Event: 19.462 GC heap after
{Heap after GC invocations=13 (full 0):
 garbage-first heap   total 262144K, used 73150K [0x00000000e0000000, 0x0000000100000000)
  region size 1024K, 8 young (8192K), 8 survivors (8192K)
 Metaspace       used 51399K, capacity 52898K, committed 53116K, reserved 432128K
  class space    used 6728K, capacity 7326K, committed 7424K, reserved 385024K
}
Event: 20.955 GC heap before
{Heap before GC invocations=13 (full 0):
 garbage-first heap   total 262144K, used 210366K [0x00000000e0000000, 0x0000000100000000)
  region size 1024K, 138 young (141312K), 8 survivors (8192K)
 Metaspace       used 53983K, capacity 55554K, committed 55804K, reserved 434176K
  class space    used 6921K, capacity 7504K, committed 7552K, reserved 385024K
}
Event: 20.964 GC heap after
{Heap after GC invocations=14 (full 0):
 garbage-first heap   total 262144K, used 76271K [0x00000000e0000000, 0x0000000100000000)
  region size 1024K, 8 young (8192K), 8 survivors (8192K)
 Metaspace       used 53983K, capacity 55554K, committed 55804K, reserved 434176K
  class space    used 6921K, capacity 7504K, committed 7552K, reserved 385024K
}

Deoptimization events (10 events):
Event: 20.590 Thread 0x00000133db8ea000 Uncommon trap: reason=profile_predicate action=maybe_recompile pc=0x00000133cd266b50 method=java.util.TimSort.binarySort([Ljava/lang/Object;IIILjava/util/Comparator;)V @ 73 c2
Event: 20.593 Thread 0x00000133db8ea000 Uncommon trap: reason=profile_predicate action=maybe_recompile pc=0x00000133cd266b50 method=java.util.TimSort.binarySort([Ljava/lang/Object;IIILjava/util/Comparator;)V @ 73 c2
Event: 20.593 Thread 0x00000133db8ea000 Uncommon trap: reason=profile_predicate action=maybe_recompile pc=0x00000133cd266b50 method=java.util.TimSort.binarySort([Ljava/lang/Object;IIILjava/util/Comparator;)V @ 73 c2
Event: 20.862 Thread 0x00000133db8ea000 Uncommon trap: reason=profile_predicate action=maybe_recompile pc=0x00000133cd206554 method=groovyjarjarantlr4.v4.runtime.atn.PredictionContext.getCachedContext(Lgroovyjarjarantlr4/v4/runtime/atn/PredictionContext;Ljava/util/concurrent/ConcurrentMap;Lgroo
Event: 20.862 Thread 0x00000133db8ea000 Uncommon trap: reason=profile_predicate action=maybe_recompile pc=0x00000133cd206554 method=groovyjarjarantlr4.v4.runtime.atn.PredictionContext.getCachedContext(Lgroovyjarjarantlr4/v4/runtime/atn/PredictionContext;Ljava/util/concurrent/ConcurrentMap;Lgroo
Event: 20.863 Thread 0x00000133db8ea000 Uncommon trap: reason=profile_predicate action=maybe_recompile pc=0x00000133cd206928 method=groovyjarjarantlr4.v4.runtime.atn.PredictionContext.getCachedContext(Lgroovyjarjarantlr4/v4/runtime/atn/PredictionContext;Ljava/util/concurrent/ConcurrentMap;Lgroo
Event: 20.863 Thread 0x00000133db8ea000 Uncommon trap: reason=profile_predicate action=maybe_recompile pc=0x00000133cd206928 method=groovyjarjarantlr4.v4.runtime.atn.PredictionContext.getCachedContext(Lgroovyjarjarantlr4/v4/runtime/atn/PredictionContext;Ljava/util/concurrent/ConcurrentMap;Lgroo
Event: 21.421 Thread 0x00000133db8ea000 Uncommon trap: reason=predicate action=maybe_recompile pc=0x00000133cd275364 method=java.util.TimSort.binarySort([Ljava/lang/Object;IIILjava/util/Comparator;)V @ 34 c2
Event: 22.509 Thread 0x00000133db8ea000 Uncommon trap: reason=class_check action=maybe_recompile pc=0x00000133cd19f2fc method=java.util.stream.StreamOpFlag.fromCharacteristics(Ljava/util/Spliterator;)I @ 14 c2
Event: 22.946 Thread 0x00000133db8ea000 Uncommon trap: reason=unstable_if action=reinterpret pc=0x00000133cd1cfca8 method=jdk.internal.misc.Unsafe.convEndian(ZJ)J @ 4 c2

Classes redefined (0 events):
No events

Internal exceptions (10 events):
Event: 22.848 Thread 0x00000133db8ea000 Exception <a 'java/lang/ClassNotFoundException'{0x00000000ee5798a8}: org/gradle/initialization/DefaultSettingsCustomizer> (0x00000000ee5798a8) thrown at [./open/src/hotspot/share/classfile/systemDictionary.cpp, line 226]
Event: 22.853 Thread 0x00000133db8ea000 Exception <a 'java/lang/ClassNotFoundException'{0x00000000ee5da620}: org/gradle/initialization/DefaultSettings_DecoratedCustomizer> (0x00000000ee5da620) thrown at [./open/src/hotspot/share/classfile/systemDictionary.cpp, line 226]
Event: 22.865 Thread 0x00000133db8ea000 Exception <a 'java/lang/ClassNotFoundException'{0x00000000ee470ca0}: org/gradle/initialization/DefaultProjectDescriptorBeanInfo> (0x00000000ee470ca0) thrown at [./open/src/hotspot/share/classfile/systemDictionary.cpp, line 226]
Event: 22.867 Thread 0x00000133db8ea000 Exception <a 'java/lang/ClassNotFoundException'{0x00000000ee49c9e0}: org/gradle/initialization/DefaultProjectDescriptorCustomizer> (0x00000000ee49c9e0) thrown at [./open/src/hotspot/share/classfile/systemDictionary.cpp, line 226]
Event: 23.045 Thread 0x00000133db8ea000 Exception <a 'java/lang/ClassNotFoundException'{0x00000000edf597c8}: org/jetbrains/plugins/gradle/model/web/WebConfigurationBeanInfo> (0x00000000edf597c8) thrown at [./open/src/hotspot/share/classfile/systemDictionary.cpp, line 226]
Event: 23.045 Thread 0x00000133db8ea000 Exception <a 'java/lang/ClassNotFoundException'{0x00000000edf6a928}: org/jetbrains/plugins/gradle/model/web/WebConfigurationCustomizer> (0x00000000edf6a928) thrown at [./open/src/hotspot/share/classfile/systemDictionary.cpp, line 226]
Event: 23.049 Thread 0x00000133db8ea000 Exception <a 'java/lang/ClassNotFoundException'{0x00000000edfa2570}: org/jetbrains/plugins/gradle/model/scala/ScalaModelBeanInfo> (0x00000000edfa2570) thrown at [./open/src/hotspot/share/classfile/systemDictionary.cpp, line 226]
Event: 23.049 Thread 0x00000133db8ea000 Exception <a 'java/lang/ClassNotFoundException'{0x00000000edfb34b8}: org/jetbrains/plugins/gradle/model/scala/ScalaModelCustomizer> (0x00000000edfb34b8) thrown at [./open/src/hotspot/share/classfile/systemDictionary.cpp, line 226]
Event: 23.061 Thread 0x00000133db8ea000 Exception <a 'java/lang/ClassNotFoundException'{0x00000000ede05d50}: org/jetbrains/plugins/gradle/model/DependencyAccessorsModelBeanInfo> (0x00000000ede05d50) thrown at [./open/src/hotspot/share/classfile/systemDictionary.cpp, line 226]
Event: 23.062 Thread 0x00000133db8ea000 Exception <a 'java/lang/ClassNotFoundException'{0x00000000ede17878}: org/jetbrains/plugins/gradle/model/DependencyAccessorsModelCustomizer> (0x00000000ede17878) thrown at [./open/src/hotspot/share/classfile/systemDictionary.cpp, line 226]

Events (10 events):
Event: 23.152 loading class org/gradle/normalization/internal/RuntimeClasspathNormalizationInternal
Event: 23.152 loading class org/gradle/normalization/internal/RuntimeClasspathNormalizationInternal done
Event: 23.152 loading class org/gradle/normalization/RuntimeClasspathNormalization
Event: 23.152 loading class org/gradle/normalization/RuntimeClasspathNormalization done
Event: 23.152 loading class org/gradle/normalization/InputNormalization
Event: 23.152 loading class org/gradle/normalization/InputNormalization done
Event: 23.153 loading class org/gradle/api/internal/project/taskfactory/TaskInstantiator
Event: 23.153 loading class org/gradle/api/internal/project/taskfactory/TaskInstantiator done
Event: 23.153 loading class org/gradle/model/internal/core/NamedEntityInstantiator
Event: 23.153 loading class org/gradle/model/internal/core/NamedEntityInstantiator done


Dynamic libraries:
0x00007ff7a5580000 - 0x00007ff7a558f000 	C:\dev\jdk-11.0.17\bin\java.exe
0x00007ffc8bc10000 - 0x00007ffc8be08000 	C:\WINDOWS\SYSTEM32\ntdll.dll
0x00007ffc89f80000 - 0x00007ffc8a03f000 	C:\WINDOWS\System32\KERNEL32.DLL
0x00007ffc89340000 - 0x00007ffc89636000 	C:\WINDOWS\System32\KERNELBASE.dll
0x00007ffc89670000 - 0x00007ffc89770000 	C:\WINDOWS\System32\ucrtbase.dll
0x00007ffc4be40000 - 0x00007ffc4be58000 	C:\dev\jdk-11.0.17\bin\jli.dll
0x00007ffc42770000 - 0x00007ffc42785000 	C:\dev\jdk-11.0.17\bin\VCRUNTIME140.dll
0x00007ffc8abe0000 - 0x00007ffc8ac8f000 	C:\WINDOWS\System32\ADVAPI32.dll
0x00007ffc8a8d0000 - 0x00007ffc8a96e000 	C:\WINDOWS\System32\msvcrt.dll
0x00007ffc89d40000 - 0x00007ffc89ddc000 	C:\WINDOWS\System32\sechost.dll
0x00007ffc8b740000 - 0x00007ffc8b866000 	C:\WINDOWS\System32\RPCRT4.dll
0x00007ffc8aa40000 - 0x00007ffc8abdd000 	C:\WINDOWS\System32\USER32.dll
0x00007ffc89920000 - 0x00007ffc89942000 	C:\WINDOWS\System32\win32u.dll
0x00007ffc8a810000 - 0x00007ffc8a83c000 	C:\WINDOWS\System32\GDI32.dll
0x00007ffc899f0000 - 0x00007ffc89b05000 	C:\WINDOWS\System32\gdi32full.dll
0x00007ffc89950000 - 0x00007ffc899ed000 	C:\WINDOWS\System32\msvcp_win.dll
0x00007ffc689b0000 - 0x00007ffc68c4a000 	C:\WINDOWS\WinSxS\amd64_microsoft.windows.common-controls_6595b64144ccf1df_6.0.19041.1110_none_60b5254171f9507e\COMCTL32.dll
0x00007ffc7da80000 - 0x00007ffc7da8a000 	C:\WINDOWS\SYSTEM32\VERSION.dll
0x00007ffc8a840000 - 0x00007ffc8a870000 	C:\WINDOWS\System32\IMM32.DLL
0x00007ffc371e0000 - 0x00007ffc3727b000 	C:\dev\jdk-11.0.17\bin\msvcp140.dll
0x00007ffbf56f0000 - 0x00007ffbf620a000 	C:\dev\jdk-11.0.17\bin\server\jvm.dll
0x00007ffc8af90000 - 0x00007ffc8af98000 	C:\WINDOWS\System32\PSAPI.DLL
0x00007ffc61c20000 - 0x00007ffc61c29000 	C:\WINDOWS\SYSTEM32\WSOCK32.dll
0x00007ffc8a7a0000 - 0x00007ffc8a80b000 	C:\WINDOWS\System32\WS2_32.dll
0x00007ffc6a9e0000 - 0x00007ffc6aa07000 	C:\WINDOWS\SYSTEM32\WINMM.dll
0x00007ffc87af0000 - 0x00007ffc87b02000 	C:\WINDOWS\SYSTEM32\kernel.appcore.dll
0x00007ffc667e0000 - 0x00007ffc667f0000 	C:\dev\jdk-11.0.17\bin\verify.dll
0x00007ffc83ec0000 - 0x00007ffc840a4000 	C:\WINDOWS\SYSTEM32\DBGHELP.DLL
0x00007ffc620f0000 - 0x00007ffc62124000 	C:\WINDOWS\SYSTEM32\dbgcore.DLL
0x00007ffc89890000 - 0x00007ffc89912000 	C:\WINDOWS\System32\bcryptPrimitives.dll
0x00007ffc40cd0000 - 0x00007ffc40cf8000 	C:\dev\jdk-11.0.17\bin\java.dll
0x00007ffc61be0000 - 0x00007ffc61bea000 	C:\dev\jdk-11.0.17\bin\jimage.dll
0x00007ffc5c090000 - 0x00007ffc5c09e000 	C:\dev\jdk-11.0.17\bin\instrument.dll
0x00007ffc41e80000 - 0x00007ffc41e96000 	C:\dev\jdk-11.0.17\bin\zip.dll
0x00007ffc8a040000 - 0x00007ffc8a784000 	C:\WINDOWS\System32\SHELL32.dll
0x00007ffc87310000 - 0x00007ffc87aa4000 	C:\WINDOWS\SYSTEM32\windows.storage.dll
0x00007ffc8b870000 - 0x00007ffc8bbc4000 	C:\WINDOWS\System32\combase.dll
0x00007ffc88bd0000 - 0x00007ffc88bfe000 	C:\WINDOWS\SYSTEM32\Wldp.dll
0x00007ffc89e40000 - 0x00007ffc89eed000 	C:\WINDOWS\System32\SHCORE.dll
0x00007ffc8a9d0000 - 0x00007ffc8aa25000 	C:\WINDOWS\System32\shlwapi.dll
0x00007ffc89220000 - 0x00007ffc89245000 	C:\WINDOWS\SYSTEM32\profapi.dll
0x00007ffc41870000 - 0x00007ffc41889000 	C:\dev\jdk-11.0.17\bin\net.dll
0x00007ffc7b570000 - 0x00007ffc7b67a000 	C:\WINDOWS\SYSTEM32\WINHTTP.dll
0x00007ffc88960000 - 0x00007ffc889ca000 	C:\WINDOWS\system32\mswsock.dll
0x00007ffc411b0000 - 0x00007ffc411c2000 	C:\dev\jdk-11.0.17\bin\nio.dll
0x00007ffc418d0000 - 0x00007ffc418f7000 	C:\Users\com\.gradle\native\68d5fa5c4cc2d200863cafc0d521ce42e7d3e7ee720ec0a83991735586a16f82\windows-amd64\native-platform.dll
0x00007ffc0fa10000 - 0x00007ffc0fb54000 	C:\Users\com\.gradle\native\e376f236ea51e6404a007f0833ffe2c6e607c4080706a723a18a27aeea778392\windows-amd64\native-platform-file-events.dll
0x00007ffc57a50000 - 0x00007ffc57a59000 	C:\dev\jdk-11.0.17\bin\management.dll
0x00007ffc579e0000 - 0x00007ffc579eb000 	C:\dev\jdk-11.0.17\bin\management_ext.dll
0x00007ffc88c90000 - 0x00007ffc88ca8000 	C:\WINDOWS\SYSTEM32\CRYPTSP.dll
0x00007ffc882a0000 - 0x00007ffc882d4000 	C:\WINDOWS\system32\rsaenh.dll
0x00007ffc89640000 - 0x00007ffc89667000 	C:\WINDOWS\System32\bcrypt.dll
0x00007ffc891e0000 - 0x00007ffc8920e000 	C:\WINDOWS\SYSTEM32\USERENV.dll
0x00007ffc88c00000 - 0x00007ffc88c0c000 	C:\WINDOWS\SYSTEM32\CRYPTBASE.dll
0x00007ffc88670000 - 0x00007ffc886ac000 	C:\WINDOWS\SYSTEM32\IPHLPAPI.DLL
0x00007ffc8a790000 - 0x00007ffc8a798000 	C:\WINDOWS\System32\NSI.dll
0x00007ffc7c0d0000 - 0x00007ffc7c0e7000 	C:\WINDOWS\SYSTEM32\dhcpcsvc6.DLL
0x00007ffc7d080000 - 0x00007ffc7d09d000 	C:\WINDOWS\SYSTEM32\dhcpcsvc.DLL
0x00007ffc886b0000 - 0x00007ffc8877a000 	C:\WINDOWS\SYSTEM32\DNSAPI.dll

dbghelp: loaded successfully - version: 4.0.5 - missing functions: none
symbol engine: initialized successfully - sym options: 0x614 - pdb path: .;C:\dev\jdk-11.0.17\bin;C:\WINDOWS\SYSTEM32;C:\WINDOWS\WinSxS\amd64_microsoft.windows.common-controls_6595b64144ccf1df_6.0.19041.1110_none_60b5254171f9507e;C:\dev\jdk-11.0.17\bin\server;C:\Users\com\.gradle\native\68d5fa5c4cc2d200863cafc0d521ce42e7d3e7ee720ec0a83991735586a16f82\windows-amd64;C:\Users\com\.gradle\native\e376f236ea51e6404a007f0833ffe2c6e607c4080706a723a18a27aeea778392\windows-amd64

VM Arguments:
jvm_args: --add-opens=java.base/java.util=ALL-UNNAMED --add-opens=java.base/java.lang=ALL-UNNAMED --add-opens=java.base/java.lang.invoke=ALL-UNNAMED --add-opens=java.prefs/java.util.prefs=ALL-UNNAMED --add-opens=java.base/java.nio.charset=ALL-UNNAMED --add-opens=java.base/java.net=ALL-UNNAMED --add-opens=java.base/java.util.concurrent.atomic=ALL-UNNAMED -XX:MaxMetaspaceSize=384m -XX:+HeapDumpOnOutOfMemoryError -Xms256m -Xmx512m -Dfile.encoding=UTF-8 -Duser.country=KR -Duser.language=ko -Duser.variant -javaagent:C:\Users\com\.gradle\wrapper\dists\gradle-8.2.1-bin\5hap6b9n41hkg4jeh2au2pllh\gradle-8.2.1\lib\agents\gradle-instrumentation-agent-8.2.1.jar 
java_command: org.gradle.launcher.daemon.bootstrap.GradleDaemon 8.2.1
java_class_path (initial): C:\Users\com\.gradle\wrapper\dists\gradle-8.2.1-bin\5hap6b9n41hkg4jeh2au2pllh\gradle-8.2.1\lib\gradle-launcher-8.2.1.jar
Launcher Type: SUN_STANDARD

[Global flags]
     intx CICompilerCount                          = 4                                         {product} {ergonomic}
   size_t CompressedClassSpaceSize                 = 394264576                                 {product} {ergonomic}
     uint ConcGCThreads                            = 2                                         {product} {ergonomic}
     uint G1ConcRefinementThreads                  = 8                                         {product} {ergonomic}
   size_t G1HeapRegionSize                         = 1048576                                   {product} {ergonomic}
    uintx GCDrainStackTargetSize                   = 64                                        {product} {ergonomic}
     bool HeapDumpOnOutOfMemoryError               = true                                   {manageable} {command line}
   size_t InitialHeapSize                          = 268435456                                 {product} {command line}
   size_t MarkStackSize                            = 4194304                                   {product} {ergonomic}
   size_t MaxHeapSize                              = 536870912                                 {product} {command line}
   size_t MaxMetaspaceSize                         = 402653184                                 {product} {command line}
   size_t MaxNewSize                               = 321912832                                 {product} {ergonomic}
   size_t MinHeapDeltaBytes                        = 1048576                                   {product} {ergonomic}
    uintx NonNMethodCodeHeapSize                   = 5836300                                {pd product} {ergonomic}
    uintx NonProfiledCodeHeapSize                  = 122910970                              {pd product} {ergonomic}
    uintx ProfiledCodeHeapSize                     = 122910970                              {pd product} {ergonomic}
    uintx ReservedCodeCacheSize                    = 251658240                              {pd product} {ergonomic}
     bool SegmentedCodeCache                       = true                                      {product} {ergonomic}
     bool UseCompressedClassPointers               = true                                 {lp64_product} {ergonomic}
     bool UseCompressedOops                        = true                                 {lp64_product} {ergonomic}
     bool UseG1GC                                  = true                                      {product} {ergonomic}
     bool UseLargePagesIndividualAllocation        = false                                  {pd product} {ergonomic}

Logging:
Log output configuration:
 #0: stdout all=warning uptime,level,tags
 #1: stderr all=off uptime,level,tags

Environment Variables:
JAVA_HOME=C:\dev\jdk-11.0.17
CLASSPATH=.;C:\dev\jdk-11.0.17\lib\tools.jar;
PATH=C:\app\com\product\11.2.0\dbhome_1\bin;C:\Program Files\Common Files\Oracle\Java\javapath;C:\app\com\product\18.0.0\dbhomeXE\bin;C:\Program Files (x86)\Common Files\Oracle\Java\javapath;C:\WINDOWS\system32;C:\WINDOWS;C:\WINDOWS\System32\Wbem;C:\WINDOWS\System32\WindowsPowerShell\v1.0\;C:\WINDOWS\System32\OpenSSH\;C:\dev\jdk-11.0.17\bin\;C:\Users\com\AppData\Roaming\Python\Python39\Scripts;C:\php;C:\Program Files\PuTTY\;C:\dev\apache-tomcat-9.0.71;C:\dev\apache-maven-3.9.0\bin;C:\dev\jdk-11.0.17\bin;C:\dev\jdk-11.0.17;C:\Program Files\Docker\Docker\resources\bin;C:\Program Files\Git\cmd;C:\Users\com\AppData\Roaming\nvm;C:\Program Files\nodejs;C:\Users\com\AppData\Local\Programs\Python\Launcher\;C:\Users\com\AppData\Local\Programs\Python\Python38\Scripts\;C:\Users\com\AppData\Local\Programs\Python\Python38\;C:\Program Files\MySQL\MySQL Shell 8.0\bin\;C:\Users\com\AppData\Local\Programs\Python\Python310\Scripts\;C:\Users\com\AppData\Local\Programs\Python\Python310\;C:\Users\com\AppData\Local\Microsoft\WindowsApps;C:\Program Files\JetBrains\PyCharm Community Edition 2021.3\bin;;C:\Users\com\AppData\Local\Programs\Microsoft VS Code\bin;C:\Program Files\Java\jdk-19\bin;C:\Users\com\AppData\Roaming\npm;C:\Program Files\JetBrains\IntelliJ IDEA Community Edition 2022.3.1\bin;;C:\Program Files\JetBrains\IntelliJ IDEA 2022.3.3\bin;;C:\Users\com\AppData\Roaming\nvm;C:\Program Files\nodejs
USERNAME=com
OS=Windows_NT
PROCESSOR_IDENTIFIER=Intel64 Family 6 Model 126 Stepping 5, GenuineIntel



---------------  S Y S T E M  ---------------

OS: Windows 10 , 64 bit Build 19041 (10.0.19041.3155)
Hyper-V role detected

CPU:total 8 (initial active 8) (4 cores per cpu, 2 threads per core) family 6 model 126 stepping 5 microcode 0x56, cmov, cx8, fxsr, mmx, sse, sse2, sse3, ssse3, sse4.1, sse4.2, popcnt, avx, avx2, aes, clmul, erms, 3dnowpref, lzcnt, ht, tsc, tscinvbit, bmi1, bmi2, adx, evex, sha, fma

Memory: 4k page, system-wide physical 7973M (256M free)
TotalPageFile size 32549M (AvailPageFile size 5M)
current process WorkingSet (physical memory assigned to process): 386M, peak: 388M
current process commit charge ("private bytes"): 467M, peak: 469M

vm_info: Java HotSpot(TM) 64-Bit Server VM (11.0.17+10-LTS-269) for windows-amd64 JRE (11.0.17+10-LTS-269), built on Sep 13 2022 19:26:37 by "mach5one" with MS VC++ 15.9 (VS2017)

END.
