#
# There is insufficient memory for the Java Runtime Environment to continue.
# Native memory allocation (malloc) failed to allocate 32744 bytes for ChunkPool::allocate
# Possible reasons:
#   The system is out of physical RAM or swap space
#   The process is running with CompressedOops enabled, and the Java Heap may be blocking the growth of the native heap
# Possible solutions:
#   Reduce memory load on the system
#   Increase physical memory or swap space
#   Check if swap backing store is full
#   Decrease Java heap size (-Xmx/-Xms)
#   Decrease number of Java threads
#   Decrease Java thread stack sizes (-Xss)
#   Set larger code cache with -XX:ReservedCodeCacheSize=
#   JVM is running with Unscaled Compressed Oops mode in which the Java heap is
#     placed in the first 4GB address space. The Java Heap base address is the
#     maximum limit for the native heap growth. Please use -XX:HeapBaseMinAddress
#     to set the Java Heap base and to place the Java Heap above 4GB virtual address.
# This output file may be truncated or incomplete.
#
#  Out of Memory Error (arena.cpp:78), pid=9548, tid=14248
#
# JRE version: OpenJDK Runtime Environment JBR-17.0.6+1-653.34-jcef (17.0.6+1) (build 17.0.6+1-b653.34)
# Java VM: OpenJDK 64-Bit Server VM JBR-17.0.6+1-653.34-jcef (17.0.6+1-b653.34, mixed mode, tiered, compressed oops, compressed class ptrs, g1 gc, windows-amd64)
# No core dump will be written. Minidumps are not enabled by default on client versions of Windows
#

---------------  S U M M A R Y ------------

Command Line: -Dawt.toolkit=com.intellij.desktop.DesktopActionsToolkit -Djava.rmi.server.hostname=127.0.0.1 -Duser.timezone=UTC -Xmx750m -Xms128m --add-exports=java.desktop/sun.awt=ALL-UNNAMED --add-exports=java.desktop/java.awt.peer=ALL-UNNAMED --add-opens=java.desktop/java.awt=ALL-UNNAMED --add-opens=jdk.unsupported/sun.misc=ALL-UNNAMED --add-opens=java.base/java.nio=ALL-UNNAMED --add-opens=java.base/java.util=ALL-UNNAMED -Dfile.encoding=UTF-8 com.intellij.database.remote.RemoteJdbcServer com.mysql.cj.jdbc.Driver

Host: Intel(R) Core(TM) i5-1035G1 CPU @ 1.00GHz, 8 cores, 7G,  Windows 10 , 64 bit Build 19041 (10.0.19041.3636)
Time: Tue Feb 20 16:01:08 2024  Windows 10 , 64 bit Build 19041 (10.0.19041.3636) elapsed time: 98.752827 seconds (0d 0h 1m 38s)

---------------  T H R E A D  ---------------

Current thread (0x000001ee1f474070):  JavaThread "C1 CompilerThread0" daemon [_thread_in_native, id=14248, stack(0x000000d733b00000,0x000000d733c00000)]


Current CompileTask:
C1:  98753 2609       3       com.mysql.cj.protocol.a.TextResultsetReader::read (325 bytes)

Stack: [0x000000d733b00000,0x000000d733c00000]
Native frames: (J=compiled Java code, j=interpreted, Vv=VM code, C=native code)
V  [jvm.dll+0x683b4a]
V  [jvm.dll+0x842654]
V  [jvm.dll+0x843dfe]
V  [jvm.dll+0x844463]
V  [jvm.dll+0x249b75]
V  [jvm.dll+0xabecc]
V  [jvm.dll+0xac27c]
V  [jvm.dll+0x13cf01]
V  [jvm.dll+0x13b97a]
V  [jvm.dll+0x13f7cb]
V  [jvm.dll+0x141b45]
V  [jvm.dll+0x13fe24]
V  [jvm.dll+0x139d9f]
V  [jvm.dll+0x1499a6]
V  [jvm.dll+0x135490]
V  [jvm.dll+0x1357f0]
V  [jvm.dll+0x135ab6]
V  [jvm.dll+0x134f4a]
V  [jvm.dll+0x136c11]
V  [jvm.dll+0x22b098]
V  [jvm.dll+0x229159]
V  [jvm.dll+0x7f809c]
V  [jvm.dll+0x7f25fa]
V  [jvm.dll+0x682985]
C  [ucrtbase.dll+0x21bb2]
C  [KERNEL32.DLL+0x17344]
C  [ntdll.dll+0x526b1]


---------------  P R O C E S S  ---------------

Threads class SMR info:
_java_thread_list=0x000001ee0565a500, length=23, elements={
0x000001ee079179a0, 0x000001ee1f415270, 0x000001ee1f415d30, 0x000001ee1f444550,
0x000001ee1ea21ba0, 0x000001ee1ea22460, 0x000001ee1f444f10, 0x000001ee1f468040,
0x000001ee1f474070, 0x000001ee1ea2af20, 0x000001ee1f5e5020, 0x000001ee1f5ec140,
0x000001ee1f71c530, 0x000001ee1f909f80, 0x000001ee1f90ad30, 0x000001ee1f999d00,
0x000001ee1f99f300, 0x000001ee1fae84b0, 0x000001ee1fb054a0, 0x000001ee1fb10540,
0x000001ee1fb10a10, 0x000001ee1fb11d50, 0x000001ee1fb13a30
}

Java Threads: ( => current thread )
  0x000001ee079179a0 JavaThread "main" [_thread_blocked, id=11556, stack(0x000000d732d00000,0x000000d732e00000)]
  0x000001ee1f415270 JavaThread "Reference Handler" daemon [_thread_blocked, id=27504, stack(0x000000d733400000,0x000000d733500000)]
  0x000001ee1f415d30 JavaThread "Finalizer" daemon [_thread_blocked, id=17156, stack(0x000000d733500000,0x000000d733600000)]
  0x000001ee1f444550 JavaThread "Signal Dispatcher" daemon [_thread_blocked, id=25068, stack(0x000000d733600000,0x000000d733700000)]
  0x000001ee1ea21ba0 JavaThread "Attach Listener" daemon [_thread_blocked, id=28556, stack(0x000000d733700000,0x000000d733800000)]
  0x000001ee1ea22460 JavaThread "Service Thread" daemon [_thread_blocked, id=13204, stack(0x000000d733800000,0x000000d733900000)]
  0x000001ee1f444f10 JavaThread "Monitor Deflation Thread" daemon [_thread_blocked, id=14760, stack(0x000000d733900000,0x000000d733a00000)]
  0x000001ee1f468040 JavaThread "C2 CompilerThread0" daemon [_thread_in_native, id=15016, stack(0x000000d733a00000,0x000000d733b00000)]
=>0x000001ee1f474070 JavaThread "C1 CompilerThread0" daemon [_thread_in_native, id=14248, stack(0x000000d733b00000,0x000000d733c00000)]
  0x000001ee1ea2af20 JavaThread "Sweeper thread" daemon [_thread_blocked, id=17244, stack(0x000000d733c00000,0x000000d733d00000)]
  0x000001ee1f5e5020 JavaThread "Common-Cleaner" daemon [_thread_blocked, id=28512, stack(0x000000d733d00000,0x000000d733e00000)]
  0x000001ee1f5ec140 JavaThread "Notification Thread" daemon [_thread_blocked, id=22844, stack(0x000000d733e00000,0x000000d733f00000)]
  0x000001ee1f71c530 JavaThread "mysql-cj-abandoned-connection-cleanup" daemon [_thread_blocked, id=24808, stack(0x000000d734100000,0x000000d734200000)]
  0x000001ee1f909f80 JavaThread "Java2D Disposer" daemon [_thread_blocked, id=22584, stack(0x000000d734200000,0x000000d734300000)]
  0x000001ee1f90ad30 JavaThread "AWT-Windows" daemon [_thread_in_native, id=30192, stack(0x000000d734400000,0x000000d734500000)]
  0x000001ee1f999d00 JavaThread "RMI TCP Accept-21813" daemon [_thread_in_native, id=29552, stack(0x000000d734500000,0x000000d734600000)]
  0x000001ee1f99f300 JavaThread "RMI TCP Accept-0" daemon [_thread_in_native, id=30648, stack(0x000000d734600000,0x000000d734700000)]
  0x000001ee1fae84b0 JavaThread "RMI Reaper" [_thread_blocked, id=29028, stack(0x000000d734700000,0x000000d734800000)]
  0x000001ee1fb054a0 JavaThread "RMI GC Daemon" daemon [_thread_blocked, id=6020, stack(0x000000d734800000,0x000000d734900000)]
  0x000001ee1fb10540 JavaThread "RMI TCP Connection(1)-127.0.0.1" daemon [_thread_in_native, id=30756, stack(0x000000d734000000,0x000000d734100000)]
  0x000001ee1fb10a10 JavaThread "RMI Scheduler(0)" daemon [_thread_blocked, id=29680, stack(0x000000d734900000,0x000000d734a00000)]
  0x000001ee1fb11d50 JavaThread "RMI TCP Connection(2)-127.0.0.1" daemon [_thread_in_native, id=27164, stack(0x000000d734a00000,0x000000d734b00000)]
  0x000001ee1fb13a30 JavaThread "RMI RenewClean-[127.0.0.1:56727]" daemon [_thread_blocked, id=29888, stack(0x000000d734b00000,0x000000d734c00000)]

Other Threads:
  0x000001ee1ea0cc70 VMThread "VM Thread" [stack: 0x000000d733300000,0x000000d733400000] [id=13104]
  0x000001ee07964370 WatcherThread [stack: 0x000000d733f00000,0x000000d734000000] [id=30884]
  0x000001ee0794dfb0 GCTaskThread "GC Thread#0" [stack: 0x000000d732e00000,0x000000d732f00000] [id=20204]
  0x000001ee21b5b300 GCTaskThread "GC Thread#1" [stack: 0x000000d734300000,0x000000d734400000] [id=31612]
  0x000001ee21bb94a0 GCTaskThread "GC Thread#2" [stack: 0x000000d734d00000,0x000000d734e00000] [id=31380]
  0x000001ee21bb9750 GCTaskThread "GC Thread#3" [stack: 0x000000d734e00000,0x000000d734f00000] [id=25820]
  0x000001ee21bcb940 GCTaskThread "GC Thread#4" [stack: 0x000000d734f00000,0x000000d735000000] [id=15632]
  0x000001ee219a6b20 GCTaskThread "GC Thread#5" [stack: 0x000000d735000000,0x000000d735100000] [id=31296]
  0x000001ee1fd54850 GCTaskThread "GC Thread#6" [stack: 0x000000d735100000,0x000000d735200000] [id=12164]
  0x000001ee1fd54b00 GCTaskThread "GC Thread#7" [stack: 0x000000d735200000,0x000000d735300000] [id=13364]
  0x000001ee07955bd0 ConcurrentGCThread "G1 Main Marker" [stack: 0x000000d732f00000,0x000000d733000000] [id=30488]
  0x000001ee07956c90 ConcurrentGCThread "G1 Conc#0" [stack: 0x000000d733000000,0x000000d733100000] [id=25916]
  0x000001ee079debd0 ConcurrentGCThread "G1 Refine#0" [stack: 0x000000d733100000,0x000000d733200000] [id=1464]
  0x000001ee22620950 ConcurrentGCThread "G1 Refine#1" [stack: 0x000000d735300000,0x000000d735400000] [id=27424]
  0x000001ee1e868640 ConcurrentGCThread "G1 Service" [stack: 0x000000d733200000,0x000000d733300000] [id=30240]

Threads with active compile tasks:
C2 CompilerThread0    98839 2583   !   4       java.io.ObjectInputStream::readSerialData (549 bytes)
C1 CompilerThread0    98839 2609       3       com.mysql.cj.protocol.a.TextResultsetReader::read (325 bytes)

VM state: not at safepoint (normal execution)

VM Mutex/Monitor currently owned by a thread: None

Heap address: 0x00000000d1200000, size: 750 MB, Compressed Oops mode: 32-bit

CDS archive(s) not mapped
Compressed class space mapped at: 0x0000000100000000-0x0000000140000000, reserved size: 1073741824
Narrow klass base: 0x0000000000000000, Narrow klass shift: 3, Narrow klass range: 0x140000000

GC Precious Log:
 CPUs: 8 total, 8 available
 Memory: 7973M
 Large Page Support: Disabled
 NUMA Support: Disabled
 Compressed Oops: Enabled (32-bit)
 Heap Region Size: 1M
 Heap Min Capacity: 128M
 Heap Initial Capacity: 128M
 Heap Max Capacity: 750M
 Pre-touch: Disabled
 Parallel Workers: 8
 Concurrent Workers: 2
 Concurrent Refinement Workers: 8
 Periodic GC: Disabled

Heap:
 garbage-first heap   total 131072K, used 36876K [0x00000000d1200000, 0x0000000100000000)
  region size 1024K, 29 young (29696K), 1 survivors (1024K)
 Metaspace       used 20547K, committed 20864K, reserved 1073152K
  class space    used 2009K, committed 2176K, reserved 1048576K

Heap Regions: E=young(eden), S=young(survivor), O=old, HS=humongous(starts), HC=humongous(continues), CS=collection set, F=free, OA=open archive, CA=closed archive, TAMS=top-at-mark-start (previous, next)
|   0|0x00000000d1200000, 0x00000000d1300000, 0x00000000d1300000|100%|HS|  |TAMS 0x00000000d1200000, 0x00000000d1200000| Complete 
|   1|0x00000000d1300000, 0x00000000d1400000, 0x00000000d1400000|100%|HC|  |TAMS 0x00000000d1300000, 0x00000000d1300000| Complete 
|   2|0x00000000d1400000, 0x00000000d1500000, 0x00000000d1500000|100%|HC|  |TAMS 0x00000000d1400000, 0x00000000d1400000| Complete 
|   3|0x00000000d1500000, 0x00000000d1600000, 0x00000000d1600000|100%| O|  |TAMS 0x00000000d1500000, 0x00000000d1500000| Untracked 
|   4|0x00000000d1600000, 0x00000000d1700000, 0x00000000d1700000|100%| O|  |TAMS 0x00000000d1600000, 0x00000000d1600000| Untracked 
|   5|0x00000000d1700000, 0x00000000d1800000, 0x00000000d1800000|100%| O|  |TAMS 0x00000000d1700000, 0x00000000d1700000| Untracked 
|   6|0x00000000d1800000, 0x00000000d1900000, 0x00000000d1900000|100%| O|  |TAMS 0x00000000d1800000, 0x00000000d1800000| Untracked 
|   7|0x00000000d1900000, 0x00000000d1a00000, 0x00000000d1a00000|100%| O|  |TAMS 0x00000000d1900000, 0x00000000d1900000| Untracked 
|   8|0x00000000d1a00000, 0x00000000d1a35000, 0x00000000d1b00000| 20%| O|  |TAMS 0x00000000d1a00000, 0x00000000d1a00000| Untracked 
|   9|0x00000000d1b00000, 0x00000000d1b00000, 0x00000000d1c00000|  0%| F|  |TAMS 0x00000000d1b00000, 0x00000000d1b00000| Untracked 
|  10|0x00000000d1c00000, 0x00000000d1c00000, 0x00000000d1d00000|  0%| F|  |TAMS 0x00000000d1c00000, 0x00000000d1c00000| Untracked 
|  11|0x00000000d1d00000, 0x00000000d1d00000, 0x00000000d1e00000|  0%| F|  |TAMS 0x00000000d1d00000, 0x00000000d1d00000| Untracked 
|  12|0x00000000d1e00000, 0x00000000d1e00000, 0x00000000d1f00000|  0%| F|  |TAMS 0x00000000d1e00000, 0x00000000d1e00000| Untracked 
|  13|0x00000000d1f00000, 0x00000000d1f00000, 0x00000000d2000000|  0%| F|  |TAMS 0x00000000d1f00000, 0x00000000d1f00000| Untracked 
|  14|0x00000000d2000000, 0x00000000d2000000, 0x00000000d2100000|  0%| F|  |TAMS 0x00000000d2000000, 0x00000000d2000000| Untracked 
|  15|0x00000000d2100000, 0x00000000d2100000, 0x00000000d2200000|  0%| F|  |TAMS 0x00000000d2100000, 0x00000000d2100000| Untracked 
|  16|0x00000000d2200000, 0x00000000d2200000, 0x00000000d2300000|  0%| F|  |TAMS 0x00000000d2200000, 0x00000000d2200000| Untracked 
|  17|0x00000000d2300000, 0x00000000d2300000, 0x00000000d2400000|  0%| F|  |TAMS 0x00000000d2300000, 0x00000000d2300000| Untracked 
|  18|0x00000000d2400000, 0x00000000d2400000, 0x00000000d2500000|  0%| F|  |TAMS 0x00000000d2400000, 0x00000000d2400000| Untracked 
|  19|0x00000000d2500000, 0x00000000d2500000, 0x00000000d2600000|  0%| F|  |TAMS 0x00000000d2500000, 0x00000000d2500000| Untracked 
|  20|0x00000000d2600000, 0x00000000d2600000, 0x00000000d2700000|  0%| F|  |TAMS 0x00000000d2600000, 0x00000000d2600000| Untracked 
|  21|0x00000000d2700000, 0x00000000d2700000, 0x00000000d2800000|  0%| F|  |TAMS 0x00000000d2700000, 0x00000000d2700000| Untracked 
|  22|0x00000000d2800000, 0x00000000d2800000, 0x00000000d2900000|  0%| F|  |TAMS 0x00000000d2800000, 0x00000000d2800000| Untracked 
|  23|0x00000000d2900000, 0x00000000d2900000, 0x00000000d2a00000|  0%| F|  |TAMS 0x00000000d2900000, 0x00000000d2900000| Untracked 
|  24|0x00000000d2a00000, 0x00000000d2a00000, 0x00000000d2b00000|  0%| F|  |TAMS 0x00000000d2a00000, 0x00000000d2a00000| Untracked 
|  25|0x00000000d2b00000, 0x00000000d2b00000, 0x00000000d2c00000|  0%| F|  |TAMS 0x00000000d2b00000, 0x00000000d2b00000| Untracked 
|  26|0x00000000d2c00000, 0x00000000d2c00000, 0x00000000d2d00000|  0%| F|  |TAMS 0x00000000d2c00000, 0x00000000d2c00000| Untracked 
|  27|0x00000000d2d00000, 0x00000000d2d00000, 0x00000000d2e00000|  0%| F|  |TAMS 0x00000000d2d00000, 0x00000000d2d00000| Untracked 
|  28|0x00000000d2e00000, 0x00000000d2e00000, 0x00000000d2f00000|  0%| F|  |TAMS 0x00000000d2e00000, 0x00000000d2e00000| Untracked 
|  29|0x00000000d2f00000, 0x00000000d2f00000, 0x00000000d3000000|  0%| F|  |TAMS 0x00000000d2f00000, 0x00000000d2f00000| Untracked 
|  30|0x00000000d3000000, 0x00000000d3000000, 0x00000000d3100000|  0%| F|  |TAMS 0x00000000d3000000, 0x00000000d3000000| Untracked 
|  31|0x00000000d3100000, 0x00000000d3100000, 0x00000000d3200000|  0%| F|  |TAMS 0x00000000d3100000, 0x00000000d3100000| Untracked 
|  32|0x00000000d3200000, 0x00000000d3200000, 0x00000000d3300000|  0%| F|  |TAMS 0x00000000d3200000, 0x00000000d3200000| Untracked 
|  33|0x00000000d3300000, 0x00000000d3300000, 0x00000000d3400000|  0%| F|  |TAMS 0x00000000d3300000, 0x00000000d3300000| Untracked 
|  34|0x00000000d3400000, 0x00000000d3400000, 0x00000000d3500000|  0%| F|  |TAMS 0x00000000d3400000, 0x00000000d3400000| Untracked 
|  35|0x00000000d3500000, 0x00000000d3500000, 0x00000000d3600000|  0%| F|  |TAMS 0x00000000d3500000, 0x00000000d3500000| Untracked 
|  36|0x00000000d3600000, 0x00000000d3600000, 0x00000000d3700000|  0%| F|  |TAMS 0x00000000d3600000, 0x00000000d3600000| Untracked 
|  37|0x00000000d3700000, 0x00000000d3700000, 0x00000000d3800000|  0%| F|  |TAMS 0x00000000d3700000, 0x00000000d3700000| Untracked 
|  38|0x00000000d3800000, 0x00000000d3800000, 0x00000000d3900000|  0%| F|  |TAMS 0x00000000d3800000, 0x00000000d3800000| Untracked 
|  39|0x00000000d3900000, 0x00000000d3900000, 0x00000000d3a00000|  0%| F|  |TAMS 0x00000000d3900000, 0x00000000d3900000| Untracked 
|  40|0x00000000d3a00000, 0x00000000d3a00000, 0x00000000d3b00000|  0%| F|  |TAMS 0x00000000d3a00000, 0x00000000d3a00000| Untracked 
|  41|0x00000000d3b00000, 0x00000000d3b00000, 0x00000000d3c00000|  0%| F|  |TAMS 0x00000000d3b00000, 0x00000000d3b00000| Untracked 
|  42|0x00000000d3c00000, 0x00000000d3c00000, 0x00000000d3d00000|  0%| F|  |TAMS 0x00000000d3c00000, 0x00000000d3c00000| Untracked 
|  43|0x00000000d3d00000, 0x00000000d3d00000, 0x00000000d3e00000|  0%| F|  |TAMS 0x00000000d3d00000, 0x00000000d3d00000| Untracked 
|  44|0x00000000d3e00000, 0x00000000d3e00000, 0x00000000d3f00000|  0%| F|  |TAMS 0x00000000d3e00000, 0x00000000d3e00000| Untracked 
|  45|0x00000000d3f00000, 0x00000000d3f00000, 0x00000000d4000000|  0%| F|  |TAMS 0x00000000d3f00000, 0x00000000d3f00000| Untracked 
|  46|0x00000000d4000000, 0x00000000d4000000, 0x00000000d4100000|  0%| F|  |TAMS 0x00000000d4000000, 0x00000000d4000000| Untracked 
|  47|0x00000000d4100000, 0x00000000d4100000, 0x00000000d4200000|  0%| F|  |TAMS 0x00000000d4100000, 0x00000000d4100000| Untracked 
|  48|0x00000000d4200000, 0x00000000d4200000, 0x00000000d4300000|  0%| F|  |TAMS 0x00000000d4200000, 0x00000000d4200000| Untracked 
|  49|0x00000000d4300000, 0x00000000d4300000, 0x00000000d4400000|  0%| F|  |TAMS 0x00000000d4300000, 0x00000000d4300000| Untracked 
|  50|0x00000000d4400000, 0x00000000d4400000, 0x00000000d4500000|  0%| F|  |TAMS 0x00000000d4400000, 0x00000000d4400000| Untracked 
|  51|0x00000000d4500000, 0x00000000d4500000, 0x00000000d4600000|  0%| F|  |TAMS 0x00000000d4500000, 0x00000000d4500000| Untracked 
|  52|0x00000000d4600000, 0x00000000d4600000, 0x00000000d4700000|  0%| F|  |TAMS 0x00000000d4600000, 0x00000000d4600000| Untracked 
|  53|0x00000000d4700000, 0x00000000d4700000, 0x00000000d4800000|  0%| F|  |TAMS 0x00000000d4700000, 0x00000000d4700000| Untracked 
|  54|0x00000000d4800000, 0x00000000d4800000, 0x00000000d4900000|  0%| F|  |TAMS 0x00000000d4800000, 0x00000000d4800000| Untracked 
|  55|0x00000000d4900000, 0x00000000d4900000, 0x00000000d4a00000|  0%| F|  |TAMS 0x00000000d4900000, 0x00000000d4900000| Untracked 
|  56|0x00000000d4a00000, 0x00000000d4a00000, 0x00000000d4b00000|  0%| F|  |TAMS 0x00000000d4a00000, 0x00000000d4a00000| Untracked 
|  57|0x00000000d4b00000, 0x00000000d4b00000, 0x00000000d4c00000|  0%| F|  |TAMS 0x00000000d4b00000, 0x00000000d4b00000| Untracked 
|  58|0x00000000d4c00000, 0x00000000d4c00000, 0x00000000d4d00000|  0%| F|  |TAMS 0x00000000d4c00000, 0x00000000d4c00000| Untracked 
|  59|0x00000000d4d00000, 0x00000000d4d00000, 0x00000000d4e00000|  0%| F|  |TAMS 0x00000000d4d00000, 0x00000000d4d00000| Untracked 
|  60|0x00000000d4e00000, 0x00000000d4e00000, 0x00000000d4f00000|  0%| F|  |TAMS 0x00000000d4e00000, 0x00000000d4e00000| Untracked 
|  61|0x00000000d4f00000, 0x00000000d4f00000, 0x00000000d5000000|  0%| F|  |TAMS 0x00000000d4f00000, 0x00000000d4f00000| Untracked 
|  62|0x00000000d5000000, 0x00000000d5000000, 0x00000000d5100000|  0%| F|  |TAMS 0x00000000d5000000, 0x00000000d5000000| Untracked 
|  63|0x00000000d5100000, 0x00000000d5100000, 0x00000000d5200000|  0%| F|  |TAMS 0x00000000d5100000, 0x00000000d5100000| Untracked 
|  64|0x00000000d5200000, 0x00000000d5200000, 0x00000000d5300000|  0%| F|  |TAMS 0x00000000d5200000, 0x00000000d5200000| Untracked 
|  65|0x00000000d5300000, 0x00000000d5300000, 0x00000000d5400000|  0%| F|  |TAMS 0x00000000d5300000, 0x00000000d5300000| Untracked 
|  66|0x00000000d5400000, 0x00000000d5400000, 0x00000000d5500000|  0%| F|  |TAMS 0x00000000d5400000, 0x00000000d5400000| Untracked 
|  67|0x00000000d5500000, 0x00000000d5500000, 0x00000000d5600000|  0%| F|  |TAMS 0x00000000d5500000, 0x00000000d5500000| Untracked 
|  68|0x00000000d5600000, 0x00000000d5600000, 0x00000000d5700000|  0%| F|  |TAMS 0x00000000d5600000, 0x00000000d5600000| Untracked 
|  69|0x00000000d5700000, 0x00000000d5700000, 0x00000000d5800000|  0%| F|  |TAMS 0x00000000d5700000, 0x00000000d5700000| Untracked 
|  70|0x00000000d5800000, 0x00000000d5800000, 0x00000000d5900000|  0%| F|  |TAMS 0x00000000d5800000, 0x00000000d5800000| Untracked 
|  71|0x00000000d5900000, 0x00000000d5900000, 0x00000000d5a00000|  0%| F|  |TAMS 0x00000000d5900000, 0x00000000d5900000| Untracked 
|  72|0x00000000d5a00000, 0x00000000d5a00000, 0x00000000d5b00000|  0%| F|  |TAMS 0x00000000d5a00000, 0x00000000d5a00000| Untracked 
|  73|0x00000000d5b00000, 0x00000000d5b00000, 0x00000000d5c00000|  0%| F|  |TAMS 0x00000000d5b00000, 0x00000000d5b00000| Untracked 
|  74|0x00000000d5c00000, 0x00000000d5c00000, 0x00000000d5d00000|  0%| F|  |TAMS 0x00000000d5c00000, 0x00000000d5c00000| Untracked 
|  75|0x00000000d5d00000, 0x00000000d5d00000, 0x00000000d5e00000|  0%| F|  |TAMS 0x00000000d5d00000, 0x00000000d5d00000| Untracked 
|  76|0x00000000d5e00000, 0x00000000d5e00000, 0x00000000d5f00000|  0%| F|  |TAMS 0x00000000d5e00000, 0x00000000d5e00000| Untracked 
|  77|0x00000000d5f00000, 0x00000000d5f00000, 0x00000000d6000000|  0%| F|  |TAMS 0x00000000d5f00000, 0x00000000d5f00000| Untracked 
|  78|0x00000000d6000000, 0x00000000d6000000, 0x00000000d6100000|  0%| F|  |TAMS 0x00000000d6000000, 0x00000000d6000000| Untracked 
|  79|0x00000000d6100000, 0x00000000d6100000, 0x00000000d6200000|  0%| F|  |TAMS 0x00000000d6100000, 0x00000000d6100000| Untracked 
|  80|0x00000000d6200000, 0x00000000d6200000, 0x00000000d6300000|  0%| F|  |TAMS 0x00000000d6200000, 0x00000000d6200000| Untracked 
|  81|0x00000000d6300000, 0x00000000d6300000, 0x00000000d6400000|  0%| F|  |TAMS 0x00000000d6300000, 0x00000000d6300000| Untracked 
|  82|0x00000000d6400000, 0x00000000d6400000, 0x00000000d6500000|  0%| F|  |TAMS 0x00000000d6400000, 0x00000000d6400000| Untracked 
|  83|0x00000000d6500000, 0x00000000d6500000, 0x00000000d6600000|  0%| F|  |TAMS 0x00000000d6500000, 0x00000000d6500000| Untracked 
|  84|0x00000000d6600000, 0x00000000d6600000, 0x00000000d6700000|  0%| F|  |TAMS 0x00000000d6600000, 0x00000000d6600000| Untracked 
|  85|0x00000000d6700000, 0x00000000d6700000, 0x00000000d6800000|  0%| F|  |TAMS 0x00000000d6700000, 0x00000000d6700000| Untracked 
|  86|0x00000000d6800000, 0x00000000d6800000, 0x00000000d6900000|  0%| F|  |TAMS 0x00000000d6800000, 0x00000000d6800000| Untracked 
|  87|0x00000000d6900000, 0x00000000d6900000, 0x00000000d6a00000|  0%| F|  |TAMS 0x00000000d6900000, 0x00000000d6900000| Untracked 
|  88|0x00000000d6a00000, 0x00000000d6a00000, 0x00000000d6b00000|  0%| F|  |TAMS 0x00000000d6a00000, 0x00000000d6a00000| Untracked 
|  89|0x00000000d6b00000, 0x00000000d6b00000, 0x00000000d6c00000|  0%| F|  |TAMS 0x00000000d6b00000, 0x00000000d6b00000| Untracked 
|  90|0x00000000d6c00000, 0x00000000d6c00000, 0x00000000d6d00000|  0%| F|  |TAMS 0x00000000d6c00000, 0x00000000d6c00000| Untracked 
|  91|0x00000000d6d00000, 0x00000000d6d00000, 0x00000000d6e00000|  0%| F|  |TAMS 0x00000000d6d00000, 0x00000000d6d00000| Untracked 
|  92|0x00000000d6e00000, 0x00000000d6e00000, 0x00000000d6f00000|  0%| F|  |TAMS 0x00000000d6e00000, 0x00000000d6e00000| Untracked 
|  93|0x00000000d6f00000, 0x00000000d6f00000, 0x00000000d7000000|  0%| F|  |TAMS 0x00000000d6f00000, 0x00000000d6f00000| Untracked 
|  94|0x00000000d7000000, 0x00000000d7000000, 0x00000000d7100000|  0%| F|  |TAMS 0x00000000d7000000, 0x00000000d7000000| Untracked 
|  95|0x00000000d7100000, 0x00000000d7100000, 0x00000000d7200000|  0%| F|  |TAMS 0x00000000d7100000, 0x00000000d7100000| Untracked 
|  96|0x00000000d7200000, 0x00000000d7200000, 0x00000000d7300000|  0%| F|  |TAMS 0x00000000d7200000, 0x00000000d7200000| Untracked 
|  97|0x00000000d7300000, 0x00000000d7300000, 0x00000000d7400000|  0%| F|  |TAMS 0x00000000d7300000, 0x00000000d7300000| Untracked 
|  98|0x00000000d7400000, 0x00000000d7400000, 0x00000000d7500000|  0%| F|  |TAMS 0x00000000d7400000, 0x00000000d7400000| Untracked 
|  99|0x00000000d7500000, 0x00000000d7580800, 0x00000000d7600000| 50%| E|  |TAMS 0x00000000d7500000, 0x00000000d7500000| Complete 
| 100|0x00000000d7600000, 0x00000000d7700000, 0x00000000d7700000|100%| E|CS|TAMS 0x00000000d7600000, 0x00000000d7600000| Complete 
| 101|0x00000000d7700000, 0x00000000d7800000, 0x00000000d7800000|100%| E|CS|TAMS 0x00000000d7700000, 0x00000000d7700000| Complete 
| 102|0x00000000d7800000, 0x00000000d7900000, 0x00000000d7900000|100%| E|CS|TAMS 0x00000000d7800000, 0x00000000d7800000| Complete 
| 103|0x00000000d7900000, 0x00000000d7a00000, 0x00000000d7a00000|100%| E|CS|TAMS 0x00000000d7900000, 0x00000000d7900000| Complete 
| 104|0x00000000d7a00000, 0x00000000d7b00000, 0x00000000d7b00000|100%| E|CS|TAMS 0x00000000d7a00000, 0x00000000d7a00000| Complete 
| 105|0x00000000d7b00000, 0x00000000d7bce330, 0x00000000d7c00000| 80%| S|CS|TAMS 0x00000000d7b00000, 0x00000000d7b00000| Complete 
| 106|0x00000000d7c00000, 0x00000000d7d00000, 0x00000000d7d00000|100%| E|CS|TAMS 0x00000000d7c00000, 0x00000000d7c00000| Complete 
| 107|0x00000000d7d00000, 0x00000000d7e00000, 0x00000000d7e00000|100%| E|CS|TAMS 0x00000000d7d00000, 0x00000000d7d00000| Complete 
| 108|0x00000000d7e00000, 0x00000000d7f00000, 0x00000000d7f00000|100%| E|CS|TAMS 0x00000000d7e00000, 0x00000000d7e00000| Complete 
| 109|0x00000000d7f00000, 0x00000000d8000000, 0x00000000d8000000|100%| E|CS|TAMS 0x00000000d7f00000, 0x00000000d7f00000| Complete 
| 110|0x00000000d8000000, 0x00000000d8100000, 0x00000000d8100000|100%| E|CS|TAMS 0x00000000d8000000, 0x00000000d8000000| Complete 
| 111|0x00000000d8100000, 0x00000000d8200000, 0x00000000d8200000|100%| E|CS|TAMS 0x00000000d8100000, 0x00000000d8100000| Complete 
| 112|0x00000000d8200000, 0x00000000d8300000, 0x00000000d8300000|100%| E|CS|TAMS 0x00000000d8200000, 0x00000000d8200000| Complete 
| 113|0x00000000d8300000, 0x00000000d8400000, 0x00000000d8400000|100%| E|CS|TAMS 0x00000000d8300000, 0x00000000d8300000| Complete 
| 114|0x00000000d8400000, 0x00000000d8500000, 0x00000000d8500000|100%| E|CS|TAMS 0x00000000d8400000, 0x00000000d8400000| Complete 
| 115|0x00000000d8500000, 0x00000000d8600000, 0x00000000d8600000|100%| E|CS|TAMS 0x00000000d8500000, 0x00000000d8500000| Complete 
| 116|0x00000000d8600000, 0x00000000d8700000, 0x00000000d8700000|100%| E|CS|TAMS 0x00000000d8600000, 0x00000000d8600000| Complete 
| 117|0x00000000d8700000, 0x00000000d8800000, 0x00000000d8800000|100%| E|CS|TAMS 0x00000000d8700000, 0x00000000d8700000| Complete 
| 118|0x00000000d8800000, 0x00000000d8900000, 0x00000000d8900000|100%| E|CS|TAMS 0x00000000d8800000, 0x00000000d8800000| Complete 
| 119|0x00000000d8900000, 0x00000000d8a00000, 0x00000000d8a00000|100%| E|CS|TAMS 0x00000000d8900000, 0x00000000d8900000| Complete 
| 120|0x00000000d8a00000, 0x00000000d8b00000, 0x00000000d8b00000|100%| E|CS|TAMS 0x00000000d8a00000, 0x00000000d8a00000| Complete 
| 121|0x00000000d8b00000, 0x00000000d8c00000, 0x00000000d8c00000|100%| E|CS|TAMS 0x00000000d8b00000, 0x00000000d8b00000| Complete 
| 122|0x00000000d8c00000, 0x00000000d8d00000, 0x00000000d8d00000|100%| E|CS|TAMS 0x00000000d8c00000, 0x00000000d8c00000| Complete 
| 123|0x00000000d8d00000, 0x00000000d8e00000, 0x00000000d8e00000|100%| E|CS|TAMS 0x00000000d8d00000, 0x00000000d8d00000| Complete 
| 124|0x00000000d8e00000, 0x00000000d8f00000, 0x00000000d8f00000|100%| E|CS|TAMS 0x00000000d8e00000, 0x00000000d8e00000| Complete 
| 125|0x00000000d8f00000, 0x00000000d9000000, 0x00000000d9000000|100%| E|CS|TAMS 0x00000000d8f00000, 0x00000000d8f00000| Complete 
| 126|0x00000000d9000000, 0x00000000d9100000, 0x00000000d9100000|100%| E|CS|TAMS 0x00000000d9000000, 0x00000000d9000000| Complete 
| 127|0x00000000d9100000, 0x00000000d9200000, 0x00000000d9200000|100%| E|CS|TAMS 0x00000000d9100000, 0x00000000d9100000| Complete 

Card table byte_map: [0x000001ee1a530000,0x000001ee1a6b0000] _byte_map_base: 0x000001ee19ea7000

Marking Bits (Prev, Next): (CMBitMap*) 0x000001ee0794f4e0, (CMBitMap*) 0x000001ee0794f520
 Prev Bits: [0x000001ee1a830000, 0x000001ee1b3e8000)
 Next Bits: [0x000001ee1b3f0000, 0x000001ee1bfa8000)

Polling page: 0x000001ee058a0000

Metaspace:

Usage:
  Non-class:     18.10 MB used.
      Class:      1.96 MB used.
       Both:     20.07 MB used.

Virtual space:
  Non-class space:       24.00 MB reserved,      18.25 MB ( 76%) committed,  3 nodes.
      Class space:        1.00 GB reserved,       2.12 MB ( <1%) committed,  1 nodes.
             Both:        1.02 GB reserved,      20.38 MB (  2%) committed. 

Chunk freelists:
   Non-Class:  1.70 MB
       Class:  1.88 MB
        Both:  3.59 MB

MaxMetaspaceSize: unlimited
CompressedClassSpaceSize: 1.00 GB
Initial GC threshold: 21.00 MB
Current GC threshold: 21.00 MB
CDS: off
MetaspaceReclaimPolicy: balanced
 - commit_granule_bytes: 65536.
 - commit_granule_words: 8192.
 - virtual_space_node_default_size: 1048576.
 - enlarge_chunks_in_place: 1.
 - new_chunks_are_fully_committed: 0.
 - uncommit_free_chunks: 1.
 - use_allocation_guard: 0.
 - handle_deallocations: 1.


Internal statistics:

num_allocs_failed_limit: 0.
num_arena_births: 342.
num_arena_deaths: 0.
num_vsnodes_births: 4.
num_vsnodes_deaths: 0.
num_space_committed: 326.
num_space_uncommitted: 0.
num_chunks_returned_to_freelist: 0.
num_chunks_taken_from_freelist: 720.
num_chunk_merges: 0.
num_chunk_splits: 419.
num_chunks_enlarged: 193.
num_purges: 0.
num_inconsistent_stats: 0.

CodeHeap 'non-profiled nmethods': size=120000Kb used=1238Kb max_used=1238Kb free=118761Kb
 bounds [0x000001ee12b50000, 0x000001ee12dc0000, 0x000001ee1a080000]
CodeHeap 'profiled nmethods': size=120000Kb used=5368Kb max_used=5368Kb free=114631Kb
 bounds [0x000001ee0b080000, 0x000001ee0b5c0000, 0x000001ee125b0000]
CodeHeap 'non-nmethods': size=5760Kb used=1246Kb max_used=1307Kb free=4513Kb
 bounds [0x000001ee125b0000, 0x000001ee12820000, 0x000001ee12b50000]
 total_blobs=3156 nmethods=2604 adapters=465
 compilation: enabled
              stopped_count=0, restarted_count=0
 full_count=0

Compilation events (20 events):
Event: 98.686 Thread 0x000001ee1f474070 nmethod 2598 0x000001ee12c84990 code [0x000001ee12c84b20, 0x000001ee12c84bf8]
Event: 98.686 Thread 0x000001ee1f474070 2599       1       sun.util.calendar.CalendarDate::isNormalized (5 bytes)
Event: 98.686 Thread 0x000001ee1f474070 nmethod 2599 0x000001ee12c84c90 code [0x000001ee12c84e20, 0x000001ee12c84ef8]
Event: 98.686 Thread 0x000001ee1f474070 2600       1       sun.util.calendar.BaseCalendar$Date::getCachedJan1 (5 bytes)
Event: 98.686 Thread 0x000001ee1f474070 nmethod 2600 0x000001ee12c84f90 code [0x000001ee12c85120, 0x000001ee12c851f8]
Event: 98.686 Thread 0x000001ee1f474070 2601       1       com.mysql.cj.protocol.a.result.AbstractResultsetRows::setOwner (6 bytes)
Event: 98.686 Thread 0x000001ee1f474070 nmethod 2601 0x000001ee12c85290 code [0x000001ee12c85420, 0x000001ee12c85538]
Event: 98.686 Thread 0x000001ee1f474070 2602       1       com.mysql.cj.protocol.a.result.AbstractResultsetRows::setMetadata (6 bytes)
Event: 98.686 Thread 0x000001ee1f474070 nmethod 2602 0x000001ee12c85590 code [0x000001ee12c85720, 0x000001ee12c85838]
Event: 98.686 Thread 0x000001ee1f474070 2603       1       com.mysql.cj.result.DefaultColumnDefinition::setColumnToIndexCache (6 bytes)
Event: 98.686 Thread 0x000001ee1f474070 nmethod 2603 0x000001ee12c85890 code [0x000001ee12c85a20, 0x000001ee12c85b38]
Event: 98.696 Thread 0x000001ee1f474070 2604       3       com.mysql.cj.protocol.a.NativeMessageBuilder::buildComQuery (10 bytes)
Event: 98.697 Thread 0x000001ee1f474070 nmethod 2604 0x000001ee0b5bb190 code [0x000001ee0b5bb360, 0x000001ee0b5bb688]
Event: 98.697 Thread 0x000001ee1f474070 2605       3       com.mysql.cj.protocol.a.NativeMessageBuilder::buildComQuery (40 bytes)
Event: 98.697 Thread 0x000001ee1f474070 nmethod 2605 0x000001ee0b5bb810 code [0x000001ee0b5bb9e0, 0x000001ee0b5bbdf8]
Event: 98.731 Thread 0x000001ee1f474070 2606       3       com.intellij.database.remote.jdba.jdbc.JdbcValueGetters::of (65 bytes)
Event: 98.732 Thread 0x000001ee1f474070 nmethod 2606 0x000001ee0b5bbf90 code [0x000001ee0b5bc200, 0x000001ee0b5bcc98]
Event: 98.732 Thread 0x000001ee1f474070 2607       3       com.intellij.database.remote.jdba.jdbc.JdbcValueGetters::find (73 bytes)
Event: 98.733 Thread 0x000001ee1f474070 nmethod 2607 0x000001ee0b5bd090 code [0x000001ee0b5bd300, 0x000001ee0b5bdde8]
Event: 98.743 Thread 0x000001ee1f474070 2609       3       com.mysql.cj.protocol.a.TextResultsetReader::read (325 bytes)

GC Heap History (4 events):
Event: 2.862 GC heap before
{Heap before GC invocations=0 (full 0):
 garbage-first heap   total 131072K, used 25600K [0x00000000d1200000, 0x0000000100000000)
  region size 1024K, 23 young (23552K), 0 survivors (0K)
 Metaspace       used 18462K, committed 18624K, reserved 1073152K
  class space    used 1856K, committed 1920K, reserved 1048576K
}
Event: 2.874 GC heap after
{Heap after GC invocations=1 (full 0):
 garbage-first heap   total 131072K, used 8586K [0x00000000d1200000, 0x0000000100000000)
  region size 1024K, 3 young (3072K), 3 survivors (3072K)
 Metaspace       used 18462K, committed 18624K, reserved 1073152K
  class space    used 1856K, committed 1920K, reserved 1048576K
}
Event: 4.928 GC heap before
{Heap before GC invocations=1 (full 0):
 garbage-first heap   total 131072K, used 31114K [0x00000000d1200000, 0x0000000100000000)
  region size 1024K, 25 young (25600K), 3 survivors (3072K)
 Metaspace       used 19976K, committed 20224K, reserved 1073152K
  class space    used 1973K, committed 2112K, reserved 1048576K
}
Event: 4.935 GC heap after
{Heap after GC invocations=2 (full 0):
 garbage-first heap   total 131072K, used 9228K [0x00000000d1200000, 0x0000000100000000)
  region size 1024K, 1 young (1024K), 1 survivors (1024K)
 Metaspace       used 19976K, committed 20224K, reserved 1073152K
  class space    used 1973K, committed 2112K, reserved 1048576K
}

Dll operation events (1 events):
Event: 0.026 Loaded shared library C:\Program Files\JetBrains\IntelliJ IDEA 2022.3.3\jbr\bin\java.dll

Deoptimization events (20 events):
Event: 51.833 Thread 0x000001ee1fb11d50 DEOPT PACKING pc=0x000001ee0b1b75e5 sp=0x000000d734afe320
Event: 51.833 Thread 0x000001ee1fb11d50 DEOPT UNPACKING pc=0x000001ee1260ace3 sp=0x000000d734afd770 mode 0
Event: 88.142 Thread 0x000001ee1fb11d50 DEOPT PACKING pc=0x000001ee0b3d8e50 sp=0x000000d734afe610
Event: 88.142 Thread 0x000001ee1fb11d50 DEOPT UNPACKING pc=0x000001ee1260ace3 sp=0x000000d734afda70 mode 0
Event: 88.318 Thread 0x000001ee1fb11d50 Uncommon trap: trap_request=0xffffffbe fr.pc=0x000001ee12c7857c relative=0x00000000000002dc
Event: 88.318 Thread 0x000001ee1fb11d50 Uncommon trap: reason=profile_predicate action=maybe_recompile pc=0x000001ee12c7857c method=sun.security.provider.HashDrbg.addBytes([BI[[B)V @ 36 c2
Event: 88.318 Thread 0x000001ee1fb11d50 DEOPT PACKING pc=0x000001ee12c7857c sp=0x000000d734afe5c0
Event: 88.318 Thread 0x000001ee1fb11d50 DEOPT UNPACKING pc=0x000001ee1260a1a3 sp=0x000000d734afe510 mode 2
Event: 88.318 Thread 0x000001ee1fb11d50 Uncommon trap: trap_request=0xffffffbe fr.pc=0x000001ee12c7857c relative=0x00000000000002dc
Event: 88.318 Thread 0x000001ee1fb11d50 Uncommon trap: reason=profile_predicate action=maybe_recompile pc=0x000001ee12c7857c method=sun.security.provider.HashDrbg.addBytes([BI[[B)V @ 36 c2
Event: 88.318 Thread 0x000001ee1fb11d50 DEOPT PACKING pc=0x000001ee12c7857c sp=0x000000d734afe5c0
Event: 88.318 Thread 0x000001ee1fb11d50 DEOPT UNPACKING pc=0x000001ee1260a1a3 sp=0x000000d734afe510 mode 2
Event: 88.334 Thread 0x000001ee1fb11d50 Uncommon trap: trap_request=0xffffffbe fr.pc=0x000001ee12c7857c relative=0x00000000000002dc
Event: 88.334 Thread 0x000001ee1fb11d50 Uncommon trap: reason=profile_predicate action=maybe_recompile pc=0x000001ee12c7857c method=sun.security.provider.HashDrbg.addBytes([BI[[B)V @ 36 c2
Event: 88.334 Thread 0x000001ee1fb11d50 DEOPT PACKING pc=0x000001ee12c7857c sp=0x000000d734afe620
Event: 88.334 Thread 0x000001ee1fb11d50 DEOPT UNPACKING pc=0x000001ee1260a1a3 sp=0x000000d734afe570 mode 2
Event: 88.334 Thread 0x000001ee1fb11d50 Uncommon trap: trap_request=0xffffffbe fr.pc=0x000001ee12c7857c relative=0x00000000000002dc
Event: 88.334 Thread 0x000001ee1fb11d50 Uncommon trap: reason=profile_predicate action=maybe_recompile pc=0x000001ee12c7857c method=sun.security.provider.HashDrbg.addBytes([BI[[B)V @ 36 c2
Event: 88.339 Thread 0x000001ee1fb11d50 DEOPT PACKING pc=0x000001ee12c7857c sp=0x000000d734afe620
Event: 88.339 Thread 0x000001ee1fb11d50 DEOPT UNPACKING pc=0x000001ee1260a1a3 sp=0x000000d734afe570 mode 2

Classes unloaded (0 events):
No events

Classes redefined (0 events):
No events

Internal exceptions (20 events):
Event: 2.174 Thread 0x000001ee1fb13a30 Exception <a 'java/lang/NoSuchMethodError'{0x00000000d887ec58}: 'java.lang.Object java.lang.invoke.DirectMethodHandle$Holder.newInvokeSpecial(java.lang.Object, java.lang.Object, int, java.lang.Object, long)'> (0x00000000d887ec58) 
thrown [s\src\hotspot\share\interpreter\linkResolver.cpp, line 771]
Event: 2.272 Thread 0x000001ee1fb11d50 Exception <a 'java/lang/NoSuchMethodError'{0x00000000d86ff890}: 'java.lang.Object java.lang.invoke.DirectMethodHandle$Holder.invokeInterface(java.lang.Object, java.lang.Object)'> (0x00000000d86ff890) 
thrown [s\src\hotspot\share\interpreter\linkResolver.cpp, line 771]
Event: 2.295 Thread 0x000001ee1fb11d50 Exception <a 'java/lang/NoSuchMethodError'{0x00000000d8576db8}: 'void java.lang.invoke.DirectMethodHandle$Holder.invokeSpecial(java.lang.Object, java.lang.Object, java.lang.Object)'> (0x00000000d8576db8) 
thrown [s\src\hotspot\share\interpreter\linkResolver.cpp, line 771]
Event: 2.297 Thread 0x000001ee1fb11d50 Exception <a 'java/lang/NoSuchMethodError'{0x00000000d857d7d8}: 'void java.lang.invoke.DirectMethodHandle$Holder.invokeStatic(java.lang.Object, java.lang.Object, java.lang.Object)'> (0x00000000d857d7d8) 
thrown [s\src\hotspot\share\interpreter\linkResolver.cpp, line 771]
Event: 2.298 Thread 0x000001ee1fb11d50 Exception <a 'java/lang/NoSuchMethodError'{0x00000000d8587bd8}: 'java.lang.Object java.lang.invoke.DirectMethodHandle$Holder.invokeVirtual(java.lang.Object, java.lang.Object, java.lang.Object)'> (0x00000000d8587bd8) 
thrown [s\src\hotspot\share\interpreter\linkResolver.cpp, line 771]
Event: 2.647 Thread 0x000001ee1fb11d50 Exception <a 'java/lang/NoSuchMethodError'{0x00000000d7c1d180}: 'void java.lang.invoke.DirectMethodHandle$Holder.invokeStaticInit(java.lang.Object, java.lang.Object)'> (0x00000000d7c1d180) 
thrown [s\src\hotspot\share\interpreter\linkResolver.cpp, line 771]
Event: 2.907 Thread 0x000001ee1fb11d50 Implicit null exception at 0x000001ee12b8a972 to 0x000001ee12b8b14c
Event: 2.908 Thread 0x000001ee1fb11d50 Implicit null exception at 0x000001ee12ba2172 to 0x000001ee12ba2934
Event: 3.017 Thread 0x000001ee1fb11d50 Exception <a 'java/lang/NoSuchMethodError'{0x00000000d8e62790}: static Lcom/intellij/database/remote/jdba/core/ConnectionInfo;.<clinit>()V> (0x00000000d8e62790) 
thrown [s\src\hotspot\share\prims\jni.cpp, line 1108]
Event: 3.020 Thread 0x000001ee1fb11d50 Exception <a 'java/lang/NoSuchMethodError'{0x00000000d8e6cb78}: static Ljava/lang/Object;.<clinit>()V> (0x00000000d8e6cb78) 
thrown [s\src\hotspot\share\prims\jni.cpp, line 1108]
Event: 3.020 Thread 0x000001ee1fb11d50 Exception <a 'java/lang/NoSuchMethodError'{0x00000000d8e70908}: static [I.<clinit>()V> (0x00000000d8e70908) 
thrown [s\src\hotspot\share\prims\jni.cpp, line 1108]
Event: 3.078 Thread 0x000001ee1fb11d50 Exception <a 'java/lang/NoSuchMethodError'{0x00000000d8d8e890}: static Lcom/intellij/database/remote/jdba/core/ResultLayout;.<clinit>()V> (0x00000000d8d8e890) 
thrown [s\src\hotspot\share\prims\jni.cpp, line 1108]
Event: 3.079 Thread 0x000001ee1fb11d50 Exception <a 'java/lang/NoSuchMethodError'{0x00000000d8d9af60}: static Lcom/intellij/database/remote/jdba/core/RowLayout;.<clinit>()V> (0x00000000d8d9af60) 
thrown [s\src\hotspot\share\prims\jni.cpp, line 1108]
Event: 3.080 Thread 0x000001ee1fb11d50 Exception <a 'java/lang/NoSuchMethodError'{0x00000000d8da5d28}: static Lcom/intellij/database/remote/jdba/util/NameAndClass;.<clinit>()V> (0x00000000d8da5d28) 
thrown [s\src\hotspot\share\prims\jni.cpp, line 1108]
Event: 3.149 Thread 0x000001ee1fb11d50 Exception <a 'java/lang/NoSuchMethodError'{0x00000000d8c62460}: static [Ljava/lang/String;.<clinit>()V> (0x00000000d8c62460) 
thrown [s\src\hotspot\share\prims\jni.cpp, line 1108]
Event: 3.290 Thread 0x000001ee1fb11d50 Exception <a 'java/lang/NoSuchMethodError'{0x00000000d8b42e90}: static [Ljava/lang/Object;.<clinit>()V> (0x00000000d8b42e90) 
thrown [s\src\hotspot\share\prims\jni.cpp, line 1108]
Event: 24.492 Thread 0x000001ee1fb11d50 Exception <a 'java/lang/reflect/InvocationTargetException'{0x00000000d8eafb18}> (0x00000000d8eafb18) 
thrown [s\src\hotspot\share\runtime\reflection.cpp, line 1127]
Event: 24.503 Thread 0x000001ee1fb11d50 Exception <a 'java/lang/NoSuchMethodError'{0x00000000d8ec6558}: static [Ljava/lang/StackTraceElement;.<clinit>()V> (0x00000000d8ec6558) 
thrown [s\src\hotspot\share\prims\jni.cpp, line 1108]
Event: 24.636 Thread 0x000001ee1fb11d50 Exception <a 'java/lang/NoSuchMethodError'{0x00000000d8d04960}: 'java.lang.Object java.lang.invoke.DirectMethodHandle$Holder.invokeSpecial(java.lang.Object, java.lang.Object, java.lang.Object, java.lang.Object, int)'> (0x00000000d8d04960) 
thrown [s\src\hotspot\share\interpreter\linkResolver.cpp, line 771]
Event: 24.636 Thread 0x000001ee1fb11d50 Exception <a 'java/lang/NoSuchMethodError'{0x00000000d8d08528}: 'java.lang.Object java.lang.invoke.Invokers$Holder.linkToTargetMethod(java.lang.Object, java.lang.Object, int, java.lang.Object)'> (0x00000000d8d08528) 
thrown [s\src\hotspot\share\interpreter\linkResolver.cpp, line 771]

VM Operations (20 events):
Event: 38.498 Executing VM operation: Cleanup
Event: 38.498 Executing VM operation: Cleanup done
Event: 51.504 Executing VM operation: Cleanup
Event: 51.504 Executing VM operation: Cleanup done
Event: 52.504 Executing VM operation: Cleanup
Event: 52.504 Executing VM operation: Cleanup done
Event: 74.517 Executing VM operation: Cleanup
Event: 74.517 Executing VM operation: Cleanup done
Event: 82.523 Executing VM operation: Cleanup
Event: 82.523 Executing VM operation: Cleanup done
Event: 83.523 Executing VM operation: Cleanup
Event: 83.523 Executing VM operation: Cleanup done
Event: 88.526 Executing VM operation: Cleanup
Event: 88.526 Executing VM operation: Cleanup done
Event: 90.526 Executing VM operation: Cleanup
Event: 90.526 Executing VM operation: Cleanup done
Event: 92.528 Executing VM operation: Cleanup
Event: 92.528 Executing VM operation: Cleanup done
Event: 98.530 Executing VM operation: Cleanup
Event: 98.530 Executing VM operation: Cleanup done

Events (20 events):
Event: 28.576 Thread 0x000001ee1fb12bc0 Thread exited: 0x000001ee1fb12bc0
Event: 30.296 Thread 0x000001ee1fb10ee0 Thread added: 0x000001ee1fb10ee0
Event: 30.297 Thread 0x000001ee1fb10ee0 Thread exited: 0x000001ee1fb10ee0
Event: 51.879 Thread 0x000001ee219f68b0 Thread added: 0x000001ee219f68b0
Event: 57.400 Thread 0x000001ee219f68b0 Thread exited: 0x000001ee219f68b0
Event: 61.088 Thread 0x000001ee1fb13560 Thread added: 0x000001ee1fb13560
Event: 61.088 Thread 0x000001ee1fb12220 Thread added: 0x000001ee1fb12220
Event: 61.089 Thread 0x000001ee1fb13560 Thread exited: 0x000001ee1fb13560
Event: 61.089 Thread 0x000001ee1fb12220 Thread exited: 0x000001ee1fb12220
Event: 82.351 Thread 0x000001ee05626900 Thread added: 0x000001ee05626900
Event: 82.704 Thread 0x000001ee05626900 Thread exited: 0x000001ee05626900
Event: 89.262 Thread 0x000001ee1fb12bc0 Thread added: 0x000001ee1fb12bc0
Event: 89.264 Thread 0x000001ee1fb10ee0 Thread added: 0x000001ee1fb10ee0
Event: 89.264 Thread 0x000001ee1fb12bc0 Thread exited: 0x000001ee1fb12bc0
Event: 89.264 Thread 0x000001ee1fb11880 Thread added: 0x000001ee1fb11880
Event: 89.270 Thread 0x000001ee1fb10ee0 Thread exited: 0x000001ee1fb10ee0
Event: 89.272 Thread 0x000001ee1fb11880 Thread exited: 0x000001ee1fb11880
Event: 92.144 loading class java/util/IdentityHashMap$KeyIterator
Event: 92.145 loading class java/util/IdentityHashMap$KeyIterator done
Event: 92.145 Thread 0x000001ee1fb10070 Thread exited: 0x000001ee1fb10070


Dynamic libraries:
0x00007ff78be10000 - 0x00007ff78be1a000 	C:\Program Files\JetBrains\IntelliJ IDEA 2022.3.3\jbr\bin\java.exe
0x00007ff960350000 - 0x00007ff960548000 	C:\WINDOWS\SYSTEM32\ntdll.dll
0x00007ff960250000 - 0x00007ff96030d000 	C:\WINDOWS\System32\KERNEL32.DLL
0x00007ff95da80000 - 0x00007ff95dd76000 	C:\WINDOWS\System32\KERNELBASE.dll
0x00007ff95df10000 - 0x00007ff95e010000 	C:\WINDOWS\System32\ucrtbase.dll
0x00007ff92fee0000 - 0x00007ff92fef7000 	C:\Program Files\JetBrains\IntelliJ IDEA 2022.3.3\jbr\bin\jli.dll
0x00007ff95f8a0000 - 0x00007ff95fa3e000 	C:\WINDOWS\System32\USER32.dll
0x00007ff95da20000 - 0x00007ff95da42000 	C:\WINDOWS\System32\win32u.dll
0x00007ff95e700000 - 0x00007ff95e72c000 	C:\WINDOWS\System32\GDI32.dll
0x00007ff95e170000 - 0x00007ff95e28a000 	C:\WINDOWS\System32\gdi32full.dll
0x00007ff95e300000 - 0x00007ff95e39d000 	C:\WINDOWS\System32\msvcp_win.dll
0x00007ff93cc10000 - 0x00007ff93ceaa000 	C:\WINDOWS\WinSxS\amd64_microsoft.windows.common-controls_6595b64144ccf1df_6.0.19041.3636_none_60b6a03d71f818d5\COMCTL32.dll
0x00007ff95f4f0000 - 0x00007ff95f58e000 	C:\WINDOWS\System32\msvcrt.dll
0x00007ff93c6e0000 - 0x00007ff93c6fb000 	C:\Program Files\JetBrains\IntelliJ IDEA 2022.3.3\jbr\bin\VCRUNTIME140.dll
0x00007ff95e5a0000 - 0x00007ff95e5d0000 	C:\WINDOWS\System32\IMM32.DLL
0x00007ff9546f0000 - 0x00007ff9546fc000 	C:\Program Files\JetBrains\IntelliJ IDEA 2022.3.3\jbr\bin\vcruntime140_1.dll
0x00007ff913c00000 - 0x00007ff913c8d000 	C:\Program Files\JetBrains\IntelliJ IDEA 2022.3.3\jbr\bin\msvcp140.dll
0x00007ff900320000 - 0x00007ff900f8d000 	C:\Program Files\JetBrains\IntelliJ IDEA 2022.3.3\jbr\bin\server\jvm.dll
0x00007ff960190000 - 0x00007ff960243000 	C:\WINDOWS\System32\ADVAPI32.dll
0x00007ff95efe0000 - 0x00007ff95f07f000 	C:\WINDOWS\System32\sechost.dll
0x00007ff95e5d0000 - 0x00007ff95e6f6000 	C:\WINDOWS\System32\RPCRT4.dll
0x00007ff95da50000 - 0x00007ff95da77000 	C:\WINDOWS\System32\bcrypt.dll
0x00007ff93fe40000 - 0x00007ff93fe67000 	C:\WINDOWS\SYSTEM32\WINMM.dll
0x00007ff952c70000 - 0x00007ff952c7a000 	C:\WINDOWS\SYSTEM32\VERSION.dll
0x00007ff9381c0000 - 0x00007ff9381c9000 	C:\WINDOWS\SYSTEM32\WSOCK32.dll
0x00007ff95e930000 - 0x00007ff95e99b000 	C:\WINDOWS\System32\WS2_32.dll
0x00007ff95c220000 - 0x00007ff95c232000 	C:\WINDOWS\SYSTEM32\kernel.appcore.dll
0x00007ff954d80000 - 0x00007ff954d8a000 	C:\Program Files\JetBrains\IntelliJ IDEA 2022.3.3\jbr\bin\jimage.dll
0x00007ff958740000 - 0x00007ff958924000 	C:\WINDOWS\SYSTEM32\DBGHELP.DLL
0x00007ff9386a0000 - 0x00007ff9386d4000 	C:\WINDOWS\SYSTEM32\dbgcore.DLL
0x00007ff95de30000 - 0x00007ff95deb2000 	C:\WINDOWS\System32\bcryptPrimitives.dll
0x00007ff93e5e0000 - 0x00007ff93e605000 	C:\Program Files\JetBrains\IntelliJ IDEA 2022.3.3\jbr\bin\java.dll
0x00007ff940cd0000 - 0x00007ff940ce8000 	C:\Program Files\JetBrains\IntelliJ IDEA 2022.3.3\jbr\bin\zip.dll
0x00007ff95fa40000 - 0x00007ff960185000 	C:\WINDOWS\System32\SHELL32.dll
0x00007ff958930000 - 0x00007ff9590cb000 	C:\WINDOWS\SYSTEM32\windows.storage.dll
0x00007ff95e9a0000 - 0x00007ff95ecf4000 	C:\WINDOWS\System32\combase.dll
0x00007ff95d300000 - 0x00007ff95d32d000 	C:\WINDOWS\SYSTEM32\Wldp.dll
0x00007ff95ed10000 - 0x00007ff95edbd000 	C:\WINDOWS\System32\SHCORE.dll
0x00007ff95ef80000 - 0x00007ff95efd5000 	C:\WINDOWS\System32\shlwapi.dll
0x00007ff95d950000 - 0x00007ff95d975000 	C:\WINDOWS\SYSTEM32\profapi.dll
0x00007ff93b630000 - 0x00007ff93b649000 	C:\Program Files\JetBrains\IntelliJ IDEA 2022.3.3\jbr\bin\net.dll
0x00007ff951470000 - 0x00007ff95157a000 	C:\WINDOWS\SYSTEM32\WINHTTP.dll
0x00007ff95d080000 - 0x00007ff95d0ea000 	C:\WINDOWS\system32\mswsock.dll
0x00007ff93b5c0000 - 0x00007ff93b5d6000 	C:\Program Files\JetBrains\IntelliJ IDEA 2022.3.3\jbr\bin\nio.dll
0x00007ff9171d0000 - 0x00007ff917363000 	C:\Program Files\JetBrains\IntelliJ IDEA 2022.3.3\jbr\bin\awt.dll
0x00007ff95f740000 - 0x00007ff95f80d000 	C:\WINDOWS\System32\OLEAUT32.dll
0x00007ff958190000 - 0x00007ff9581bf000 	C:\WINDOWS\SYSTEM32\dwmapi.dll
0x00007ff957eb0000 - 0x00007ff957f40000 	C:\WINDOWS\SYSTEM32\apphelp.dll
0x00007ff957fb0000 - 0x00007ff95804e000 	C:\WINDOWS\system32\uxtheme.dll
0x0000000180000000 - 0x0000000180043000 	C:\Program Files\Fasoo DRM\f_nxa.dll
0x0000000061000000 - 0x00000000611da000 	C:\Program Files\Fasoo DRM\f_sps.dll
0x00007ff95e470000 - 0x00007ff95e59b000 	C:\WINDOWS\System32\ole32.dll
0x00007ff93c6d0000 - 0x00007ff93c6d7000 	C:\WINDOWS\SYSTEM32\msimg32.dll
0x00007ff93c620000 - 0x00007ff93c6c5000 	C:\WINDOWS\SYSTEM32\winspool.drv
0x00007ff95e910000 - 0x00007ff95e918000 	C:\WINDOWS\System32\psapi.dll
0x00007ff955ce0000 - 0x00007ff955cf4000 	C:\WINDOWS\SYSTEM32\wtsapi32.dll
0x00007ff95caf0000 - 0x00007ff95cb23000 	C:\WINDOWS\SYSTEM32\ntmarta.dll
0x00007ff95e730000 - 0x00007ff95e844000 	C:\WINDOWS\System32\MSCTF.dll
0x00007ff95cd90000 - 0x00007ff95cdcb000 	C:\WINDOWS\SYSTEM32\IPHLPAPI.DLL
0x00007ff95ed00000 - 0x00007ff95ed08000 	C:\WINDOWS\System32\NSI.dll
0x00007ff952c40000 - 0x00007ff952c57000 	C:\WINDOWS\SYSTEM32\dhcpcsvc6.DLL
0x00007ff953200000 - 0x00007ff95321d000 	C:\WINDOWS\SYSTEM32\dhcpcsvc.DLL
0x00007ff95cdd0000 - 0x00007ff95ce9a000 	C:\WINDOWS\SYSTEM32\DNSAPI.dll
0x00007ff95d3b0000 - 0x00007ff95d3c8000 	C:\WINDOWS\SYSTEM32\CRYPTSP.dll
0x00007ff95c9d0000 - 0x00007ff95ca04000 	C:\WINDOWS\system32\rsaenh.dll
0x00007ff95d910000 - 0x00007ff95d93e000 	C:\WINDOWS\SYSTEM32\USERENV.dll
0x00007ff95d270000 - 0x00007ff95d27c000 	C:\WINDOWS\SYSTEM32\CRYPTBASE.dll
0x00007ff93b620000 - 0x00007ff93b627000 	C:\Program Files\JetBrains\IntelliJ IDEA 2022.3.3\jbr\bin\rmi.dll
0x00007ff9532a0000 - 0x00007ff9532aa000 	C:\Windows\System32\rasadhlp.dll
0x00007ff94e120000 - 0x00007ff94e1a0000 	C:\WINDOWS\System32\fwpuclnt.dll

dbghelp: loaded successfully - version: 4.0.5 - missing functions: none
symbol engine: initialized successfully - sym options: 0x614 - pdb path: .;C:\Program Files\JetBrains\IntelliJ IDEA 2022.3.3\jbr\bin;C:\WINDOWS\SYSTEM32;C:\WINDOWS\WinSxS\amd64_microsoft.windows.common-controls_6595b64144ccf1df_6.0.19041.3636_none_60b6a03d71f818d5;C:\Program Files\JetBrains\IntelliJ IDEA 2022.3.3\jbr\bin\server;C:\Program Files\Fasoo DRM

VM Arguments:
jvm_args: -Dawt.toolkit=com.intellij.desktop.DesktopActionsToolkit -Djava.rmi.server.hostname=127.0.0.1 -Duser.timezone=UTC -Xmx750m -Xms128m --add-exports=java.desktop/sun.awt=ALL-UNNAMED --add-exports=java.desktop/java.awt.peer=ALL-UNNAMED --add-opens=java.desktop/java.awt=ALL-UNNAMED --add-opens=jdk.unsupported/sun.misc=ALL-UNNAMED --add-opens=java.base/java.nio=ALL-UNNAMED --add-opens=java.base/java.util=ALL-UNNAMED -Dfile.encoding=UTF-8 
java_command: com.intellij.database.remote.RemoteJdbcServer com.mysql.cj.jdbc.Driver
java_class_path (initial): C:\Program Files\JetBrains\IntelliJ IDEA 2022.3.3\lib\util_rt.jar;C:\Program Files\JetBrains\IntelliJ IDEA 2022.3.3\lib\3rd-party-rt.jar;C:\Program Files\JetBrains\IntelliJ IDEA 2022.3.3\lib\groovy.jar;C:\Program Files\JetBrains\IntelliJ IDEA 2022.3.3\plugins\DatabaseTools\lib\jdbc-console.jar;C:\Program Files\JetBrains\IntelliJ IDEA 2022.3.3\plugins\grid-core-impl\lib\jdbc-console-types.jar;C:\Users\com\AppData\Roaming\JetBrains\IntelliJIdea2022.3\jdbc-drivers\MySQL ConnectorJ\8.0.25\mysql-connector-java-8.0.25.jar
Launcher Type: SUN_STANDARD

[Global flags]
     intx CICompilerCount                          = 4                                         {product} {ergonomic}
     uint ConcGCThreads                            = 2                                         {product} {ergonomic}
     uint G1ConcRefinementThreads                  = 8                                         {product} {ergonomic}
   size_t G1HeapRegionSize                         = 1048576                                   {product} {ergonomic}
    uintx GCDrainStackTargetSize                   = 64                                        {product} {ergonomic}
   size_t InitialHeapSize                          = 134217728                                 {product} {command line}
   size_t MarkStackSize                            = 4194304                                   {product} {ergonomic}
   size_t MaxHeapSize                              = 786432000                                 {product} {command line}
   size_t MaxNewSize                               = 471859200                                 {product} {ergonomic}
   size_t MinHeapDeltaBytes                        = 1048576                                   {product} {ergonomic}
   size_t MinHeapSize                              = 134217728                                 {product} {command line}
    uintx NonNMethodCodeHeapSize                   = 5839372                                {pd product} {ergonomic}
    uintx NonProfiledCodeHeapSize                  = 122909434                              {pd product} {ergonomic}
    uintx ProfiledCodeHeapSize                     = 122909434                              {pd product} {ergonomic}
    uintx ReservedCodeCacheSize                    = 251658240                              {pd product} {ergonomic}
     bool SegmentedCodeCache                       = true                                      {product} {ergonomic}
   size_t SoftMaxHeapSize                          = 786432000                              {manageable} {ergonomic}
     bool UseCompressedClassPointers               = true                           {product lp64_product} {ergonomic}
     bool UseCompressedOops                        = true                           {product lp64_product} {ergonomic}
     bool UseG1GC                                  = true                                      {product} {ergonomic}
     bool UseLargePagesIndividualAllocation        = false                                  {pd product} {ergonomic}

Logging:
Log output configuration:
 #0: stdout all=warning uptime,level,tags
 #1: stderr all=off uptime,level,tags

Environment Variables:
JAVA_HOME=C:\dev\jdk-11.0.17
CLASSPATH=.;C:\dev\jdk-11.0.17\lib\tools.jar;
PATH=C:\app\com\product\11.2.0\dbhome_1\bin;C:\Program Files\Common Files\Oracle\Java\javapath;C:\app\com\product\18.0.0\dbhomeXE\bin;C:\Program Files (x86)\Common Files\Oracle\Java\javapath;C:\WINDOWS\system32;C:\WINDOWS;C:\WINDOWS\System32\Wbem;C:\WINDOWS\System32\WindowsPowerShell\v1.0\;C:\WINDOWS\System32\OpenSSH\;C:\dev\jdk-11.0.17\bin\;C:\Users\com\AppData\Roaming\Python\Python39\Scripts;C:\php;C:\Program Files\PuTTY\;C:\dev\apache-tomcat-9.0.71;C:\dev\apache-maven-3.9.0\bin;C:\dev\jdk-11.0.17\bin;C:\dev\jdk-11.0.17;C:\Program Files\Docker\Docker\resources\bin;C:\Users\com\AppData\Roaming\nvm;C:\Program Files\nodejs;C:\Program Files\Git\cmd;C:\Program Files\nodejs\;C:\Program Files (x86)\ePapyrus\Papyrus-PlugIn-web;C:\Program Files (x86)\ePapyrus\Papyrus-PlugIn-web\Addins;C:\Users\com\AppData\Local\Programs\Python\Python311\Scripts\;C:\Users\com\AppData\Local\Programs\Python\Python311\;C:\Users\com\AppData\Local\Programs\Python\Launcher\;C:\Users\com\AppData\Local\Programs\Python\Python38\Scripts\;C:\Users\com\AppData\Local\Programs\Python\Python38\;C:\Program Files\MySQL\MySQL Shell 8.0\bin\;C:\Users\com\AppData\Local\Programs\Python\Python310\Scripts\;C:\Users\com\AppData\Local\Programs\Python\Python310\;C:\Users\com\AppData\Local\Microsoft\WindowsApps;C:\Program Files\JetBrains\PyCharm Community Edition 2021.3\bin;C:\Users\com\AppData\Local\Programs\Microsoft VS Code\bin;C:\Program Files\Java\jdk-19\bin;C:\Program Files\JetBrains\IntelliJ IDEA Community Edition 2022.3.1\bin;C:\Program Files\JetBrains\IntelliJ IDEA 2022.3.3\bin;C:\Users\com\AppData\Local\atom\bin;C:\Users\com\AppData\Roaming\npm;C:\ProgramData\Anaconda3\Library\bin
USERNAME=com
OS=Windows_NT
PROCESSOR_IDENTIFIER=Intel64 Family 6 Model 126 Stepping 5, GenuineIntel
TMP=C:\Users\com\AppData\Local\Temp
TEMP=C:\Users\com\AppData\Local\Temp



---------------  S Y S T E M  ---------------

OS:
 Windows 10 , 64 bit Build 19041 (10.0.19041.3636)
OS uptime: 1 days 9:57 hours
Hyper-V role detected

CPU: total 8 (initial active 8) (4 cores per cpu, 2 threads per core) family 6 model 126 stepping 5 microcode 0x56, cx8, cmov, fxsr, ht, mmx, 3dnowpref, sse, sse2, sse3, ssse3, sse4.1, sse4.2, popcnt, lzcnt, tsc, tscinvbit, avx, avx2, aes, erms, clmul, bmi1, bmi2, adx, avx512f, avx512dq, avx512cd, avx512bw, avx512vl, sha, fma, vzeroupper, avx512_vpopcntdq, avx512_vpclmulqdq, avx512_vaes, avx512_vnni, clflush, clflushopt, avx512_vbmi2, avx512_vbmi, hv

Memory: 4k page, system-wide physical 7973M (374M free)
TotalPageFile size 28083M (AvailPageFile size 4M)
current process WorkingSet (physical memory assigned to process): 109M, peak: 113M
current process commit charge ("private bytes"): 241M, peak: 257M

vm_info: OpenJDK 64-Bit Server VM (17.0.6+1-b653.34) for windows-amd64 JRE (17.0.6+1-b653.34), built on 2023-02-24 by "builduser" with MS VC++ 16.10 / 16.11 (VS2019)

END.
